ARM GAS  C:\Users\ktkuru\AppData\Local\Temp\ccNmg1If.s 			page 1


   1              		.cpu cortex-m4
   2              		.arch armv7e-m
   3              		.fpu fpv4-sp-d16
   4              		.eabi_attribute 27, 1
   5              		.eabi_attribute 28, 1
   6              		.eabi_attribute 20, 1
   7              		.eabi_attribute 21, 1
   8              		.eabi_attribute 23, 3
   9              		.eabi_attribute 24, 1
  10              		.eabi_attribute 25, 1
  11              		.eabi_attribute 26, 1
  12              		.eabi_attribute 30, 1
  13              		.eabi_attribute 34, 1
  14              		.eabi_attribute 18, 4
  15              		.file	"bsp.c"
  16              		.text
  17              		.section	.text.LED_Init,"ax",%progbits
  18              		.align	1
  19              		.global	LED_Init
  20              		.syntax unified
  21              		.thumb
  22              		.thumb_func
  24              	LED_Init:
  25              		@ args = 0, pretend = 0, frame = 0
  26              		@ frame_needed = 0, uses_anonymous_args = 0
  27              		@ link register save eliminated.
  28 0000 084A     		ldr	r2, .L2
  29 0002 136B     		ldr	r3, [r2, #48]
  30 0004 43F02003 		orr	r3, r3, #32
  31 0008 1363     		str	r3, [r2, #48]
  32 000a 074B     		ldr	r3, .L2+4
  33 000c 1A68     		ldr	r2, [r3]
  34 000e 42F48022 		orr	r2, r2, #262144
  35 0012 1A60     		str	r2, [r3]
  36 0014 DA68     		ldr	r2, [r3, #12]
  37 0016 DA60     		str	r2, [r3, #12]
  38 0018 1A8B     		ldrh	r2, [r3, #24]
  39 001a 92B2     		uxth	r2, r2
  40 001c 42F40072 		orr	r2, r2, #512
  41 0020 1A83     		strh	r2, [r3, #24]	@ movhi
  42 0022 7047     		bx	lr
  43              	.L3:
  44              		.align	2
  45              	.L2:
  46 0024 00380240 		.word	1073887232
  47 0028 00140240 		.word	1073878016
  49              		.section	.text.GPIO_Config,"ax",%progbits
  50              		.align	1
  51              		.global	GPIO_Config
  52              		.syntax unified
  53              		.thumb
  54              		.thumb_func
  56              	GPIO_Config:
  57              		@ args = 0, pretend = 0, frame = 8
  58              		@ frame_needed = 0, uses_anonymous_args = 0
  59 0000 00B5     		push	{lr}
  60 0002 83B0     		sub	sp, sp, #12
ARM GAS  C:\Users\ktkuru\AppData\Local\Temp\ccNmg1If.s 			page 2


  61 0004 0091     		str	r1, [sp]
  62 0006 8DF80420 		strb	r2, [sp, #4]
  63 000a 8DF80730 		strb	r3, [sp, #7]
  64 000e 0323     		movs	r3, #3
  65 0010 8DF80530 		strb	r3, [sp, #5]
  66 0014 0023     		movs	r3, #0
  67 0016 8DF80630 		strb	r3, [sp, #6]
  68 001a 6946     		mov	r1, sp
  69 001c FFF7FEFF 		bl	GPIO_Init
  70 0020 03B0     		add	sp, sp, #12
  71              		@ sp needed
  72 0022 5DF804FB 		ldr	pc, [sp], #4
  74              		.section	.text.EXIT15_Init,"ax",%progbits
  75              		.align	1
  76              		.global	EXIT15_Init
  77              		.syntax unified
  78              		.thumb
  79              		.thumb_func
  81              	EXIT15_Init:
  82              		@ args = 0, pretend = 0, frame = 16
  83              		@ frame_needed = 0, uses_anonymous_args = 0
  84 0000 70B5     		push	{r4, r5, r6, lr}
  85 0002 84B0     		sub	sp, sp, #16
  86 0004 0121     		movs	r1, #1
  87 0006 4020     		movs	r0, #64
  88 0008 FFF7FEFF 		bl	RCC_AHB1PeriphClockCmd
  89 000c 0121     		movs	r1, #1
  90 000e 4FF48040 		mov	r0, #16384
  91 0012 FFF7FEFF 		bl	RCC_APB2PeriphClockCmd
  92 0016 0F21     		movs	r1, #15
  93 0018 0620     		movs	r0, #6
  94 001a FFF7FEFF 		bl	SYSCFG_EXTILineConfig
  95 001e 4FF40046 		mov	r6, #32768
  96 0022 0296     		str	r6, [sp, #8]
  97 0024 0025     		movs	r5, #0
  98 0026 8DF80C50 		strb	r5, [sp, #12]
  99 002a 0323     		movs	r3, #3
 100 002c 8DF80D30 		strb	r3, [sp, #13]
 101 0030 0124     		movs	r4, #1
 102 0032 8DF80F40 		strb	r4, [sp, #15]
 103 0036 02A9     		add	r1, sp, #8
 104 0038 0748     		ldr	r0, .L8
 105 003a FFF7FEFF 		bl	GPIO_Init
 106 003e 0096     		str	r6, [sp]
 107 0040 8DF80450 		strb	r5, [sp, #4]
 108 0044 0823     		movs	r3, #8
 109 0046 8DF80530 		strb	r3, [sp, #5]
 110 004a 8DF80640 		strb	r4, [sp, #6]
 111 004e 6846     		mov	r0, sp
 112 0050 FFF7FEFF 		bl	EXTI_Init
 113 0054 04B0     		add	sp, sp, #16
 114              		@ sp needed
 115 0056 70BD     		pop	{r4, r5, r6, pc}
 116              	.L9:
 117              		.align	2
 118              	.L8:
 119 0058 00180240 		.word	1073879040
ARM GAS  C:\Users\ktkuru\AppData\Local\Temp\ccNmg1If.s 			page 3


 121              		.section	.text.TIM2_Init,"ax",%progbits
 122              		.align	1
 123              		.global	TIM2_Init
 124              		.syntax unified
 125              		.thumb
 126              		.thumb_func
 128              	TIM2_Init:
 129              		@ args = 0, pretend = 0, frame = 16
 130              		@ frame_needed = 0, uses_anonymous_args = 0
 131 0000 10B5     		push	{r4, lr}
 132 0002 84B0     		sub	sp, sp, #16
 133 0004 0446     		mov	r4, r0
 134 0006 0121     		movs	r1, #1
 135 0008 0846     		mov	r0, r1
 136 000a FFF7FEFF 		bl	RCC_APB1PeriphClockCmd
 137 000e 4FF47A73 		mov	r3, #1000
 138 0012 03FB04F4 		mul	r4, r3, r4
 139 0016 013C     		subs	r4, r4, #1
 140 0018 0294     		str	r4, [sp, #8]
 141 001a 5323     		movs	r3, #83
 142 001c ADF80430 		strh	r3, [sp, #4]	@ movhi
 143 0020 0023     		movs	r3, #0
 144 0022 ADF80C30 		strh	r3, [sp, #12]	@ movhi
 145 0026 ADF80630 		strh	r3, [sp, #6]	@ movhi
 146 002a 01A9     		add	r1, sp, #4
 147 002c 4FF08040 		mov	r0, #1073741824
 148 0030 FFF7FEFF 		bl	TIM_TimeBaseInit
 149 0034 0122     		movs	r2, #1
 150 0036 1146     		mov	r1, r2
 151 0038 4FF08040 		mov	r0, #1073741824
 152 003c FFF7FEFF 		bl	TIM_ITConfig
 153 0040 0121     		movs	r1, #1
 154 0042 4FF08040 		mov	r0, #1073741824
 155 0046 FFF7FEFF 		bl	TIM_Cmd
 156 004a 04B0     		add	sp, sp, #16
 157              		@ sp needed
 158 004c 10BD     		pop	{r4, pc}
 160              		.section	.rodata.BSP_Init.str1.4,"aMS",%progbits,1
 161              		.align	2
 162              	.LC0:
 163 0000 70657269 		.ascii	"peripheral init start......\000"
 163      70686572 
 163      616C2069 
 163      6E697420 
 163      73746172 
 164              		.align	2
 165              	.LC1:
 166 001c 2D3E4465 		.ascii	"->Delay Init done\000"
 166      6C617920 
 166      496E6974 
 166      20646F6E 
 166      6500
 167 002e 0000     		.align	2
 168              	.LC2:
 169 0030 2D3E4E56 		.ascii	"->NVIC Init  done\000"
 169      49432049 
 169      6E697420 
ARM GAS  C:\Users\ktkuru\AppData\Local\Temp\ccNmg1If.s 			page 4


 169      20646F6E 
 169      6500
 170 0042 0000     		.align	2
 171              	.LC3:
 172 0044 2D3E4C45 		.ascii	"->LED Init  done\000"
 172      4420496E 
 172      69742020 
 172      646F6E65 
 172      00
 173 0055 000000   		.align	2
 174              	.LC4:
 175 0058 2D3E4D6F 		.ascii	"->Motor Init  done\000"
 175      746F7220 
 175      496E6974 
 175      2020646F 
 175      6E6500
 176 006b 00       		.align	2
 177              	.LC5:
 178 006c 77696174 		.ascii	"wiat for init\000"
 178      20666F72 
 178      20696E69 
 178      7400
 179 007a 0000     		.align	2
 180              	.LC6:
 181 007c 2D3E4F4C 		.ascii	"->OLED Init done\000"
 181      45442049 
 181      6E697420 
 181      646F6E65 
 181      00
 182 008d 000000   		.align	2
 183              	.LC7:
 184 0090 2D3E4750 		.ascii	"->GPIOF Init done\000"
 184      494F4620 
 184      496E6974 
 184      20646F6E 
 184      6500
 185 00a2 0000     		.align	2
 186              	.LC8:
 187 00a4 2A2A2A2A 		.ascii	"****MPU6050 init failed return:%d\012\000"
 187      4D505536 
 187      30353020 
 187      696E6974 
 187      20666169 
 188 00c7 00       		.align	2
 189              	.LC9:
 190 00c8 2D3E4D50 		.ascii	"->MPU6050 init success\000"
 190      55363035 
 190      3020696E 
 190      69742073 
 190      75636365 
 191 00df 00       		.align	2
 192              	.LC10:
 193 00e0 2A2A2A2A 		.ascii	"**************MPU6050 DMP init failed******>>Reset "
 193      2A2A2A2A 
 193      2A2A2A2A 
 193      2A2A4D50 
 193      55363035 
ARM GAS  C:\Users\ktkuru\AppData\Local\Temp\ccNmg1If.s 			page 5


 194 0113 616E6420 		.ascii	"and Retry or Cheak\000"
 194      52657472 
 194      79206F72 
 194      20436865 
 194      616B00
 195 0126 0000     		.align	2
 196              	.LC11:
 197 0128 2D3E4D50 		.ascii	"->MPU6050 DMP init success\000"
 197      55363035 
 197      3020444D 
 197      5020696E 
 197      69742073 
 198 0143 00       		.align	2
 199              	.LC12:
 200 0144 2D3E4554 		.ascii	"->ETIT15 Init done\000"
 200      49543135 
 200      20496E69 
 200      7420646F 
 200      6E6500
 201 0157 00       		.align	2
 202              	.LC13:
 203 0158 2D3E5449 		.ascii	"->TIM2 Init done\000"
 203      4D322049 
 203      6E697420 
 203      646F6E65 
 203      00
 204              		.section	.text.BSP_Init,"ax",%progbits
 205              		.align	1
 206              		.global	BSP_Init
 207              		.syntax unified
 208              		.thumb
 209              		.thumb_func
 211              	BSP_Init:
 212              		@ args = 0, pretend = 0, frame = 0
 213              		@ frame_needed = 0, uses_anonymous_args = 0
 214 0000 08B5     		push	{r3, lr}
 215 0002 4FF4E130 		mov	r0, #115200
 216 0006 FFF7FEFF 		bl	usart1_init
 217 000a 4FF41650 		mov	r0, #9600
 218 000e FFF7FEFF 		bl	usart2_init
 219 0012 2E48     		ldr	r0, .L21
 220 0014 FFF7FEFF 		bl	puts
 221 0018 5420     		movs	r0, #84
 222 001a FFF7FEFF 		bl	delay_init
 223 001e 2C48     		ldr	r0, .L21+4
 224 0020 FFF7FEFF 		bl	puts
 225 0024 FFF7FEFF 		bl	BSP_NVIC_IT_Config
 226 0028 2A48     		ldr	r0, .L21+8
 227 002a FFF7FEFF 		bl	puts
 228 002e FFF7FEFF 		bl	LED_Init
 229 0032 2948     		ldr	r0, .L21+12
 230 0034 FFF7FEFF 		bl	puts
 231 0038 FFF7FEFF 		bl	Motor_PWM_TIM8_Init
 232 003c 2748     		ldr	r0, .L21+16
 233 003e FFF7FEFF 		bl	puts
 234 0042 FFF7FEFF 		bl	OLED_Init
 235 0046 264B     		ldr	r3, .L21+20
ARM GAS  C:\Users\ktkuru\AppData\Local\Temp\ccNmg1If.s 			page 6


 236 0048 0822     		movs	r2, #8
 237 004a 0021     		movs	r1, #0
 238 004c 0846     		mov	r0, r1
 239 004e FFF7FEFF 		bl	OLED_Printf
 240 0052 FFF7FEFF 		bl	OLED_Update
 241 0056 2348     		ldr	r0, .L21+24
 242 0058 FFF7FEFF 		bl	puts
 243 005c 0023     		movs	r3, #0
 244 005e 0122     		movs	r2, #1
 245 0060 FF21     		movs	r1, #255
 246 0062 2148     		ldr	r0, .L21+28
 247 0064 FFF7FEFF 		bl	GPIO_Config
 248 0068 2048     		ldr	r0, .L21+32
 249 006a FFF7FEFF 		bl	puts
 250 006e 1420     		movs	r0, #20
 251 0070 FFF7FEFF 		bl	delay_ms
 252 0074 FFF7FEFF 		bl	MPU_Init
 253 0078 98B9     		cbnz	r0, .L18
 254 007a 1D48     		ldr	r0, .L21+36
 255 007c FFF7FEFF 		bl	puts
 256 0080 FFF7FEFF 		bl	mpu_dmp_init
 257 0084 A8B9     		cbnz	r0, .L19
 258 0086 1B48     		ldr	r0, .L21+40
 259 0088 FFF7FEFF 		bl	puts
 260 008c FFF7FEFF 		bl	EXIT15_Init
 261 0090 1948     		ldr	r0, .L21+44
 262 0092 FFF7FEFF 		bl	puts
 263 0096 194B     		ldr	r3, .L21+48
 264 0098 1B78     		ldrb	r3, [r3]	@ zero_extendqisi2
 265 009a 052B     		cmp	r3, #5
 266 009c 0ED0     		beq	.L20
 267 009e 0020     		movs	r0, #0
 268              	.L12:
 269 00a0 08BD     		pop	{r3, pc}
 270              	.L18:
 271 00a2 FFF7FEFF 		bl	MPU_Init
 272 00a6 0146     		mov	r1, r0
 273 00a8 1548     		ldr	r0, .L21+52
 274 00aa FFF7FEFF 		bl	printf
 275 00ae 0120     		movs	r0, #1
 276 00b0 F6E7     		b	.L12
 277              	.L19:
 278 00b2 1448     		ldr	r0, .L21+56
 279 00b4 FFF7FEFF 		bl	puts
 280 00b8 0220     		movs	r0, #2
 281 00ba F1E7     		b	.L12
 282              	.L20:
 283 00bc 0320     		movs	r0, #3
 284 00be FFF7FEFF 		bl	TIM2_Init
 285 00c2 1148     		ldr	r0, .L21+60
 286 00c4 FFF7FEFF 		bl	puts
 287 00c8 0020     		movs	r0, #0
 288 00ca E9E7     		b	.L12
 289              	.L22:
 290              		.align	2
 291              	.L21:
 292 00cc 00000000 		.word	.LC0
ARM GAS  C:\Users\ktkuru\AppData\Local\Temp\ccNmg1If.s 			page 7


 293 00d0 1C000000 		.word	.LC1
 294 00d4 30000000 		.word	.LC2
 295 00d8 44000000 		.word	.LC3
 296 00dc 58000000 		.word	.LC4
 297 00e0 6C000000 		.word	.LC5
 298 00e4 7C000000 		.word	.LC6
 299 00e8 00140240 		.word	1073878016
 300 00ec 90000000 		.word	.LC7
 301 00f0 C8000000 		.word	.LC9
 302 00f4 28010000 		.word	.LC11
 303 00f8 44010000 		.word	.LC12
 304 00fc 00000000 		.word	mode
 305 0100 A4000000 		.word	.LC8
 306 0104 E0000000 		.word	.LC10
 307 0108 58010000 		.word	.LC13
 309              		.section	.text.ADC_Config,"ax",%progbits
 310              		.align	1
 311              		.global	ADC_Config
 312              		.syntax unified
 313              		.thumb
 314              		.thumb_func
 316              	ADC_Config:
 317              		@ args = 0, pretend = 0, frame = 56
 318              		@ frame_needed = 0, uses_anonymous_args = 0
 319 0000 70B5     		push	{r4, r5, r6, lr}
 320 0002 8EB0     		sub	sp, sp, #56
 321 0004 0121     		movs	r1, #1
 322 0006 4FF48070 		mov	r0, #256
 323 000a FFF7FEFF 		bl	RCC_APB2PeriphClockCmd
 324 000e 0121     		movs	r1, #1
 325 0010 0846     		mov	r0, r1
 326 0012 FFF7FEFF 		bl	RCC_AHB1PeriphClockCmd
 327 0016 0223     		movs	r3, #2
 328 0018 0293     		str	r3, [sp, #8]
 329 001a 0323     		movs	r3, #3
 330 001c 8DF80C30 		strb	r3, [sp, #12]
 331 0020 0025     		movs	r5, #0
 332 0022 8DF80F50 		strb	r5, [sp, #15]
 333 0026 02A9     		add	r1, sp, #8
 334 0028 1D48     		ldr	r0, .L25
 335 002a FFF7FEFF 		bl	GPIO_Init
 336 002e 0895     		str	r5, [sp, #32]
 337 0030 8DF82450 		strb	r5, [sp, #36]
 338 0034 0124     		movs	r4, #1
 339 0036 8DF82540 		strb	r4, [sp, #37]
 340 003a 0A95     		str	r5, [sp, #40]
 341 003c 0C95     		str	r5, [sp, #48]
 342 003e 8DF83440 		strb	r4, [sp, #52]
 343 0042 184E     		ldr	r6, .L25+4
 344 0044 08A9     		add	r1, sp, #32
 345 0046 3046     		mov	r0, r6
 346 0048 FFF7FEFF 		bl	ADC_Init
 347 004c 0723     		movs	r3, #7
 348 004e 2246     		mov	r2, r4
 349 0050 2146     		mov	r1, r4
 350 0052 3046     		mov	r0, r6
 351 0054 FFF7FEFF 		bl	ADC_RegularChannelConfig
ARM GAS  C:\Users\ktkuru\AppData\Local\Temp\ccNmg1If.s 			page 8


 352 0058 0495     		str	r5, [sp, #16]
 353 005a 4FF48033 		mov	r3, #65536
 354 005e 0593     		str	r3, [sp, #20]
 355 0060 0695     		str	r5, [sp, #24]
 356 0062 0795     		str	r5, [sp, #28]
 357 0064 04A8     		add	r0, sp, #16
 358 0066 FFF7FEFF 		bl	ADC_CommonInit
 359 006a 2146     		mov	r1, r4
 360 006c 3046     		mov	r0, r6
 361 006e FFF7FEFF 		bl	ADC_Cmd
 362 0072 3046     		mov	r0, r6
 363 0074 FFF7FEFF 		bl	ADC_SoftwareStartConv
 364 0078 2246     		mov	r2, r4
 365 007a 40F20521 		movw	r1, #517
 366 007e 3046     		mov	r0, r6
 367 0080 FFF7FEFF 		bl	ADC_ITConfig
 368 0084 1223     		movs	r3, #18
 369 0086 8DF80430 		strb	r3, [sp, #4]
 370 008a 8DF80540 		strb	r4, [sp, #5]
 371 008e 8DF80640 		strb	r4, [sp, #6]
 372 0092 8DF80740 		strb	r4, [sp, #7]
 373 0096 01A8     		add	r0, sp, #4
 374 0098 FFF7FEFF 		bl	NVIC_Init
 375 009c 0EB0     		add	sp, sp, #56
 376              		@ sp needed
 377 009e 70BD     		pop	{r4, r5, r6, pc}
 378              	.L26:
 379              		.align	2
 380              	.L25:
 381 00a0 00000240 		.word	1073872896
 382 00a4 00200140 		.word	1073815552
 384              		.global	__aeabi_f2d
 385              		.global	__aeabi_ddiv
 386              		.global	__aeabi_dmul
 387              		.global	__aeabi_d2uiz
 388              		.section	.text.ADCvalue_convert,"ax",%progbits
 389              		.align	1
 390              		.global	ADCvalue_convert
 391              		.syntax unified
 392              		.thumb
 393              		.thumb_func
 395              	ADCvalue_convert:
 396              		@ args = 0, pretend = 0, frame = 0
 397              		@ frame_needed = 0, uses_anonymous_args = 0
 398 0000 08B5     		push	{r3, lr}
 399 0002 07EE900A 		vmov	s15, r0	@ int
 400 0006 F8EE677A 		vcvt.f32.u32	s15, s15
 401 000a 17EE900A 		vmov	r0, s15
 402 000e FFF7FEFF 		bl	__aeabi_f2d
 403 0012 08A3     		adr	r3, .L29+4
 404 0014 D3E90023 		ldrd	r2, [r3]
 405 0018 FFF7FEFF 		bl	__aeabi_ddiv
 406 001c 0022     		movs	r2, #0
 407 001e 044B     		ldr	r3, .L29
 408 0020 FFF7FEFF 		bl	__aeabi_dmul
 409 0024 FFF7FEFF 		bl	__aeabi_d2uiz
 410 0028 80B2     		uxth	r0, r0
ARM GAS  C:\Users\ktkuru\AppData\Local\Temp\ccNmg1If.s 			page 9


 411 002a 08BD     		pop	{r3, pc}
 412              	.L30:
 413 002c AFF30080 		.align	3
 414              	.L29:
 415 0030 00807640 		.word	1081507840
 416 0034 00000000 		.word	0
 417 0038 004EA840 		.word	1084771840
 419              		.section	.rodata.ADC_IRQHandler.str1.4,"aMS",%progbits,1
 420              		.align	2
 421              	.LC14:
 422 0000 41444320 		.ascii	"ADC value: %d\012\000"
 422      76616C75 
 422      653A2025 
 422      640A00
 423              		.section	.text.ADC_IRQHandler,"ax",%progbits
 424              		.align	1
 425              		.global	ADC_IRQHandler
 426              		.syntax unified
 427              		.thumb
 428              		.thumb_func
 430              	ADC_IRQHandler:
 431              		@ args = 0, pretend = 0, frame = 0
 432              		@ frame_needed = 0, uses_anonymous_args = 0
 433 0000 10B5     		push	{r4, lr}
 434 0002 40F20521 		movw	r1, #517
 435 0006 0D48     		ldr	r0, .L35
 436 0008 FFF7FEFF 		bl	ADC_GetITStatus
 437 000c 00B9     		cbnz	r0, .L34
 438              	.L31:
 439 000e 10BD     		pop	{r4, pc}
 440              	.L34:
 441 0010 0A4C     		ldr	r4, .L35
 442 0012 40F20521 		movw	r1, #517
 443 0016 2046     		mov	r0, r4
 444 0018 FFF7FEFF 		bl	ADC_ClearITPendingBit
 445 001c 2046     		mov	r0, r4
 446 001e FFF7FEFF 		bl	ADC_GetConversionValue
 447 0022 074B     		ldr	r3, .L35+4
 448 0024 1880     		strh	r0, [r3]	@ movhi
 449 0026 074B     		ldr	r3, .L35+8
 450 0028 4FF46162 		mov	r2, #3600
 451 002c 5A63     		str	r2, [r3, #52]
 452 002e FFF7FEFF 		bl	ADCvalue_convert
 453 0032 0146     		mov	r1, r0
 454 0034 0448     		ldr	r0, .L35+12
 455 0036 FFF7FEFF 		bl	printf
 456 003a E8E7     		b	.L31
 457              	.L36:
 458              		.align	2
 459              	.L35:
 460 003c 00200140 		.word	1073815552
 461 0040 00000000 		.word	adcValue.0
 462 0044 00000140 		.word	1073807360
 463 0048 00000000 		.word	.LC14
 465              		.section	.text.function_goto,"ax",%progbits
 466              		.align	1
 467              		.global	function_goto
ARM GAS  C:\Users\ktkuru\AppData\Local\Temp\ccNmg1If.s 			page 10


 468              		.syntax unified
 469              		.thumb
 470              		.thumb_func
 472              	function_goto:
 473              		@ args = 0, pretend = 0, frame = 0
 474              		@ frame_needed = 0, uses_anonymous_args = 0
 475              		@ link register save eliminated.
 476              		.syntax unified
 477              	@ 246 "HARDWARE/BSP/bsp.c" 1
 478 0000 0046     		mov r0,r0 
 479 0002 0047     		bx r0     
 480              		
 481              	@ 0 "" 2
 482              		.thumb
 483              		.syntax unified
 484 0004 7047     		bx	lr
 486              		.section	.bss.adcValue.0,"aw",%nobits
 487              		.align	1
 490              	adcValue.0:
 491 0000 0000     		.space	2
 492              		.ident	"GCC: (Arm GNU Toolchain 13.3.Rel1 (Build arm-13.24)) 13.3.1 20240614"
ARM GAS  C:\Users\ktkuru\AppData\Local\Temp\ccNmg1If.s 			page 11


DEFINED SYMBOLS
                            *ABS*:00000000 bsp.c
C:\Users\ktkuru\AppData\Local\Temp\ccNmg1If.s:18     .text.LED_Init:00000000 $t
C:\Users\ktkuru\AppData\Local\Temp\ccNmg1If.s:24     .text.LED_Init:00000000 LED_Init
C:\Users\ktkuru\AppData\Local\Temp\ccNmg1If.s:46     .text.LED_Init:00000024 $d
C:\Users\ktkuru\AppData\Local\Temp\ccNmg1If.s:50     .text.GPIO_Config:00000000 $t
C:\Users\ktkuru\AppData\Local\Temp\ccNmg1If.s:56     .text.GPIO_Config:00000000 GPIO_Config
C:\Users\ktkuru\AppData\Local\Temp\ccNmg1If.s:75     .text.EXIT15_Init:00000000 $t
C:\Users\ktkuru\AppData\Local\Temp\ccNmg1If.s:81     .text.EXIT15_Init:00000000 EXIT15_Init
C:\Users\ktkuru\AppData\Local\Temp\ccNmg1If.s:119    .text.EXIT15_Init:00000058 $d
C:\Users\ktkuru\AppData\Local\Temp\ccNmg1If.s:122    .text.TIM2_Init:00000000 $t
C:\Users\ktkuru\AppData\Local\Temp\ccNmg1If.s:128    .text.TIM2_Init:00000000 TIM2_Init
C:\Users\ktkuru\AppData\Local\Temp\ccNmg1If.s:161    .rodata.BSP_Init.str1.4:00000000 $d
C:\Users\ktkuru\AppData\Local\Temp\ccNmg1If.s:205    .text.BSP_Init:00000000 $t
C:\Users\ktkuru\AppData\Local\Temp\ccNmg1If.s:211    .text.BSP_Init:00000000 BSP_Init
C:\Users\ktkuru\AppData\Local\Temp\ccNmg1If.s:292    .text.BSP_Init:000000cc $d
C:\Users\ktkuru\AppData\Local\Temp\ccNmg1If.s:310    .text.ADC_Config:00000000 $t
C:\Users\ktkuru\AppData\Local\Temp\ccNmg1If.s:316    .text.ADC_Config:00000000 ADC_Config
C:\Users\ktkuru\AppData\Local\Temp\ccNmg1If.s:381    .text.ADC_Config:000000a0 $d
C:\Users\ktkuru\AppData\Local\Temp\ccNmg1If.s:389    .text.ADCvalue_convert:00000000 $t
C:\Users\ktkuru\AppData\Local\Temp\ccNmg1If.s:395    .text.ADCvalue_convert:00000000 ADCvalue_convert
C:\Users\ktkuru\AppData\Local\Temp\ccNmg1If.s:415    .text.ADCvalue_convert:00000030 $d
C:\Users\ktkuru\AppData\Local\Temp\ccNmg1If.s:420    .rodata.ADC_IRQHandler.str1.4:00000000 $d
C:\Users\ktkuru\AppData\Local\Temp\ccNmg1If.s:424    .text.ADC_IRQHandler:00000000 $t
C:\Users\ktkuru\AppData\Local\Temp\ccNmg1If.s:430    .text.ADC_IRQHandler:00000000 ADC_IRQHandler
C:\Users\ktkuru\AppData\Local\Temp\ccNmg1If.s:460    .text.ADC_IRQHandler:0000003c $d
C:\Users\ktkuru\AppData\Local\Temp\ccNmg1If.s:490    .bss.adcValue.0:00000000 adcValue.0
C:\Users\ktkuru\AppData\Local\Temp\ccNmg1If.s:466    .text.function_goto:00000000 $t
C:\Users\ktkuru\AppData\Local\Temp\ccNmg1If.s:472    .text.function_goto:00000000 function_goto
C:\Users\ktkuru\AppData\Local\Temp\ccNmg1If.s:487    .bss.adcValue.0:00000000 $d

UNDEFINED SYMBOLS
GPIO_Init
RCC_AHB1PeriphClockCmd
RCC_APB2PeriphClockCmd
SYSCFG_EXTILineConfig
EXTI_Init
RCC_APB1PeriphClockCmd
TIM_TimeBaseInit
TIM_ITConfig
TIM_Cmd
usart1_init
usart2_init
puts
delay_init
BSP_NVIC_IT_Config
Motor_PWM_TIM8_Init
OLED_Init
OLED_Printf
OLED_Update
delay_ms
MPU_Init
mpu_dmp_init
printf
mode
ADC_Init
ADC_RegularChannelConfig
ARM GAS  C:\Users\ktkuru\AppData\Local\Temp\ccNmg1If.s 			page 12


ADC_CommonInit
ADC_Cmd
ADC_SoftwareStartConv
ADC_ITConfig
NVIC_Init
__aeabi_f2d
__aeabi_ddiv
__aeabi_dmul
__aeabi_d2uiz
ADC_GetITStatus
ADC_ClearITPendingBit
ADC_GetConversionValue
