ARM GAS  C:\Users\ktkuru\AppData\Local\Temp\ccmPVPfk.s 			page 1


   1              		.cpu cortex-m4
   2              		.arch armv7e-m
   3              		.fpu fpv4-sp-d16
   4              		.eabi_attribute 27, 1
   5              		.eabi_attribute 28, 1
   6              		.eabi_attribute 20, 1
   7              		.eabi_attribute 21, 1
   8              		.eabi_attribute 23, 3
   9              		.eabi_attribute 24, 1
  10              		.eabi_attribute 25, 1
  11              		.eabi_attribute 26, 1
  12              		.eabi_attribute 30, 1
  13              		.eabi_attribute 34, 1
  14              		.eabi_attribute 18, 4
  15              		.file	"control.c"
  16              		.text
  17              		.global	__aeabi_f2d
  18              		.global	__aeabi_dmul
  19              		.global	__aeabi_d2f
  20              		.global	__aeabi_ddiv
  21              		.section	.text.GetPolar,"ax",%progbits
  22              		.align	1
  23              		.global	GetPolar
  24              		.syntax unified
  25              		.thumb
  26              		.thumb_func
  28              	GetPolar:
  29              		@ args = 0, pretend = 0, frame = 0
  30              		@ frame_needed = 0, uses_anonymous_args = 0
  31 0000 08B5     		push	{r3, lr}
  32 0002 2DED068B 		vpush.64	{d8, d9, d10}
  33 0006 F0EE408A 		vmov.f32	s17, s0
  34 000a B0EE608A 		vmov.f32	s16, s1
  35 000e B5EEC00A 		vcmpe.f32	s0, #0
  36 0012 F1EE10FA 		vmrs	APSR_nzcv, FPSCR
  37 0016 00F19E80 		bmi	.L34
  38 001a F0EE407A 		vmov.f32	s15, s0
  39              	.L2:
  40 001e B5EEC08A 		vcmpe.f32	s16, #0
  41 0022 F1EE10FA 		vmrs	APSR_nzcv, FPSCR
  42 0026 00F19980 		bmi	.L35
  43 002a F0EE489A 		vmov.f32	s19, s16
  44              	.L4:
  45 002e 9FED64AA 		vldr.32	s20, .L39+8
  46 0032 C7EE8A7A 		vdiv.f32	s15, s15, s20
  47 0036 17EE900A 		vmov	r0, s15
  48 003a FFF7FEFF 		bl	__aeabi_f2d
  49 003e 5EA3     		adr	r3, .L39
  50 0040 D3E90023 		ldrd	r2, [r3]
  51 0044 FFF7FEFF 		bl	__aeabi_dmul
  52 0048 FFF7FEFF 		bl	__aeabi_d2f
  53 004c 09EE100A 		vmov	s18, r0
  54 0050 C9EE8A7A 		vdiv.f32	s15, s19, s20
  55 0054 17EE900A 		vmov	r0, s15
  56 0058 FFF7FEFF 		bl	__aeabi_f2d
  57 005c 56A3     		adr	r3, .L39
  58 005e D3E90023 		ldrd	r2, [r3]
ARM GAS  C:\Users\ktkuru\AppData\Local\Temp\ccmPVPfk.s 			page 2


  59 0062 FFF7FEFF 		bl	__aeabi_dmul
  60 0066 FFF7FEFF 		bl	__aeabi_d2f
  61 006a 09EE900A 		vmov	s19, r0
  62 006e B0EE490A 		vmov.f32	s0, s18
  63 0072 FFF7FEFF 		bl	tanf
  64 0076 B0EE409A 		vmov.f32	s18, s0
  65 007a 60EE00AA 		vmul.f32	s21, s0, s0
  66 007e B0EE690A 		vmov.f32	s0, s19
  67 0082 FFF7FEFF 		bl	tanf
  68 0086 F0EE409A 		vmov.f32	s19, s0
  69 008a 20EE000A 		vmul.f32	s0, s0, s0
  70 008e 3AEE800A 		vadd.f32	s0, s21, s0
  71 0092 FFF7FEFF 		bl	sqrtf
  72 0096 FFF7FEFF 		bl	atanf
  73 009a 10EE100A 		vmov	r0, s0
  74 009e FFF7FEFF 		bl	__aeabi_f2d
  75 00a2 0022     		movs	r2, #0
  76 00a4 474B     		ldr	r3, .L39+12
  77 00a6 FFF7FEFF 		bl	__aeabi_dmul
  78 00aa 43A3     		adr	r3, .L39
  79 00ac D3E90023 		ldrd	r2, [r3]
  80 00b0 FFF7FEFF 		bl	__aeabi_ddiv
  81 00b4 FFF7FEFF 		bl	__aeabi_d2f
  82 00b8 07EE900A 		vmov	s15, r0
  83 00bc 424B     		ldr	r3, .L39+16
  84 00be 1860     		str	r0, [r3]	@ float
  85 00c0 C7EE8A7A 		vdiv.f32	s15, s15, s20
  86 00c4 17EE900A 		vmov	r0, s15
  87 00c8 FFF7FEFF 		bl	__aeabi_f2d
  88 00cc 3AA3     		adr	r3, .L39
  89 00ce D3E90023 		ldrd	r2, [r3]
  90 00d2 FFF7FEFF 		bl	__aeabi_dmul
  91 00d6 FFF7FEFF 		bl	__aeabi_d2f
  92 00da 00EE100A 		vmov	s0, r0
  93 00de FFF7FEFF 		bl	tanf
  94 00e2 DFED3A7A 		vldr.32	s15, .L39+20
  95 00e6 20EE27AA 		vmul.f32	s20, s0, s15
  96 00ea 394B     		ldr	r3, .L39+24
  97 00ec 83ED00AA 		vstr.32	s20, [r3]
  98 00f0 89EE890A 		vdiv.f32	s0, s19, s18
  99 00f4 FFF7FEFF 		bl	atanf
 100 00f8 10EE100A 		vmov	r0, s0
 101 00fc FFF7FEFF 		bl	__aeabi_f2d
 102 0100 0022     		movs	r2, #0
 103 0102 304B     		ldr	r3, .L39+12
 104 0104 FFF7FEFF 		bl	__aeabi_dmul
 105 0108 2BA3     		adr	r3, .L39
 106 010a D3E90023 		ldrd	r2, [r3]
 107 010e FFF7FEFF 		bl	__aeabi_ddiv
 108 0112 FFF7FEFF 		bl	__aeabi_d2f
 109 0116 07EE900A 		vmov	s15, r0
 110 011a 2E4B     		ldr	r3, .L39+28
 111 011c 1860     		str	r0, [r3]	@ float
 112 011e B5EEC08A 		vcmpe.f32	s16, #0
 113 0122 F1EE10FA 		vmrs	APSR_nzcv, FPSCR
 114 0126 1CD4     		bmi	.L36
 115              	.L6:
ARM GAS  C:\Users\ktkuru\AppData\Local\Temp\ccmPVPfk.s 			page 3


 116 0128 B5EEC08A 		vcmpe.f32	s16, #0
 117 012c F1EE10FA 		vmrs	APSR_nzcv, FPSCR
 118 0130 1EDD     		ble	.L10
 119 0132 F5EEC08A 		vcmpe.f32	s17, #0
 120 0136 F1EE10FA 		vmrs	APSR_nzcv, FPSCR
 121 013a 30D4     		bmi	.L37
 122 013c F5EEC08A 		vcmpe.f32	s17, #0
 123 0140 F1EE10FA 		vmrs	APSR_nzcv, FPSCR
 124 0144 14DD     		ble	.L10
 125 0146 9FED247A 		vldr.32	s14, .L39+32
 126 014a 77EE677A 		vsub.f32	s15, s14, s15
 127 014e 234B     		ldr	r3, .L39+36
 128 0150 C3ED007A 		vstr.32	s15, [r3]
 129 0154 0CE0     		b	.L10
 130              	.L34:
 131 0156 F1EE407A 		vneg.f32	s15, s0
 132 015a 60E7     		b	.L2
 133              	.L35:
 134 015c F1EE489A 		vneg.f32	s19, s16
 135 0160 65E7     		b	.L4
 136              	.L36:
 137 0162 F5EEC08A 		vcmpe.f32	s17, #0
 138 0166 F1EE10FA 		vmrs	APSR_nzcv, FPSCR
 139 016a 0BDD     		ble	.L31
 140 016c 1B4B     		ldr	r3, .L39+36
 141 016e 1860     		str	r0, [r3]	@ float
 142              	.L10:
 143 0170 F7EE007A 		vmov.f32	s15, #1.0e+0
 144 0174 B4EEE7AA 		vcmpe.f32	s20, s15
 145 0178 F1EE10FA 		vmrs	APSR_nzcv, FPSCR
 146 017c 17D4     		bmi	.L38
 147              	.L1:
 148 017e BDEC068B 		vldm	sp!, {d8-d10}
 149 0182 08BD     		pop	{r3, pc}
 150              	.L31:
 151 0184 F5EEC08A 		vcmpe.f32	s17, #0
 152 0188 F1EE10FA 		vmrs	APSR_nzcv, FPSCR
 153 018c CCD5     		bpl	.L6
 154 018e 9FED0C7A 		vldr.32	s14, .L39+8
 155 0192 77EE677A 		vsub.f32	s15, s14, s15
 156 0196 114B     		ldr	r3, .L39+36
 157 0198 C3ED007A 		vstr.32	s15, [r3]
 158 019c E8E7     		b	.L10
 159              	.L37:
 160 019e 9FED087A 		vldr.32	s14, .L39+8
 161 01a2 77EE877A 		vadd.f32	s15, s15, s14
 162 01a6 0D4B     		ldr	r3, .L39+36
 163 01a8 C3ED007A 		vstr.32	s15, [r3]
 164 01ac E0E7     		b	.L10
 165              	.L38:
 166 01ae 0B4B     		ldr	r3, .L39+36
 167 01b0 0022     		movs	r2, #0
 168 01b2 1A60     		str	r2, [r3]	@ float
 169 01b4 E3E7     		b	.L1
 170              	.L40:
 171 01b6 00BF     		.align	3
 172              	.L39:
ARM GAS  C:\Users\ktkuru\AppData\Local\Temp\ccmPVPfk.s 			page 4


 173 01b8 4AD8124D 		.word	1293080650
 174 01bc FB210940 		.word	1074340347
 175 01c0 00003443 		.word	1127481344
 176 01c4 00806640 		.word	1080459264
 177 01c8 00000000 		.word	def
 178 01cc 0000AC42 		.word	1118568448
 179 01d0 00000000 		.word	dis
 180 01d4 00000000 		.word	Opolar
 181 01d8 0000B443 		.word	1135869952
 182 01dc 00000000 		.word	polar
 184              		.global	__aeabi_dcmplt
 185              		.section	.text.PidControl_Stop,"ax",%progbits
 186              		.align	1
 187              		.global	PidControl_Stop
 188              		.syntax unified
 189              		.thumb
 190              		.thumb_func
 192              	PidControl_Stop:
 193              		@ args = 0, pretend = 0, frame = 0
 194              		@ frame_needed = 0, uses_anonymous_args = 0
 195 0000 08B5     		push	{r3, lr}
 196 0002 2DED028B 		vpush.64	{d8}
 197 0006 30EEC08A 		vsub.f32	s16, s1, s0
 198 000a 2D4B     		ldr	r3, .L53+8
 199 000c 83ED008A 		vstr.32	s16, [r3]
 200 0010 2C4B     		ldr	r3, .L53+12
 201 0012 D3ED007A 		vldr.32	s15, [r3]
 202 0016 77EE887A 		vadd.f32	s15, s15, s16
 203 001a C3ED007A 		vstr.32	s15, [r3]
 204 001e 2A4B     		ldr	r3, .L53+16
 205 0020 1868     		ldr	r0, [r3]	@ float
 206 0022 FFF7FEFF 		bl	__aeabi_f2d
 207 0026 24A3     		adr	r3, .L53
 208 0028 D3E90023 		ldrd	r2, [r3]
 209 002c FFF7FEFF 		bl	__aeabi_dcmplt
 210 0030 10B1     		cbz	r0, .L42
 211 0032 244B     		ldr	r3, .L53+12
 212 0034 0022     		movs	r2, #0
 213 0036 1A60     		str	r2, [r3]	@ float
 214              	.L42:
 215 0038 224B     		ldr	r3, .L53+12
 216 003a D3ED007A 		vldr.32	s15, [r3]
 217 003e 9FED237A 		vldr.32	s14, .L53+20
 218 0042 F4EEC77A 		vcmpe.f32	s15, s14
 219 0046 F1EE10FA 		vmrs	APSR_nzcv, FPSCR
 220 004a 27D5     		bpl	.L51
 221 004c 83ED007A 		vstr.32	s14, [r3]
 222              	.L46:
 223 0050 1F4B     		ldr	r3, .L53+24
 224 0052 D3ED007A 		vldr.32	s15, [r3]
 225 0056 78EE677A 		vsub.f32	s15, s16, s15
 226 005a 1E4A     		ldr	r2, .L53+28
 227 005c C2ED007A 		vstr.32	s15, [r2]
 228 0060 1D4A     		ldr	r2, .L53+32
 229 0062 92ED000A 		vldr.32	s0, [r2]
 230 0066 28EE000A 		vmul.f32	s0, s16, s0
 231 006a 1C4A     		ldr	r2, .L53+36
ARM GAS  C:\Users\ktkuru\AppData\Local\Temp\ccmPVPfk.s 			page 5


 232 006c 92ED007A 		vldr.32	s14, [r2]
 233 0070 144A     		ldr	r2, .L53+12
 234 0072 D2ED006A 		vldr.32	s13, [r2]
 235 0076 27EE267A 		vmul.f32	s14, s14, s13
 236 007a 30EE070A 		vadd.f32	s0, s0, s14
 237 007e 184A     		ldr	r2, .L53+40
 238 0080 92ED007A 		vldr.32	s14, [r2]
 239 0084 67EE877A 		vmul.f32	s15, s15, s14
 240 0088 30EE270A 		vadd.f32	s0, s0, s15
 241 008c 154A     		ldr	r2, .L53+44
 242 008e 82ED000A 		vstr.32	s0, [r2]
 243 0092 83ED008A 		vstr.32	s16, [r3]
 244 0096 BDEC028B 		vldm	sp!, {d8}
 245 009a 08BD     		pop	{r3, pc}
 246              	.L51:
 247 009c 9FED127A 		vldr.32	s14, .L53+48
 248 00a0 F4EEC77A 		vcmpe.f32	s15, s14
 249 00a4 F1EE10FA 		vmrs	APSR_nzcv, FPSCR
 250 00a8 D2DD     		ble	.L46
 251 00aa 064B     		ldr	r3, .L53+12
 252 00ac 83ED007A 		vstr.32	s14, [r3]
 253 00b0 CEE7     		b	.L46
 254              	.L54:
 255 00b2 00BFAFF3 		.align	3
 255      0080
 256              	.L53:
 257 00b8 9A999999 		.word	-1717986918
 258 00bc 9999E93F 		.word	1072273817
 259 00c0 00000000 		.word	T4Serror.13
 260 00c4 00000000 		.word	T4Sintegral.12
 261 00c8 00000000 		.word	def
 262 00cc 004003C6 		.word	-972865536
 263 00d0 00000000 		.word	T4SlastError.9
 264 00d4 00000000 		.word	T4Sderivative.8
 265 00d8 00000000 		.word	T4SKp
 266 00dc 00000000 		.word	T4SKi
 267 00e0 00000000 		.word	T4SKd
 268 00e4 00000000 		.word	output.7
 269 00e8 00400346 		.word	1174618112
 271              		.section	.text.PidControl_LineMove,"ax",%progbits
 272              		.align	1
 273              		.global	PidControl_LineMove
 274              		.syntax unified
 275              		.thumb
 276              		.thumb_func
 278              	PidControl_LineMove:
 279              		@ args = 0, pretend = 0, frame = 0
 280              		@ frame_needed = 0, uses_anonymous_args = 0
 281 0000 08B5     		push	{r3, lr}
 282 0002 2DED028B 		vpush.64	{d8}
 283 0006 30EEC08A 		vsub.f32	s16, s1, s0
 284 000a 2D4B     		ldr	r3, .L67+8
 285 000c 83ED008A 		vstr.32	s16, [r3]
 286 0010 2C4B     		ldr	r3, .L67+12
 287 0012 D3ED007A 		vldr.32	s15, [r3]
 288 0016 77EE887A 		vadd.f32	s15, s15, s16
 289 001a C3ED007A 		vstr.32	s15, [r3]
ARM GAS  C:\Users\ktkuru\AppData\Local\Temp\ccmPVPfk.s 			page 6


 290 001e 2A4B     		ldr	r3, .L67+16
 291 0020 1868     		ldr	r0, [r3]	@ float
 292 0022 FFF7FEFF 		bl	__aeabi_f2d
 293 0026 24A3     		adr	r3, .L67
 294 0028 D3E90023 		ldrd	r2, [r3]
 295 002c FFF7FEFF 		bl	__aeabi_dcmplt
 296 0030 10B1     		cbz	r0, .L56
 297 0032 244B     		ldr	r3, .L67+12
 298 0034 0022     		movs	r2, #0
 299 0036 1A60     		str	r2, [r3]	@ float
 300              	.L56:
 301 0038 224B     		ldr	r3, .L67+12
 302 003a D3ED007A 		vldr.32	s15, [r3]
 303 003e 9FED237A 		vldr.32	s14, .L67+20
 304 0042 F4EEC77A 		vcmpe.f32	s15, s14
 305 0046 F1EE10FA 		vmrs	APSR_nzcv, FPSCR
 306 004a 27D5     		bpl	.L65
 307 004c 83ED007A 		vstr.32	s14, [r3]
 308              	.L60:
 309 0050 1F4B     		ldr	r3, .L67+24
 310 0052 D3ED007A 		vldr.32	s15, [r3]
 311 0056 78EE677A 		vsub.f32	s15, s16, s15
 312 005a 1E4A     		ldr	r2, .L67+28
 313 005c C2ED007A 		vstr.32	s15, [r2]
 314 0060 1D4A     		ldr	r2, .L67+32
 315 0062 92ED000A 		vldr.32	s0, [r2]
 316 0066 28EE000A 		vmul.f32	s0, s16, s0
 317 006a 1C4A     		ldr	r2, .L67+36
 318 006c 92ED007A 		vldr.32	s14, [r2]
 319 0070 144A     		ldr	r2, .L67+12
 320 0072 D2ED006A 		vldr.32	s13, [r2]
 321 0076 27EE267A 		vmul.f32	s14, s14, s13
 322 007a 30EE070A 		vadd.f32	s0, s0, s14
 323 007e 184A     		ldr	r2, .L67+40
 324 0080 92ED007A 		vldr.32	s14, [r2]
 325 0084 67EE877A 		vmul.f32	s15, s15, s14
 326 0088 30EE270A 		vadd.f32	s0, s0, s15
 327 008c 154A     		ldr	r2, .L67+44
 328 008e 82ED000A 		vstr.32	s0, [r2]
 329 0092 83ED008A 		vstr.32	s16, [r3]
 330 0096 BDEC028B 		vldm	sp!, {d8}
 331 009a 08BD     		pop	{r3, pc}
 332              	.L65:
 333 009c 9FED127A 		vldr.32	s14, .L67+48
 334 00a0 F4EEC77A 		vcmpe.f32	s15, s14
 335 00a4 F1EE10FA 		vmrs	APSR_nzcv, FPSCR
 336 00a8 D2DD     		ble	.L60
 337 00aa 064B     		ldr	r3, .L67+12
 338 00ac 83ED007A 		vstr.32	s14, [r3]
 339 00b0 CEE7     		b	.L60
 340              	.L68:
 341 00b2 00BFAFF3 		.align	3
 341      0080
 342              	.L67:
 343 00b8 9A999999 		.word	-1717986918
 344 00bc 9999E93F 		.word	1072273817
 345 00c0 00000000 		.word	T1Lerror.6
ARM GAS  C:\Users\ktkuru\AppData\Local\Temp\ccmPVPfk.s 			page 7


 346 00c4 00000000 		.word	T1Lintegral.5
 347 00c8 00000000 		.word	def
 348 00cc 004003C6 		.word	-972865536
 349 00d0 00000000 		.word	T1LlastError.2
 350 00d4 00000000 		.word	T1Lderivative.1
 351 00d8 00000000 		.word	T1LKp
 352 00dc 00000000 		.word	T1LKi
 353 00e0 00000000 		.word	T1LKd
 354 00e4 00000000 		.word	output.0
 355 00e8 00400346 		.word	1174618112
 357              		.section	.rodata.Motor_PWM_TIM8_Init.str1.4,"aMS",%progbits,1
 358              		.align	2
 359              	.LC0:
 360 0000 2D3E4D6F 		.ascii	"->Motor->TIM8_OC1_OC2_OC3_OC4 Init  done\000"
 360      746F722D 
 360      3E54494D 
 360      385F4F43 
 360      315F4F43 
 361 0029 000000   		.align	2
 362              	.LC1:
 363 002c 2D3E4D6F 		.ascii	"->Motor->TIM1_TIM8 Enable  done\000"
 363      746F722D 
 363      3E54494D 
 363      315F5449 
 363      4D382045 
 364              		.section	.text.Motor_PWM_TIM8_Init,"ax",%progbits
 365              		.align	1
 366              		.global	Motor_PWM_TIM8_Init
 367              		.syntax unified
 368              		.thumb
 369              		.thumb_func
 371              	Motor_PWM_TIM8_Init:
 372              		@ args = 0, pretend = 0, frame = 32
 373              		@ frame_needed = 0, uses_anonymous_args = 0
 374 0000 70B5     		push	{r4, r5, r6, lr}
 375 0002 88B0     		sub	sp, sp, #32
 376 0004 0121     		movs	r1, #1
 377 0006 0220     		movs	r0, #2
 378 0008 FFF7FEFF 		bl	RCC_APB2PeriphClockCmd
 379 000c 0121     		movs	r1, #1
 380 000e 0420     		movs	r0, #4
 381 0010 FFF7FEFF 		bl	RCC_AHB1PeriphClockCmd
 382 0014 384C     		ldr	r4, .L71
 383 0016 0023     		movs	r3, #0
 384 0018 0222     		movs	r2, #2
 385 001a 4FF47071 		mov	r1, #960
 386 001e 2046     		mov	r0, r4
 387 0020 FFF7FEFF 		bl	GPIO_Config
 388 0024 0322     		movs	r2, #3
 389 0026 0621     		movs	r1, #6
 390 0028 2046     		mov	r0, r4
 391 002a FFF7FEFF 		bl	GPIO_PinAFConfig
 392 002e 0322     		movs	r2, #3
 393 0030 0721     		movs	r1, #7
 394 0032 2046     		mov	r0, r4
 395 0034 FFF7FEFF 		bl	GPIO_PinAFConfig
 396 0038 0322     		movs	r2, #3
ARM GAS  C:\Users\ktkuru\AppData\Local\Temp\ccmPVPfk.s 			page 8


 397 003a 0821     		movs	r1, #8
 398 003c 2046     		mov	r0, r4
 399 003e FFF7FEFF 		bl	GPIO_PinAFConfig
 400 0042 0322     		movs	r2, #3
 401 0044 0921     		movs	r1, #9
 402 0046 2046     		mov	r0, r4
 403 0048 FFF7FEFF 		bl	GPIO_PinAFConfig
 404 004c 42F2CF03 		movw	r3, #8399
 405 0050 0693     		str	r3, [sp, #24]
 406 0052 0126     		movs	r6, #1
 407 0054 ADF81460 		strh	r6, [sp, #20]	@ movhi
 408 0058 0025     		movs	r5, #0
 409 005a ADF81C50 		strh	r5, [sp, #28]	@ movhi
 410 005e ADF81650 		strh	r5, [sp, #22]	@ movhi
 411 0062 A4F58234 		sub	r4, r4, #66560
 412 0066 05A9     		add	r1, sp, #20
 413 0068 2046     		mov	r0, r4
 414 006a FFF7FEFF 		bl	TIM_TimeBaseInit
 415 006e 6023     		movs	r3, #96
 416 0070 ADF80030 		strh	r3, [sp]	@ movhi
 417 0074 ADF80260 		strh	r6, [sp, #2]	@ movhi
 418 0078 ADF80450 		strh	r5, [sp, #4]	@ movhi
 419 007c 0295     		str	r5, [sp, #8]
 420 007e ADF80C50 		strh	r5, [sp, #12]	@ movhi
 421 0082 ADF80E50 		strh	r5, [sp, #14]	@ movhi
 422 0086 ADF81050 		strh	r5, [sp, #16]	@ movhi
 423 008a ADF81250 		strh	r5, [sp, #18]	@ movhi
 424 008e 6946     		mov	r1, sp
 425 0090 2046     		mov	r0, r4
 426 0092 FFF7FEFF 		bl	TIM_OC1Init
 427 0096 6946     		mov	r1, sp
 428 0098 2046     		mov	r0, r4
 429 009a FFF7FEFF 		bl	TIM_OC2Init
 430 009e 6946     		mov	r1, sp
 431 00a0 2046     		mov	r0, r4
 432 00a2 FFF7FEFF 		bl	TIM_OC3Init
 433 00a6 6946     		mov	r1, sp
 434 00a8 2046     		mov	r0, r4
 435 00aa FFF7FEFF 		bl	TIM_OC4Init
 436 00ae 0821     		movs	r1, #8
 437 00b0 2046     		mov	r0, r4
 438 00b2 FFF7FEFF 		bl	TIM_OC1PreloadConfig
 439 00b6 0821     		movs	r1, #8
 440 00b8 2046     		mov	r0, r4
 441 00ba FFF7FEFF 		bl	TIM_OC2PreloadConfig
 442 00be 0821     		movs	r1, #8
 443 00c0 2046     		mov	r0, r4
 444 00c2 FFF7FEFF 		bl	TIM_OC3PreloadConfig
 445 00c6 0821     		movs	r1, #8
 446 00c8 2046     		mov	r0, r4
 447 00ca FFF7FEFF 		bl	TIM_OC4PreloadConfig
 448 00ce 3146     		mov	r1, r6
 449 00d0 2046     		mov	r0, r4
 450 00d2 FFF7FEFF 		bl	TIM_ARRPreloadConfig
 451 00d6 0948     		ldr	r0, .L71+4
 452 00d8 FFF7FEFF 		bl	puts
 453 00dc 3146     		mov	r1, r6
ARM GAS  C:\Users\ktkuru\AppData\Local\Temp\ccmPVPfk.s 			page 9


 454 00de 2046     		mov	r0, r4
 455 00e0 FFF7FEFF 		bl	TIM_CtrlPWMOutputs
 456 00e4 3146     		mov	r1, r6
 457 00e6 2046     		mov	r0, r4
 458 00e8 FFF7FEFF 		bl	TIM_Cmd
 459 00ec 0448     		ldr	r0, .L71+8
 460 00ee FFF7FEFF 		bl	puts
 461 00f2 08B0     		add	sp, sp, #32
 462              		@ sp needed
 463 00f4 70BD     		pop	{r4, r5, r6, pc}
 464              	.L72:
 465 00f6 00BF     		.align	2
 466              	.L71:
 467 00f8 00080240 		.word	1073874944
 468 00fc 00000000 		.word	.LC0
 469 0100 2C000000 		.word	.LC1
 471              		.section	.text.Motor_Cmd,"ax",%progbits
 472              		.align	1
 473              		.global	Motor_Cmd
 474              		.syntax unified
 475              		.thumb
 476              		.thumb_func
 478              	Motor_Cmd:
 479              		@ args = 0, pretend = 0, frame = 0
 480              		@ frame_needed = 0, uses_anonymous_args = 0
 481              		@ link register save eliminated.
 482 0000 0428     		cmp	r0, #4
 483 0002 5AD8     		bhi	.L73
 484 0004 DFE800F0 		tbb	[pc, r0]
 485              	.L76:
 486 0008 47       		.byte	(.L80-.L76)/2
 487 0009 36       		.byte	(.L79-.L76)/2
 488 000a 25       		.byte	(.L78-.L76)/2
 489 000b 03       		.byte	(.L77-.L76)/2
 490 000c 14       		.byte	(.L75-.L76)/2
 491 000d 00       		.p2align 1
 492              	.L77:
 493 000e 0129     		cmp	r1, #1
 494 0010 06D0     		beq	.L86
 495 0012 2A4B     		ldr	r3, .L90
 496 0014 0022     		movs	r2, #0
 497 0016 C3F89822 		str	r2, [r3, #664]
 498 001a C3F89C22 		str	r2, [r3, #668]
 499 001e 7047     		bx	lr
 500              	.L86:
 501 0020 264B     		ldr	r3, .L90
 502 0022 0022     		movs	r2, #0
 503 0024 C3F89822 		str	r2, [r3, #664]
 504 0028 0122     		movs	r2, #1
 505 002a C3F89C22 		str	r2, [r3, #668]
 506 002e 7047     		bx	lr
 507              	.L75:
 508 0030 0129     		cmp	r1, #1
 509 0032 06D0     		beq	.L87
 510 0034 214B     		ldr	r3, .L90
 511 0036 0022     		movs	r2, #0
 512 0038 C3F89022 		str	r2, [r3, #656]
ARM GAS  C:\Users\ktkuru\AppData\Local\Temp\ccmPVPfk.s 			page 10


 513 003c C3F89422 		str	r2, [r3, #660]
 514 0040 7047     		bx	lr
 515              	.L87:
 516 0042 1E4B     		ldr	r3, .L90
 517 0044 0122     		movs	r2, #1
 518 0046 C3F89022 		str	r2, [r3, #656]
 519 004a 0022     		movs	r2, #0
 520 004c C3F89422 		str	r2, [r3, #660]
 521 0050 7047     		bx	lr
 522              	.L78:
 523 0052 0129     		cmp	r1, #1
 524 0054 06D0     		beq	.L88
 525 0056 194B     		ldr	r3, .L90
 526 0058 0022     		movs	r2, #0
 527 005a C3F88822 		str	r2, [r3, #648]
 528 005e C3F88C22 		str	r2, [r3, #652]
 529 0062 7047     		bx	lr
 530              	.L88:
 531 0064 154B     		ldr	r3, .L90
 532 0066 0022     		movs	r2, #0
 533 0068 C3F88822 		str	r2, [r3, #648]
 534 006c 0122     		movs	r2, #1
 535 006e C3F88C22 		str	r2, [r3, #652]
 536 0072 7047     		bx	lr
 537              	.L79:
 538 0074 0129     		cmp	r1, #1
 539 0076 06D0     		beq	.L89
 540 0078 104B     		ldr	r3, .L90
 541 007a 0022     		movs	r2, #0
 542 007c C3F88022 		str	r2, [r3, #640]
 543 0080 C3F88422 		str	r2, [r3, #644]
 544 0084 7047     		bx	lr
 545              	.L89:
 546 0086 0D4B     		ldr	r3, .L90
 547 0088 0022     		movs	r2, #0
 548 008a C3F88022 		str	r2, [r3, #640]
 549 008e 0122     		movs	r2, #1
 550 0090 C3F88422 		str	r2, [r3, #644]
 551 0094 7047     		bx	lr
 552              	.L80:
 553 0096 094B     		ldr	r3, .L90
 554 0098 0022     		movs	r2, #0
 555 009a C3F88022 		str	r2, [r3, #640]
 556 009e C3F88422 		str	r2, [r3, #644]
 557 00a2 C3F88822 		str	r2, [r3, #648]
 558 00a6 C3F88C22 		str	r2, [r3, #652]
 559 00aa C3F89022 		str	r2, [r3, #656]
 560 00ae C3F89422 		str	r2, [r3, #660]
 561 00b2 C3F89822 		str	r2, [r3, #664]
 562 00b6 C3F89C22 		str	r2, [r3, #668]
 563              	.L73:
 564 00ba 7047     		bx	lr
 565              	.L91:
 566              		.align	2
 567              	.L90:
 568 00bc 00804242 		.word	1111654400
 570              		.section	.text.StopAllMotor,"ax",%progbits
ARM GAS  C:\Users\ktkuru\AppData\Local\Temp\ccmPVPfk.s 			page 11


 571              		.align	1
 572              		.global	StopAllMotor
 573              		.syntax unified
 574              		.thumb
 575              		.thumb_func
 577              	StopAllMotor:
 578              		@ args = 0, pretend = 0, frame = 0
 579              		@ frame_needed = 0, uses_anonymous_args = 0
 580 0000 08B5     		push	{r3, lr}
 581 0002 064B     		ldr	r3, .L96
 582 0004 1B78     		ldrb	r3, [r3]	@ zero_extendqisi2
 583 0006 23B1     		cbz	r3, .L93
 584 0008 0021     		movs	r1, #0
 585 000a 0846     		mov	r0, r1
 586 000c FFF7FEFF 		bl	Motor_Cmd
 587              	.L94:
 588 0010 FEE7     		b	.L94
 589              	.L93:
 590 0012 0121     		movs	r1, #1
 591 0014 0020     		movs	r0, #0
 592 0016 FFF7FEFF 		bl	Motor_Cmd
 593 001a 08BD     		pop	{r3, pc}
 594              	.L97:
 595              		.align	2
 596              	.L96:
 597 001c 00000000 		.word	Stop_flag
 599              		.section	.text.MotorState,"ax",%progbits
 600              		.align	1
 601              		.global	MotorState
 602              		.syntax unified
 603              		.thumb
 604              		.thumb_func
 606              	MotorState:
 607              		@ args = 0, pretend = 0, frame = 0
 608              		@ frame_needed = 0, uses_anonymous_args = 0
 609 0000 08B5     		push	{r3, lr}
 610 0002 F5EEC00A 		vcmpe.f32	s1, #0
 611 0006 F1EE10FA 		vmrs	APSR_nzcv, FPSCR
 612 000a 09DD     		ble	.L99
 613 000c B5EEC00A 		vcmpe.f32	s0, #0
 614 0010 F1EE10FA 		vmrs	APSR_nzcv, FPSCR
 615 0014 1BDC     		bgt	.L119
 616 0016 B5EEC00A 		vcmpe.f32	s0, #0
 617 001a F1EE10FA 		vmrs	APSR_nzcv, FPSCR
 618 001e 2AD4     		bmi	.L120
 619              	.L99:
 620 0020 F5EEC00A 		vcmpe.f32	s1, #0
 621 0024 F1EE10FA 		vmrs	APSR_nzcv, FPSCR
 622 0028 09D5     		bpl	.L105
 623 002a B5EEC00A 		vcmpe.f32	s0, #0
 624 002e F1EE10FA 		vmrs	APSR_nzcv, FPSCR
 625 0032 34DC     		bgt	.L121
 626 0034 B5EEC00A 		vcmpe.f32	s0, #0
 627 0038 F1EE10FA 		vmrs	APSR_nzcv, FPSCR
 628 003c 43D4     		bmi	.L122
 629              	.L105:
 630 003e 0021     		movs	r1, #0
ARM GAS  C:\Users\ktkuru\AppData\Local\Temp\ccmPVPfk.s 			page 12


 631 0040 0846     		mov	r0, r1
 632 0042 FFF7FEFF 		bl	Motor_Cmd
 633 0046 2A4B     		ldr	r3, .L123
 634 0048 0022     		movs	r2, #0
 635 004a 1A70     		strb	r2, [r3]
 636              	.L98:
 637 004c 08BD     		pop	{r3, pc}
 638              	.L119:
 639 004e 0021     		movs	r1, #0
 640 0050 0320     		movs	r0, #3
 641 0052 FFF7FEFF 		bl	Motor_Cmd
 642 0056 0121     		movs	r1, #1
 643 0058 0420     		movs	r0, #4
 644 005a FFF7FEFF 		bl	Motor_Cmd
 645 005e 0121     		movs	r1, #1
 646 0060 0220     		movs	r0, #2
 647 0062 FFF7FEFF 		bl	Motor_Cmd
 648 0066 0021     		movs	r1, #0
 649 0068 0120     		movs	r0, #1
 650 006a FFF7FEFF 		bl	Motor_Cmd
 651 006e 204B     		ldr	r3, .L123
 652 0070 0422     		movs	r2, #4
 653 0072 1A70     		strb	r2, [r3]
 654 0074 EAE7     		b	.L98
 655              	.L120:
 656 0076 0121     		movs	r1, #1
 657 0078 0320     		movs	r0, #3
 658 007a FFF7FEFF 		bl	Motor_Cmd
 659 007e 0021     		movs	r1, #0
 660 0080 0420     		movs	r0, #4
 661 0082 FFF7FEFF 		bl	Motor_Cmd
 662 0086 0121     		movs	r1, #1
 663 0088 0220     		movs	r0, #2
 664 008a FFF7FEFF 		bl	Motor_Cmd
 665 008e 0021     		movs	r1, #0
 666 0090 0120     		movs	r0, #1
 667 0092 FFF7FEFF 		bl	Motor_Cmd
 668 0096 164B     		ldr	r3, .L123
 669 0098 0122     		movs	r2, #1
 670 009a 1A70     		strb	r2, [r3]
 671 009c D6E7     		b	.L98
 672              	.L121:
 673 009e 0021     		movs	r1, #0
 674 00a0 0320     		movs	r0, #3
 675 00a2 FFF7FEFF 		bl	Motor_Cmd
 676 00a6 0121     		movs	r1, #1
 677 00a8 0420     		movs	r0, #4
 678 00aa FFF7FEFF 		bl	Motor_Cmd
 679 00ae 0021     		movs	r1, #0
 680 00b0 0220     		movs	r0, #2
 681 00b2 FFF7FEFF 		bl	Motor_Cmd
 682 00b6 0121     		movs	r1, #1
 683 00b8 0846     		mov	r0, r1
 684 00ba FFF7FEFF 		bl	Motor_Cmd
 685 00be 0C4B     		ldr	r3, .L123
 686 00c0 0322     		movs	r2, #3
 687 00c2 1A70     		strb	r2, [r3]
ARM GAS  C:\Users\ktkuru\AppData\Local\Temp\ccmPVPfk.s 			page 13


 688 00c4 C2E7     		b	.L98
 689              	.L122:
 690 00c6 0121     		movs	r1, #1
 691 00c8 0320     		movs	r0, #3
 692 00ca FFF7FEFF 		bl	Motor_Cmd
 693 00ce 0021     		movs	r1, #0
 694 00d0 0420     		movs	r0, #4
 695 00d2 FFF7FEFF 		bl	Motor_Cmd
 696 00d6 0021     		movs	r1, #0
 697 00d8 0220     		movs	r0, #2
 698 00da FFF7FEFF 		bl	Motor_Cmd
 699 00de 0121     		movs	r1, #1
 700 00e0 0846     		mov	r0, r1
 701 00e2 FFF7FEFF 		bl	Motor_Cmd
 702 00e6 024B     		ldr	r3, .L123
 703 00e8 0222     		movs	r2, #2
 704 00ea 1A70     		strb	r2, [r3]
 705 00ec AEE7     		b	.L98
 706              	.L124:
 707 00ee 00BF     		.align	2
 708              	.L123:
 709 00f0 00000000 		.word	MotorLocation
 711              		.section	.text.PWM_Allocation,"ax",%progbits
 712              		.align	1
 713              		.global	PWM_Allocation
 714              		.syntax unified
 715              		.thumb
 716              		.thumb_func
 718              	PWM_Allocation:
 719              		@ args = 0, pretend = 0, frame = 0
 720              		@ frame_needed = 0, uses_anonymous_args = 0
 721 0000 10B5     		push	{r4, lr}
 722 0002 2DED028B 		vpush.64	{d8}
 723 0006 DFED667A 		vldr.32	s15, .L138+8
 724 000a B4EEE70A 		vcmpe.f32	s0, s15
 725 000e F1EE10FA 		vmrs	APSR_nzcv, FPSCR
 726 0012 09DC     		bgt	.L134
 727 0014 B0EE408A 		vmov.f32	s16, s0
 728 0018 B5EEC00A 		vcmpe.f32	s0, #0
 729 001c F1EE10FA 		vmrs	APSR_nzcv, FPSCR
 730 0020 04D5     		bpl	.L126
 731 0022 B1EE408A 		vneg.f32	s16, s0
 732 0026 01E0     		b	.L126
 733              	.L134:
 734 0028 9FED5D8A 		vldr.32	s16, .L138+8
 735              	.L126:
 736 002c 5D4B     		ldr	r3, .L138+12
 737 002e 1B78     		ldrb	r3, [r3]	@ zero_extendqisi2
 738 0030 013B     		subs	r3, r3, #1
 739 0032 032B     		cmp	r3, #3
 740 0034 2CD8     		bhi	.L125
 741 0036 DFE803F0 		tbb	[pc, r3]
 742              	.L130:
 743 003a 02       		.byte	(.L133-.L130)/2
 744 003b 2E       		.byte	(.L132-.L130)/2
 745 003c 58       		.byte	(.L131-.L130)/2
 746 003d 82       		.byte	(.L129-.L130)/2
ARM GAS  C:\Users\ktkuru\AppData\Local\Temp\ccmPVPfk.s 			page 14


 747              		.p2align 1
 748              	.L133:
 749 003e 5A4B     		ldr	r3, .L138+16
 750 0040 93ED007A 		vldr.32	s14, [r3]
 751 0044 DFED597A 		vldr.32	s15, .L138+20
 752 0048 C7EE277A 		vdiv.f32	s15, s14, s15
 753 004c 17EE900A 		vmov	r0, s15
 754 0050 FFF7FEFF 		bl	__aeabi_f2d
 755 0054 50A3     		adr	r3, .L138
 756 0056 D3E90023 		ldrd	r2, [r3]
 757 005a FFF7FEFF 		bl	__aeabi_dmul
 758 005e FFF7FEFF 		bl	__aeabi_d2f
 759 0062 08EE900A 		vmov	s17, r0
 760 0066 B0EE680A 		vmov.f32	s0, s17
 761 006a FFF7FEFF 		bl	cosf
 762 006e 20EE080A 		vmul.f32	s0, s0, s16
 763 0072 BCEEC00A 		vcvt.u32.f32	s0, s0
 764 0076 4E4C     		ldr	r4, .L138+24
 765 0078 84ED0E0A 		vstr.32	s0, [r4, #56]	@ int
 766 007c B0EE680A 		vmov.f32	s0, s17
 767 0080 FFF7FEFF 		bl	sinf
 768 0084 20EE080A 		vmul.f32	s0, s0, s16
 769 0088 BCEEC00A 		vcvt.u32.f32	s0, s0
 770 008c 84ED0F0A 		vstr.32	s0, [r4, #60]	@ int
 771              	.L125:
 772 0090 BDEC028B 		vldm	sp!, {d8}
 773 0094 10BD     		pop	{r4, pc}
 774              	.L132:
 775 0096 444B     		ldr	r3, .L138+16
 776 0098 93ED007A 		vldr.32	s14, [r3]
 777 009c DFED437A 		vldr.32	s15, .L138+20
 778 00a0 C7EE277A 		vdiv.f32	s15, s14, s15
 779 00a4 17EE900A 		vmov	r0, s15
 780 00a8 FFF7FEFF 		bl	__aeabi_f2d
 781 00ac 3AA3     		adr	r3, .L138
 782 00ae D3E90023 		ldrd	r2, [r3]
 783 00b2 FFF7FEFF 		bl	__aeabi_dmul
 784 00b6 FFF7FEFF 		bl	__aeabi_d2f
 785 00ba 08EE900A 		vmov	s17, r0
 786 00be B0EE680A 		vmov.f32	s0, s17
 787 00c2 FFF7FEFF 		bl	cosf
 788 00c6 20EE080A 		vmul.f32	s0, s0, s16
 789 00ca BCEEC00A 		vcvt.u32.f32	s0, s0
 790 00ce 384C     		ldr	r4, .L138+24
 791 00d0 84ED0D0A 		vstr.32	s0, [r4, #52]	@ int
 792 00d4 B0EE680A 		vmov.f32	s0, s17
 793 00d8 FFF7FEFF 		bl	sinf
 794 00dc 20EE080A 		vmul.f32	s0, s0, s16
 795 00e0 BCEEC00A 		vcvt.u32.f32	s0, s0
 796 00e4 84ED0F0A 		vstr.32	s0, [r4, #60]	@ int
 797 00e8 D2E7     		b	.L125
 798              	.L131:
 799 00ea 2F4B     		ldr	r3, .L138+16
 800 00ec 93ED007A 		vldr.32	s14, [r3]
 801 00f0 DFED2E7A 		vldr.32	s15, .L138+20
 802 00f4 C7EE277A 		vdiv.f32	s15, s14, s15
 803 00f8 17EE900A 		vmov	r0, s15
ARM GAS  C:\Users\ktkuru\AppData\Local\Temp\ccmPVPfk.s 			page 15


 804 00fc FFF7FEFF 		bl	__aeabi_f2d
 805 0100 25A3     		adr	r3, .L138
 806 0102 D3E90023 		ldrd	r2, [r3]
 807 0106 FFF7FEFF 		bl	__aeabi_dmul
 808 010a FFF7FEFF 		bl	__aeabi_d2f
 809 010e 08EE900A 		vmov	s17, r0
 810 0112 B0EE680A 		vmov.f32	s0, s17
 811 0116 FFF7FEFF 		bl	cosf
 812 011a 20EE080A 		vmul.f32	s0, s0, s16
 813 011e BCEEC00A 		vcvt.u32.f32	s0, s0
 814 0122 234C     		ldr	r4, .L138+24
 815 0124 84ED0D0A 		vstr.32	s0, [r4, #52]	@ int
 816 0128 B0EE680A 		vmov.f32	s0, s17
 817 012c FFF7FEFF 		bl	sinf
 818 0130 20EE080A 		vmul.f32	s0, s0, s16
 819 0134 BCEEC00A 		vcvt.u32.f32	s0, s0
 820 0138 84ED100A 		vstr.32	s0, [r4, #64]	@ int
 821 013c A8E7     		b	.L125
 822              	.L129:
 823 013e 1A4B     		ldr	r3, .L138+16
 824 0140 93ED007A 		vldr.32	s14, [r3]
 825 0144 DFED197A 		vldr.32	s15, .L138+20
 826 0148 C7EE277A 		vdiv.f32	s15, s14, s15
 827 014c 17EE900A 		vmov	r0, s15
 828 0150 FFF7FEFF 		bl	__aeabi_f2d
 829 0154 10A3     		adr	r3, .L138
 830 0156 D3E90023 		ldrd	r2, [r3]
 831 015a FFF7FEFF 		bl	__aeabi_dmul
 832 015e FFF7FEFF 		bl	__aeabi_d2f
 833 0162 08EE900A 		vmov	s17, r0
 834 0166 B0EE680A 		vmov.f32	s0, s17
 835 016a FFF7FEFF 		bl	cosf
 836 016e 20EE080A 		vmul.f32	s0, s0, s16
 837 0172 BCEEC00A 		vcvt.u32.f32	s0, s0
 838 0176 0E4C     		ldr	r4, .L138+24
 839 0178 84ED0E0A 		vstr.32	s0, [r4, #56]	@ int
 840 017c B0EE680A 		vmov.f32	s0, s17
 841 0180 FFF7FEFF 		bl	sinf
 842 0184 20EE080A 		vmul.f32	s0, s0, s16
 843 0188 BCEEC00A 		vcvt.u32.f32	s0, s0
 844 018c 84ED100A 		vstr.32	s0, [r4, #64]	@ int
 845 0190 7EE7     		b	.L125
 846              	.L139:
 847 0192 00BFAFF3 		.align	3
 847      0080
 848              	.L138:
 849 0198 4AD8124D 		.word	1293080650
 850 019c FB210940 		.word	1074340347
 851 01a0 00400346 		.word	1174618112
 852 01a4 00000000 		.word	MotorLocation
 853 01a8 00000000 		.word	Opolar
 854 01ac 00003443 		.word	1127481344
 855 01b0 00040140 		.word	1073808384
 857              		.section	.bss.output.0,"aw",%nobits
 858              		.align	2
 861              	output.0:
 862 0000 00000000 		.space	4
ARM GAS  C:\Users\ktkuru\AppData\Local\Temp\ccmPVPfk.s 			page 16


 863              		.section	.bss.T1Lderivative.1,"aw",%nobits
 864              		.align	2
 867              	T1Lderivative.1:
 868 0000 00000000 		.space	4
 869              		.section	.bss.T1LlastError.2,"aw",%nobits
 870              		.align	2
 873              	T1LlastError.2:
 874 0000 00000000 		.space	4
 875              		.section	.bss.T1Lintegral.5,"aw",%nobits
 876              		.align	2
 879              	T1Lintegral.5:
 880 0000 00000000 		.space	4
 881              		.section	.bss.T1Lerror.6,"aw",%nobits
 882              		.align	2
 885              	T1Lerror.6:
 886 0000 00000000 		.space	4
 887              		.section	.bss.output.7,"aw",%nobits
 888              		.align	2
 891              	output.7:
 892 0000 00000000 		.space	4
 893              		.section	.bss.T4Sderivative.8,"aw",%nobits
 894              		.align	2
 897              	T4Sderivative.8:
 898 0000 00000000 		.space	4
 899              		.section	.bss.T4SlastError.9,"aw",%nobits
 900              		.align	2
 903              	T4SlastError.9:
 904 0000 00000000 		.space	4
 905              		.section	.bss.T4Sintegral.12,"aw",%nobits
 906              		.align	2
 909              	T4Sintegral.12:
 910 0000 00000000 		.space	4
 911              		.section	.bss.T4Serror.13,"aw",%nobits
 912              		.align	2
 915              	T4Serror.13:
 916 0000 00000000 		.space	4
 917              		.global	MotorLocation
 918              		.section	.bss.MotorLocation,"aw",%nobits
 921              	MotorLocation:
 922 0000 00       		.space	1
 923              		.global	Opolar
 924              		.section	.bss.Opolar,"aw",%nobits
 925              		.align	2
 928              	Opolar:
 929 0000 00000000 		.space	4
 930              		.ident	"GCC: (Arm GNU Toolchain 13.3.Rel1 (Build arm-13.24)) 13.3.1 20240614"
ARM GAS  C:\Users\ktkuru\AppData\Local\Temp\ccmPVPfk.s 			page 17


DEFINED SYMBOLS
                            *ABS*:00000000 control.c
C:\Users\ktkuru\AppData\Local\Temp\ccmPVPfk.s:22     .text.GetPolar:00000000 $t
C:\Users\ktkuru\AppData\Local\Temp\ccmPVPfk.s:28     .text.GetPolar:00000000 GetPolar
C:\Users\ktkuru\AppData\Local\Temp\ccmPVPfk.s:173    .text.GetPolar:000001b8 $d
C:\Users\ktkuru\AppData\Local\Temp\ccmPVPfk.s:928    .bss.Opolar:00000000 Opolar
C:\Users\ktkuru\AppData\Local\Temp\ccmPVPfk.s:186    .text.PidControl_Stop:00000000 $t
C:\Users\ktkuru\AppData\Local\Temp\ccmPVPfk.s:192    .text.PidControl_Stop:00000000 PidControl_Stop
C:\Users\ktkuru\AppData\Local\Temp\ccmPVPfk.s:257    .text.PidControl_Stop:000000b8 $d
C:\Users\ktkuru\AppData\Local\Temp\ccmPVPfk.s:915    .bss.T4Serror.13:00000000 T4Serror.13
C:\Users\ktkuru\AppData\Local\Temp\ccmPVPfk.s:909    .bss.T4Sintegral.12:00000000 T4Sintegral.12
C:\Users\ktkuru\AppData\Local\Temp\ccmPVPfk.s:903    .bss.T4SlastError.9:00000000 T4SlastError.9
C:\Users\ktkuru\AppData\Local\Temp\ccmPVPfk.s:897    .bss.T4Sderivative.8:00000000 T4Sderivative.8
C:\Users\ktkuru\AppData\Local\Temp\ccmPVPfk.s:891    .bss.output.7:00000000 output.7
C:\Users\ktkuru\AppData\Local\Temp\ccmPVPfk.s:272    .text.PidControl_LineMove:00000000 $t
C:\Users\ktkuru\AppData\Local\Temp\ccmPVPfk.s:278    .text.PidControl_LineMove:00000000 PidControl_LineMove
C:\Users\ktkuru\AppData\Local\Temp\ccmPVPfk.s:343    .text.PidControl_LineMove:000000b8 $d
C:\Users\ktkuru\AppData\Local\Temp\ccmPVPfk.s:885    .bss.T1Lerror.6:00000000 T1Lerror.6
C:\Users\ktkuru\AppData\Local\Temp\ccmPVPfk.s:879    .bss.T1Lintegral.5:00000000 T1Lintegral.5
C:\Users\ktkuru\AppData\Local\Temp\ccmPVPfk.s:873    .bss.T1LlastError.2:00000000 T1LlastError.2
C:\Users\ktkuru\AppData\Local\Temp\ccmPVPfk.s:867    .bss.T1Lderivative.1:00000000 T1Lderivative.1
C:\Users\ktkuru\AppData\Local\Temp\ccmPVPfk.s:861    .bss.output.0:00000000 output.0
C:\Users\ktkuru\AppData\Local\Temp\ccmPVPfk.s:358    .rodata.Motor_PWM_TIM8_Init.str1.4:00000000 $d
C:\Users\ktkuru\AppData\Local\Temp\ccmPVPfk.s:365    .text.Motor_PWM_TIM8_Init:00000000 $t
C:\Users\ktkuru\AppData\Local\Temp\ccmPVPfk.s:371    .text.Motor_PWM_TIM8_Init:00000000 Motor_PWM_TIM8_Init
C:\Users\ktkuru\AppData\Local\Temp\ccmPVPfk.s:467    .text.Motor_PWM_TIM8_Init:000000f8 $d
C:\Users\ktkuru\AppData\Local\Temp\ccmPVPfk.s:472    .text.Motor_Cmd:00000000 $t
C:\Users\ktkuru\AppData\Local\Temp\ccmPVPfk.s:478    .text.Motor_Cmd:00000000 Motor_Cmd
C:\Users\ktkuru\AppData\Local\Temp\ccmPVPfk.s:486    .text.Motor_Cmd:00000008 $d
C:\Users\ktkuru\AppData\Local\Temp\ccmPVPfk.s:568    .text.Motor_Cmd:000000bc $d
C:\Users\ktkuru\AppData\Local\Temp\ccmPVPfk.s:571    .text.StopAllMotor:00000000 $t
C:\Users\ktkuru\AppData\Local\Temp\ccmPVPfk.s:577    .text.StopAllMotor:00000000 StopAllMotor
C:\Users\ktkuru\AppData\Local\Temp\ccmPVPfk.s:597    .text.StopAllMotor:0000001c $d
C:\Users\ktkuru\AppData\Local\Temp\ccmPVPfk.s:600    .text.MotorState:00000000 $t
C:\Users\ktkuru\AppData\Local\Temp\ccmPVPfk.s:606    .text.MotorState:00000000 MotorState
C:\Users\ktkuru\AppData\Local\Temp\ccmPVPfk.s:709    .text.MotorState:000000f0 $d
C:\Users\ktkuru\AppData\Local\Temp\ccmPVPfk.s:921    .bss.MotorLocation:00000000 MotorLocation
C:\Users\ktkuru\AppData\Local\Temp\ccmPVPfk.s:712    .text.PWM_Allocation:00000000 $t
C:\Users\ktkuru\AppData\Local\Temp\ccmPVPfk.s:718    .text.PWM_Allocation:00000000 PWM_Allocation
C:\Users\ktkuru\AppData\Local\Temp\ccmPVPfk.s:743    .text.PWM_Allocation:0000003a $d
C:\Users\ktkuru\AppData\Local\Temp\ccmPVPfk.s:747    .text.PWM_Allocation:0000003e $t
C:\Users\ktkuru\AppData\Local\Temp\ccmPVPfk.s:849    .text.PWM_Allocation:00000198 $d
C:\Users\ktkuru\AppData\Local\Temp\ccmPVPfk.s:858    .bss.output.0:00000000 $d
C:\Users\ktkuru\AppData\Local\Temp\ccmPVPfk.s:864    .bss.T1Lderivative.1:00000000 $d
C:\Users\ktkuru\AppData\Local\Temp\ccmPVPfk.s:870    .bss.T1LlastError.2:00000000 $d
C:\Users\ktkuru\AppData\Local\Temp\ccmPVPfk.s:876    .bss.T1Lintegral.5:00000000 $d
C:\Users\ktkuru\AppData\Local\Temp\ccmPVPfk.s:882    .bss.T1Lerror.6:00000000 $d
C:\Users\ktkuru\AppData\Local\Temp\ccmPVPfk.s:888    .bss.output.7:00000000 $d
C:\Users\ktkuru\AppData\Local\Temp\ccmPVPfk.s:894    .bss.T4Sderivative.8:00000000 $d
C:\Users\ktkuru\AppData\Local\Temp\ccmPVPfk.s:900    .bss.T4SlastError.9:00000000 $d
C:\Users\ktkuru\AppData\Local\Temp\ccmPVPfk.s:906    .bss.T4Sintegral.12:00000000 $d
C:\Users\ktkuru\AppData\Local\Temp\ccmPVPfk.s:912    .bss.T4Serror.13:00000000 $d
C:\Users\ktkuru\AppData\Local\Temp\ccmPVPfk.s:922    .bss.MotorLocation:00000000 $d
C:\Users\ktkuru\AppData\Local\Temp\ccmPVPfk.s:925    .bss.Opolar:00000000 $d
C:\Users\ktkuru\AppData\Local\Temp\ccmPVPfk.s:491    .text.Motor_Cmd:0000000d $d
C:\Users\ktkuru\AppData\Local\Temp\ccmPVPfk.s:491    .text.Motor_Cmd:0000000e $t

ARM GAS  C:\Users\ktkuru\AppData\Local\Temp\ccmPVPfk.s 			page 18


UNDEFINED SYMBOLS
__aeabi_f2d
__aeabi_dmul
__aeabi_d2f
__aeabi_ddiv
tanf
sqrtf
atanf
def
dis
polar
__aeabi_dcmplt
T4SKp
T4SKi
T4SKd
T1LKp
T1LKi
T1LKd
RCC_APB2PeriphClockCmd
RCC_AHB1PeriphClockCmd
GPIO_Config
GPIO_PinAFConfig
TIM_TimeBaseInit
TIM_OC1Init
TIM_OC2Init
TIM_OC3Init
TIM_OC4Init
TIM_OC1PreloadConfig
TIM_OC2PreloadConfig
TIM_OC3PreloadConfig
TIM_OC4PreloadConfig
TIM_ARRPreloadConfig
puts
TIM_CtrlPWMOutputs
TIM_Cmd
Stop_flag
cosf
sinf
