ARM GAS  C:\Users\ktkuru\AppData\Local\Temp\ccl5erTj.s 			page 1


   1              		.cpu cortex-m4
   2              		.arch armv7e-m
   3              		.fpu fpv4-sp-d16
   4              		.eabi_attribute 27, 1
   5              		.eabi_attribute 28, 1
   6              		.eabi_attribute 20, 1
   7              		.eabi_attribute 21, 1
   8              		.eabi_attribute 23, 3
   9              		.eabi_attribute 24, 1
  10              		.eabi_attribute 25, 1
  11              		.eabi_attribute 26, 1
  12              		.eabi_attribute 30, 1
  13              		.eabi_attribute 34, 1
  14              		.eabi_attribute 18, 4
  15              		.file	"delay.c"
  16              		.text
  17              		.section	.text.delay_init,"ax",%progbits
  18              		.align	1
  19              		.global	delay_init
  20              		.syntax unified
  21              		.thumb
  22              		.thumb_func
  24              	delay_init:
  25              		@ args = 0, pretend = 0, frame = 0
  26              		@ frame_needed = 0, uses_anonymous_args = 0
  27              		@ link register save eliminated.
  28 0000 4FF0E023 		mov	r3, #-536813568
  29 0004 1A69     		ldr	r2, [r3, #16]
  30 0006 42F00402 		orr	r2, r2, #4
  31 000a 1A61     		str	r2, [r3, #16]
  32 000c 044A     		ldr	r2, .L2
  33 000e 1060     		str	r0, [r2]
  34 0010 1A69     		ldr	r2, [r3, #16]
  35 0012 42F00102 		orr	r2, r2, #1
  36 0016 1A61     		str	r2, [r3, #16]
  37 0018 6FF07042 		mvn	r2, #-268435456
  38 001c 5A61     		str	r2, [r3, #20]
  39 001e 7047     		bx	lr
  40              	.L3:
  41              		.align	2
  42              	.L2:
  43 0020 00000000 		.word	g_fac_us
  45              		.section	.text.delay_us,"ax",%progbits
  46              		.align	1
  47              		.global	delay_us
  48              		.syntax unified
  49              		.thumb
  50              		.thumb_func
  52              	delay_us:
  53              		@ args = 0, pretend = 0, frame = 0
  54              		@ frame_needed = 0, uses_anonymous_args = 0
  55              		@ link register save eliminated.
  56 0000 10B4     		push	{r4}
  57 0002 4FF0E022 		mov	r2, #-536813568
  58 0006 5469     		ldr	r4, [r2, #20]
  59 0008 0C4B     		ldr	r3, .L11
  60 000a 1B68     		ldr	r3, [r3]
ARM GAS  C:\Users\ktkuru\AppData\Local\Temp\ccl5erTj.s 			page 2


  61 000c 00FB03FC 		mul	ip, r0, r3
  62 0010 9369     		ldr	r3, [r2, #24]
  63 0012 0021     		movs	r1, #0
  64 0014 04E0     		b	.L8
  65              	.L6:
  66 0016 E01A     		subs	r0, r4, r3
  67 0018 0244     		add	r2, r2, r0
  68 001a 1144     		add	r1, r1, r2
  69              	.L7:
  70 001c 6145     		cmp	r1, ip
  71 001e 09D2     		bcs	.L10
  72              	.L8:
  73 0020 1A46     		mov	r2, r3
  74              	.L5:
  75 0022 4FF0E023 		mov	r3, #-536813568
  76 0026 9B69     		ldr	r3, [r3, #24]
  77 0028 9A42     		cmp	r2, r3
  78 002a FAD0     		beq	.L5
  79 002c F3D9     		bls	.L6
  80 002e D21A     		subs	r2, r2, r3
  81 0030 1144     		add	r1, r1, r2
  82 0032 F3E7     		b	.L7
  83              	.L10:
  84 0034 5DF8044B 		ldr	r4, [sp], #4
  85 0038 7047     		bx	lr
  86              	.L12:
  87 003a 00BF     		.align	2
  88              	.L11:
  89 003c 00000000 		.word	g_fac_us
  91              		.section	.text.delay_ms,"ax",%progbits
  92              		.align	1
  93              		.global	delay_ms
  94              		.syntax unified
  95              		.thumb
  96              		.thumb_func
  98              	delay_ms:
  99              		@ args = 0, pretend = 0, frame = 0
 100              		@ frame_needed = 0, uses_anonymous_args = 0
 101 0000 08B5     		push	{r3, lr}
 102 0002 4FF47A73 		mov	r3, #1000
 103 0006 03FB00F0 		mul	r0, r3, r0
 104 000a FFF7FEFF 		bl	delay_us
 105 000e 08BD     		pop	{r3, pc}
 107              		.section	.bss.g_fac_us,"aw",%nobits
 108              		.align	2
 111              	g_fac_us:
 112 0000 00000000 		.space	4
 113              		.ident	"GCC: (Arm GNU Toolchain 13.3.Rel1 (Build arm-13.24)) 13.3.1 20240614"
ARM GAS  C:\Users\ktkuru\AppData\Local\Temp\ccl5erTj.s 			page 3


DEFINED SYMBOLS
                            *ABS*:00000000 delay.c
C:\Users\ktkuru\AppData\Local\Temp\ccl5erTj.s:18     .text.delay_init:00000000 $t
C:\Users\ktkuru\AppData\Local\Temp\ccl5erTj.s:24     .text.delay_init:00000000 delay_init
C:\Users\ktkuru\AppData\Local\Temp\ccl5erTj.s:43     .text.delay_init:00000020 $d
C:\Users\ktkuru\AppData\Local\Temp\ccl5erTj.s:111    .bss.g_fac_us:00000000 g_fac_us
C:\Users\ktkuru\AppData\Local\Temp\ccl5erTj.s:46     .text.delay_us:00000000 $t
C:\Users\ktkuru\AppData\Local\Temp\ccl5erTj.s:52     .text.delay_us:00000000 delay_us
C:\Users\ktkuru\AppData\Local\Temp\ccl5erTj.s:89     .text.delay_us:0000003c $d
C:\Users\ktkuru\AppData\Local\Temp\ccl5erTj.s:92     .text.delay_ms:00000000 $t
C:\Users\ktkuru\AppData\Local\Temp\ccl5erTj.s:98     .text.delay_ms:00000000 delay_ms
C:\Users\ktkuru\AppData\Local\Temp\ccl5erTj.s:108    .bss.g_fac_us:00000000 $d

NO UNDEFINED SYMBOLS
