ARM GAS  C:\Users\ktkuru\AppData\Local\Temp\ccqv1EvQ.s 			page 1


   1              		.cpu cortex-m4
   2              		.arch armv7e-m
   3              		.fpu fpv4-sp-d16
   4              		.eabi_attribute 27, 1
   5              		.eabi_attribute 28, 1
   6              		.eabi_attribute 20, 1
   7              		.eabi_attribute 21, 1
   8              		.eabi_attribute 23, 3
   9              		.eabi_attribute 24, 1
  10              		.eabi_attribute 25, 1
  11              		.eabi_attribute 26, 1
  12              		.eabi_attribute 30, 1
  13              		.eabi_attribute 34, 1
  14              		.eabi_attribute 18, 4
  15              		.file	"event_groups.c"
  16              		.text
  17              		.section	.text.prvTestWaitCondition,"ax",%progbits
  18              		.align	1
  19              		.syntax unified
  20              		.thumb
  21              		.thumb_func
  23              	prvTestWaitCondition:
  24              		@ args = 0, pretend = 0, frame = 0
  25              		@ frame_needed = 0, uses_anonymous_args = 0
  26              		@ link register save eliminated.
  27 0000 1AB9     		cbnz	r2, .L2
  28 0002 0842     		tst	r0, r1
  29 0004 05D1     		bne	.L4
  30 0006 1046     		mov	r0, r2
  31 0008 7047     		bx	lr
  32              	.L2:
  33 000a 8143     		bics	r1, r1, r0
  34 000c 03D0     		beq	.L5
  35 000e 0020     		movs	r0, #0
  36 0010 7047     		bx	lr
  37              	.L4:
  38 0012 0120     		movs	r0, #1
  39 0014 7047     		bx	lr
  40              	.L5:
  41 0016 0120     		movs	r0, #1
  42 0018 7047     		bx	lr
  44              		.section	.text.xEventGroupCreate,"ax",%progbits
  45              		.align	1
  46              		.global	xEventGroupCreate
  47              		.syntax unified
  48              		.thumb
  49              		.thumb_func
  51              	xEventGroupCreate:
  52              		@ args = 0, pretend = 0, frame = 0
  53              		@ frame_needed = 0, uses_anonymous_args = 0
  54 0000 10B5     		push	{r4, lr}
  55 0002 1C20     		movs	r0, #28
  56 0004 FFF7FEFF 		bl	pvPortMalloc
  57 0008 0446     		mov	r4, r0
  58 000a 20B1     		cbz	r0, .L6
  59 000c 0023     		movs	r3, #0
  60 000e 40F8043B 		str	r3, [r0], #4
ARM GAS  C:\Users\ktkuru\AppData\Local\Temp\ccqv1EvQ.s 			page 2


  61 0012 FFF7FEFF 		bl	vListInitialise
  62              	.L6:
  63 0016 2046     		mov	r0, r4
  64 0018 10BD     		pop	{r4, pc}
  66              		.section	.rodata.xEventGroupWaitBits.str1.4,"aMS",%progbits,1
  67              		.align	2
  68              	.LC0:
  69 0000 52544F53 		.ascii	"RTOS/event_groups.c\000"
  69      2F657665 
  69      6E745F67 
  69      726F7570 
  69      732E6300 
  70              		.align	2
  71              	.LC1:
  72 0014 4572726F 		.ascii	"Error:%s,%d\015\012\000"
  72      723A2573 
  72      2C25640D 
  72      0A00
  73              		.section	.text.xEventGroupWaitBits,"ax",%progbits
  74              		.align	1
  75              		.global	xEventGroupWaitBits
  76              		.syntax unified
  77              		.thumb
  78              		.thumb_func
  80              	xEventGroupWaitBits:
  81              		@ args = 4, pretend = 0, frame = 0
  82              		@ frame_needed = 0, uses_anonymous_args = 0
  83 0000 2DE9F843 		push	{r3, r4, r5, r6, r7, r8, r9, lr}
  84 0004 0D46     		mov	r5, r1
  85 0006 1746     		mov	r7, r2
  86 0008 1E46     		mov	r6, r3
  87 000a DDF82080 		ldr	r8, [sp, #32]
  88 000e 8146     		mov	r9, r0
  89 0010 D8B1     		cbz	r0, .L25
  90              	.L10:
  91 0012 B5F1807F 		cmp	r5, #16777216
  92 0016 1FD2     		bcs	.L26
  93              	.L11:
  94 0018 2DB3     		cbz	r5, .L27
  95              	.L12:
  96 001a FFF7FEFF 		bl	xTaskGetSchedulerState
  97 001e 10B9     		cbnz	r0, .L13
  98 0020 B8F1000F 		cmp	r8, #0
  99 0024 26D1     		bne	.L28
 100              	.L13:
 101 0026 FFF7FEFF 		bl	vTaskSuspendAll
 102 002a D9F80040 		ldr	r4, [r9]
 103 002e 3246     		mov	r2, r6
 104 0030 2946     		mov	r1, r5
 105 0032 2046     		mov	r0, r4
 106 0034 FFF7FEFF 		bl	prvTestWaitCondition
 107 0038 18B3     		cbz	r0, .L14
 108 003a AFB3     		cbz	r7, .L22
 109 003c 24EA0503 		bic	r3, r4, r5
 110 0040 C9F80030 		str	r3, [r9]
 111 0044 4FF00008 		mov	r8, #0
 112 0048 30E0     		b	.L15
ARM GAS  C:\Users\ktkuru\AppData\Local\Temp\ccqv1EvQ.s 			page 3


 113              	.L25:
 114 004a 4FF4A572 		mov	r2, #330
 115 004e 2E49     		ldr	r1, .L30
 116 0050 2E48     		ldr	r0, .L30+4
 117 0052 FFF7FEFF 		bl	printf
 118 0056 DCE7     		b	.L10
 119              	.L26:
 120 0058 40F24B12 		movw	r2, #331
 121 005c 2A49     		ldr	r1, .L30
 122 005e 2B48     		ldr	r0, .L30+4
 123 0060 FFF7FEFF 		bl	printf
 124 0064 D8E7     		b	.L11
 125              	.L27:
 126 0066 4FF4A672 		mov	r2, #332
 127 006a 2749     		ldr	r1, .L30
 128 006c 2748     		ldr	r0, .L30+4
 129 006e FFF7FEFF 		bl	printf
 130 0072 D2E7     		b	.L12
 131              	.L28:
 132 0074 40F24F12 		movw	r2, #335
 133 0078 2349     		ldr	r1, .L30
 134 007a 2448     		ldr	r0, .L30+4
 135 007c FFF7FEFF 		bl	printf
 136 0080 D1E7     		b	.L13
 137              	.L14:
 138 0082 B8F1000F 		cmp	r8, #0
 139 0086 11D0     		beq	.L15
 140 0088 5FB9     		cbnz	r7, .L23
 141 008a 0021     		movs	r1, #0
 142              	.L16:
 143 008c 0EB1     		cbz	r6, .L17
 144 008e 41F08061 		orr	r1, r1, #67108864
 145              	.L17:
 146 0092 4246     		mov	r2, r8
 147 0094 2943     		orrs	r1, r1, r5
 148 0096 09F10400 		add	r0, r9, #4
 149 009a FFF7FEFF 		bl	vTaskPlaceOnUnorderedEventList
 150 009e 0024     		movs	r4, #0
 151 00a0 04E0     		b	.L15
 152              	.L23:
 153 00a2 4FF08071 		mov	r1, #16777216
 154 00a6 F1E7     		b	.L16
 155              	.L22:
 156 00a8 4FF00008 		mov	r8, #0
 157              	.L15:
 158 00ac FFF7FEFF 		bl	xTaskResumeAll
 159 00b0 B8F1000F 		cmp	r8, #0
 160 00b4 12D0     		beq	.L9
 161 00b6 48B9     		cbnz	r0, .L19
 162 00b8 4FF0E023 		mov	r3, #-536813568
 163 00bc 4FF08052 		mov	r2, #268435456
 164 00c0 C3F8042D 		str	r2, [r3, #3332]
 165              		.syntax unified
 166              	@ 413 "RTOS/event_groups.c" 1
 167 00c4 BFF34F8F 		dsb
 168              	@ 0 "" 2
 169              	@ 413 "RTOS/event_groups.c" 1
ARM GAS  C:\Users\ktkuru\AppData\Local\Temp\ccqv1EvQ.s 			page 4


 170 00c8 BFF36F8F 		isb
 171              	@ 0 "" 2
 172              		.thumb
 173              		.syntax unified
 174              	.L19:
 175 00cc FFF7FEFF 		bl	uxTaskResetEventItemValue
 176 00d0 0446     		mov	r4, r0
 177 00d2 10F0007F 		tst	r0, #33554432
 178 00d6 04D0     		beq	.L29
 179              	.L20:
 180 00d8 24F07F44 		bic	r4, r4, #-16777216
 181              	.L9:
 182 00dc 2046     		mov	r0, r4
 183 00de BDE8F883 		pop	{r3, r4, r5, r6, r7, r8, r9, pc}
 184              	.L29:
 185 00e2 FFF7FEFF 		bl	vPortEnterCritical
 186 00e6 D9F80040 		ldr	r4, [r9]
 187 00ea 3246     		mov	r2, r6
 188 00ec 2946     		mov	r1, r5
 189 00ee 2046     		mov	r0, r4
 190 00f0 FFF7FEFF 		bl	prvTestWaitCondition
 191 00f4 20B1     		cbz	r0, .L21
 192 00f6 1FB1     		cbz	r7, .L21
 193 00f8 24EA0505 		bic	r5, r4, r5
 194 00fc C9F80050 		str	r5, [r9]
 195              	.L21:
 196 0100 FFF7FEFF 		bl	vPortExitCritical
 197 0104 E8E7     		b	.L20
 198              	.L31:
 199 0106 00BF     		.align	2
 200              	.L30:
 201 0108 00000000 		.word	.LC0
 202 010c 14000000 		.word	.LC1
 204              		.section	.text.xEventGroupClearBits,"ax",%progbits
 205              		.align	1
 206              		.global	xEventGroupClearBits
 207              		.syntax unified
 208              		.thumb
 209              		.thumb_func
 211              	xEventGroupClearBits:
 212              		@ args = 0, pretend = 0, frame = 0
 213              		@ frame_needed = 0, uses_anonymous_args = 0
 214 0000 70B5     		push	{r4, r5, r6, lr}
 215 0002 0C46     		mov	r4, r1
 216 0004 0646     		mov	r6, r0
 217 0006 60B1     		cbz	r0, .L36
 218              	.L33:
 219 0008 B4F1807F 		cmp	r4, #16777216
 220 000c 10D2     		bcs	.L37
 221              	.L34:
 222 000e FFF7FEFF 		bl	vPortEnterCritical
 223 0012 3568     		ldr	r5, [r6]
 224 0014 25EA0404 		bic	r4, r5, r4
 225 0018 3460     		str	r4, [r6]
 226 001a FFF7FEFF 		bl	vPortExitCritical
 227 001e 2846     		mov	r0, r5
 228 0020 70BD     		pop	{r4, r5, r6, pc}
ARM GAS  C:\Users\ktkuru\AppData\Local\Temp\ccqv1EvQ.s 			page 5


 229              	.L36:
 230 0022 40F2E112 		movw	r2, #481
 231 0026 0649     		ldr	r1, .L38
 232 0028 0648     		ldr	r0, .L38+4
 233 002a FFF7FEFF 		bl	printf
 234 002e EBE7     		b	.L33
 235              	.L37:
 236 0030 4FF4F172 		mov	r2, #482
 237 0034 0249     		ldr	r1, .L38
 238 0036 0348     		ldr	r0, .L38+4
 239 0038 FFF7FEFF 		bl	printf
 240 003c E7E7     		b	.L34
 241              	.L39:
 242 003e 00BF     		.align	2
 243              	.L38:
 244 0040 00000000 		.word	.LC0
 245 0044 14000000 		.word	.LC1
 247              		.section	.text.vEventGroupClearBitsCallback,"ax",%progbits
 248              		.align	1
 249              		.global	vEventGroupClearBitsCallback
 250              		.syntax unified
 251              		.thumb
 252              		.thumb_func
 254              	vEventGroupClearBitsCallback:
 255              		@ args = 0, pretend = 0, frame = 0
 256              		@ frame_needed = 0, uses_anonymous_args = 0
 257 0000 08B5     		push	{r3, lr}
 258 0002 FFF7FEFF 		bl	xEventGroupClearBits
 259 0006 08BD     		pop	{r3, pc}
 261              		.section	.text.xEventGroupClearBitsFromISR,"ax",%progbits
 262              		.align	1
 263              		.global	xEventGroupClearBitsFromISR
 264              		.syntax unified
 265              		.thumb
 266              		.thumb_func
 268              	xEventGroupClearBitsFromISR:
 269              		@ args = 0, pretend = 0, frame = 0
 270              		@ frame_needed = 0, uses_anonymous_args = 0
 271 0000 08B5     		push	{r3, lr}
 272 0002 0A46     		mov	r2, r1
 273 0004 0023     		movs	r3, #0
 274 0006 0146     		mov	r1, r0
 275 0008 0148     		ldr	r0, .L44
 276 000a FFF7FEFF 		bl	xTimerPendFunctionCallFromISR
 277 000e 08BD     		pop	{r3, pc}
 278              	.L45:
 279              		.align	2
 280              	.L44:
 281 0010 00000000 		.word	vEventGroupClearBitsCallback
 283              		.section	.text.xEventGroupGetBitsFromISR,"ax",%progbits
 284              		.align	1
 285              		.global	xEventGroupGetBitsFromISR
 286              		.syntax unified
 287              		.thumb
 288              		.thumb_func
 290              	xEventGroupGetBitsFromISR:
 291              		@ args = 0, pretend = 0, frame = 0
ARM GAS  C:\Users\ktkuru\AppData\Local\Temp\ccqv1EvQ.s 			page 6


 292              		@ frame_needed = 0, uses_anonymous_args = 0
 293              		@ link register save eliminated.
 294              		.syntax unified
 295              	@ 214 "RTOS/portable/GCC/ARM_CM4F/portmacro.h" 1
 296 0000 EFF31183 			mrs r3, basepri											
 297 0004 4FF05002 		mov r2, #80												
 298 0008 82F31188 		msr basepri, r2											
 299 000c BFF36F8F 		isb														
 300 0010 BFF34F8F 		dsb														
 301              	
 302              	@ 0 "" 2
 303              		.thumb
 304              		.syntax unified
 305 0014 0068     		ldr	r0, [r0]
 306              		.syntax unified
 307              	@ 232 "RTOS/portable/GCC/ARM_CM4F/portmacro.h" 1
 308 0016 83F31188 			msr basepri, r3	
 309              	@ 0 "" 2
 310              		.thumb
 311              		.syntax unified
 312 001a 7047     		bx	lr
 314              		.section	.text.xEventGroupSetBits,"ax",%progbits
 315              		.align	1
 316              		.global	xEventGroupSetBits
 317              		.syntax unified
 318              		.thumb
 319              		.thumb_func
 321              	xEventGroupSetBits:
 322              		@ args = 0, pretend = 0, frame = 0
 323              		@ frame_needed = 0, uses_anonymous_args = 0
 324 0000 F8B5     		push	{r3, r4, r5, r6, r7, lr}
 325 0002 0D46     		mov	r5, r1
 326 0004 0446     		mov	r4, r0
 327 0006 60B1     		cbz	r0, .L57
 328              	.L48:
 329 0008 B5F1807F 		cmp	r5, #16777216
 330 000c 10D2     		bcs	.L58
 331              	.L49:
 332 000e 04F10C06 		add	r6, r4, #12
 333 0012 FFF7FEFF 		bl	vTaskSuspendAll
 334 0016 2069     		ldr	r0, [r4, #16]
 335 0018 2368     		ldr	r3, [r4]
 336 001a 2B43     		orrs	r3, r3, r5
 337 001c 2360     		str	r3, [r4]
 338 001e 0027     		movs	r7, #0
 339 0020 18E0     		b	.L50
 340              	.L57:
 341 0022 40F22222 		movw	r2, #546
 342 0026 1849     		ldr	r1, .L60
 343 0028 1848     		ldr	r0, .L60+4
 344 002a FFF7FEFF 		bl	printf
 345 002e EBE7     		b	.L48
 346              	.L58:
 347 0030 40F22322 		movw	r2, #547
 348 0034 1449     		ldr	r1, .L60
 349 0036 1548     		ldr	r0, .L60+4
 350 0038 FFF7FEFF 		bl	printf
ARM GAS  C:\Users\ktkuru\AppData\Local\Temp\ccqv1EvQ.s 			page 7


 351 003c E7E7     		b	.L49
 352              	.L51:
 353 003e 2168     		ldr	r1, [r4]
 354 0040 32EA0101 		bics	r1, r2, r1
 355 0044 05D1     		bne	.L53
 356 0046 11E0     		b	.L52
 357              	.L54:
 358 0048 2168     		ldr	r1, [r4]
 359 004a 41F00071 		orr	r1, r1, #33554432
 360 004e FFF7FEFF 		bl	vTaskRemoveFromUnorderedEventList
 361              	.L53:
 362 0052 2846     		mov	r0, r5
 363              	.L50:
 364 0054 B042     		cmp	r0, r6
 365 0056 0ED0     		beq	.L59
 366 0058 4568     		ldr	r5, [r0, #4]
 367 005a 0368     		ldr	r3, [r0]
 368 005c 23F07F42 		bic	r2, r3, #-16777216
 369 0060 13F0806F 		tst	r3, #67108864
 370 0064 EBD1     		bne	.L51
 371 0066 2168     		ldr	r1, [r4]
 372 0068 1142     		tst	r1, r2
 373 006a F2D0     		beq	.L53
 374              	.L52:
 375 006c 13F0807F 		tst	r3, #16777216
 376 0070 EAD0     		beq	.L54
 377 0072 1743     		orrs	r7, r7, r2
 378 0074 E8E7     		b	.L54
 379              	.L59:
 380 0076 2368     		ldr	r3, [r4]
 381 0078 23EA0703 		bic	r3, r3, r7
 382 007c 2360     		str	r3, [r4]
 383 007e FFF7FEFF 		bl	xTaskResumeAll
 384 0082 2068     		ldr	r0, [r4]
 385 0084 F8BD     		pop	{r3, r4, r5, r6, r7, pc}
 386              	.L61:
 387 0086 00BF     		.align	2
 388              	.L60:
 389 0088 00000000 		.word	.LC0
 390 008c 14000000 		.word	.LC1
 392              		.section	.text.xEventGroupSync,"ax",%progbits
 393              		.align	1
 394              		.global	xEventGroupSync
 395              		.syntax unified
 396              		.thumb
 397              		.thumb_func
 399              	xEventGroupSync:
 400              		@ args = 0, pretend = 0, frame = 0
 401              		@ frame_needed = 0, uses_anonymous_args = 0
 402 0000 2DE9F041 		push	{r4, r5, r6, r7, r8, lr}
 403 0004 0646     		mov	r6, r0
 404 0006 0D46     		mov	r5, r1
 405 0008 1746     		mov	r7, r2
 406 000a 9846     		mov	r8, r3
 407 000c B2F1807F 		cmp	r2, #16777216
 408 0010 30D2     		bcs	.L74
 409              	.L63:
ARM GAS  C:\Users\ktkuru\AppData\Local\Temp\ccqv1EvQ.s 			page 8


 410 0012 AFB3     		cbz	r7, .L75
 411              	.L64:
 412 0014 FFF7FEFF 		bl	xTaskGetSchedulerState
 413 0018 10B9     		cbnz	r0, .L65
 414 001a B8F1000F 		cmp	r8, #0
 415 001e 35D1     		bne	.L76
 416              	.L65:
 417 0020 FFF7FEFF 		bl	vTaskSuspendAll
 418 0024 3468     		ldr	r4, [r6]
 419 0026 2946     		mov	r1, r5
 420 0028 3046     		mov	r0, r6
 421 002a FFF7FEFF 		bl	xEventGroupSetBits
 422 002e 2C43     		orrs	r4, r4, r5
 423 0030 37EA0403 		bics	r3, r7, r4
 424 0034 30D0     		beq	.L77
 425 0036 B8F1000F 		cmp	r8, #0
 426 003a 34D1     		bne	.L78
 427 003c 3468     		ldr	r4, [r6]
 428              	.L67:
 429 003e FFF7FEFF 		bl	xTaskResumeAll
 430 0042 B8F1000F 		cmp	r8, #0
 431 0046 12D0     		beq	.L62
 432 0048 48B9     		cbnz	r0, .L70
 433 004a 4FF0E023 		mov	r3, #-536813568
 434 004e 4FF08052 		mov	r2, #268435456
 435 0052 C3F8042D 		str	r2, [r3, #3332]
 436              		.syntax unified
 437              	@ 261 "RTOS/event_groups.c" 1
 438 0056 BFF34F8F 		dsb
 439              	@ 0 "" 2
 440              	@ 261 "RTOS/event_groups.c" 1
 441 005a BFF36F8F 		isb
 442              	@ 0 "" 2
 443              		.thumb
 444              		.syntax unified
 445              	.L70:
 446 005e FFF7FEFF 		bl	uxTaskResetEventItemValue
 447 0062 0446     		mov	r4, r0
 448 0064 10F0007F 		tst	r0, #33554432
 449 0068 25D0     		beq	.L79
 450              	.L71:
 451 006a 24F07F44 		bic	r4, r4, #-16777216
 452              	.L62:
 453 006e 2046     		mov	r0, r4
 454 0070 BDE8F081 		pop	{r4, r5, r6, r7, r8, pc}
 455              	.L74:
 456 0074 CC22     		movs	r2, #204
 457 0076 1649     		ldr	r1, .L81
 458 0078 1648     		ldr	r0, .L81+4
 459 007a FFF7FEFF 		bl	printf
 460 007e C8E7     		b	.L63
 461              	.L75:
 462 0080 CD22     		movs	r2, #205
 463 0082 1349     		ldr	r1, .L81
 464 0084 1348     		ldr	r0, .L81+4
 465 0086 FFF7FEFF 		bl	printf
 466 008a C3E7     		b	.L64
ARM GAS  C:\Users\ktkuru\AppData\Local\Temp\ccqv1EvQ.s 			page 9


 467              	.L76:
 468 008c D022     		movs	r2, #208
 469 008e 1049     		ldr	r1, .L81
 470 0090 1048     		ldr	r0, .L81+4
 471 0092 FFF7FEFF 		bl	printf
 472 0096 C3E7     		b	.L65
 473              	.L77:
 474 0098 3368     		ldr	r3, [r6]
 475 009a 23EA0703 		bic	r3, r3, r7
 476 009e 3360     		str	r3, [r6]
 477 00a0 4FF00008 		mov	r8, #0
 478 00a4 CBE7     		b	.L67
 479              	.L78:
 480 00a6 4246     		mov	r2, r8
 481 00a8 47F0A061 		orr	r1, r7, #83886080
 482 00ac 301D     		adds	r0, r6, #4
 483 00ae FFF7FEFF 		bl	vTaskPlaceOnUnorderedEventList
 484 00b2 0024     		movs	r4, #0
 485 00b4 C3E7     		b	.L67
 486              	.L79:
 487 00b6 FFF7FEFF 		bl	vPortEnterCritical
 488 00ba 3468     		ldr	r4, [r6]
 489 00bc 37EA0403 		bics	r3, r7, r4
 490 00c0 02D0     		beq	.L80
 491              	.L72:
 492 00c2 FFF7FEFF 		bl	vPortExitCritical
 493 00c6 D0E7     		b	.L71
 494              	.L80:
 495 00c8 24EA0707 		bic	r7, r4, r7
 496 00cc 3760     		str	r7, [r6]
 497 00ce F8E7     		b	.L72
 498              	.L82:
 499              		.align	2
 500              	.L81:
 501 00d0 00000000 		.word	.LC0
 502 00d4 14000000 		.word	.LC1
 504              		.section	.text.vEventGroupSetBitsCallback,"ax",%progbits
 505              		.align	1
 506              		.global	vEventGroupSetBitsCallback
 507              		.syntax unified
 508              		.thumb
 509              		.thumb_func
 511              	vEventGroupSetBitsCallback:
 512              		@ args = 0, pretend = 0, frame = 0
 513              		@ frame_needed = 0, uses_anonymous_args = 0
 514 0000 08B5     		push	{r3, lr}
 515 0002 FFF7FEFF 		bl	xEventGroupSetBits
 516 0006 08BD     		pop	{r3, pc}
 518              		.section	.text.vEventGroupDelete,"ax",%progbits
 519              		.align	1
 520              		.global	vEventGroupDelete
 521              		.syntax unified
 522              		.thumb
 523              		.thumb_func
 525              	vEventGroupDelete:
 526              		@ args = 0, pretend = 0, frame = 0
 527              		@ frame_needed = 0, uses_anonymous_args = 0
ARM GAS  C:\Users\ktkuru\AppData\Local\Temp\ccqv1EvQ.s 			page 10


 528 0000 10B5     		push	{r4, lr}
 529 0002 0446     		mov	r4, r0
 530 0004 10B1     		cbz	r0, .L91
 531              	.L86:
 532 0006 FFF7FEFF 		bl	vTaskSuspendAll
 533 000a 0BE0     		b	.L87
 534              	.L91:
 535 000c 40F27A22 		movw	r2, #634
 536 0010 0E49     		ldr	r1, .L93
 537 0012 0F48     		ldr	r0, .L93+4
 538 0014 FFF7FEFF 		bl	printf
 539 0018 F5E7     		b	.L86
 540              	.L88:
 541 001a 4FF00071 		mov	r1, #33554432
 542 001e 2069     		ldr	r0, [r4, #16]
 543 0020 FFF7FEFF 		bl	vTaskRemoveFromUnorderedEventList
 544              	.L87:
 545 0024 6368     		ldr	r3, [r4, #4]
 546 0026 5BB1     		cbz	r3, .L92
 547 0028 2269     		ldr	r2, [r4, #16]
 548 002a 04F10C03 		add	r3, r4, #12
 549 002e 9A42     		cmp	r2, r3
 550 0030 F3D1     		bne	.L88
 551 0032 40F28622 		movw	r2, #646
 552 0036 0549     		ldr	r1, .L93
 553 0038 0548     		ldr	r0, .L93+4
 554 003a FFF7FEFF 		bl	printf
 555 003e ECE7     		b	.L88
 556              	.L92:
 557 0040 FFF7FEFF 		bl	xTaskResumeAll
 558 0044 2046     		mov	r0, r4
 559 0046 FFF7FEFF 		bl	vPortFree
 560 004a 10BD     		pop	{r4, pc}
 561              	.L94:
 562              		.align	2
 563              	.L93:
 564 004c 00000000 		.word	.LC0
 565 0050 14000000 		.word	.LC1
 567              		.section	.text.xEventGroupSetBitsFromISR,"ax",%progbits
 568              		.align	1
 569              		.global	xEventGroupSetBitsFromISR
 570              		.syntax unified
 571              		.thumb
 572              		.thumb_func
 574              	xEventGroupSetBitsFromISR:
 575              		@ args = 0, pretend = 0, frame = 0
 576              		@ frame_needed = 0, uses_anonymous_args = 0
 577 0000 08B5     		push	{r3, lr}
 578 0002 1346     		mov	r3, r2
 579 0004 0A46     		mov	r2, r1
 580 0006 0146     		mov	r1, r0
 581 0008 0148     		ldr	r0, .L97
 582 000a FFF7FEFF 		bl	xTimerPendFunctionCallFromISR
 583 000e 08BD     		pop	{r3, pc}
 584              	.L98:
 585              		.align	2
 586              	.L97:
ARM GAS  C:\Users\ktkuru\AppData\Local\Temp\ccqv1EvQ.s 			page 11


 587 0010 00000000 		.word	vEventGroupSetBitsCallback
 589              		.section	.text.uxEventGroupGetNumber,"ax",%progbits
 590              		.align	1
 591              		.global	uxEventGroupGetNumber
 592              		.syntax unified
 593              		.thumb
 594              		.thumb_func
 596              	uxEventGroupGetNumber:
 597              		@ args = 0, pretend = 0, frame = 0
 598              		@ frame_needed = 0, uses_anonymous_args = 0
 599              		@ link register save eliminated.
 600 0000 08B1     		cbz	r0, .L101
 601 0002 8069     		ldr	r0, [r0, #24]
 602 0004 7047     		bx	lr
 603              	.L101:
 604 0006 0020     		movs	r0, #0
 605 0008 7047     		bx	lr
 607              		.section	.text.vEventGroupSetNumber,"ax",%progbits
 608              		.align	1
 609              		.global	vEventGroupSetNumber
 610              		.syntax unified
 611              		.thumb
 612              		.thumb_func
 614              	vEventGroupSetNumber:
 615              		@ args = 0, pretend = 0, frame = 0
 616              		@ frame_needed = 0, uses_anonymous_args = 0
 617              		@ link register save eliminated.
 618 0000 8161     		str	r1, [r0, #24]
 619 0002 7047     		bx	lr
 621              		.ident	"GCC: (Arm GNU Toolchain 13.3.Rel1 (Build arm-13.24)) 13.3.1 20240614"
ARM GAS  C:\Users\ktkuru\AppData\Local\Temp\ccqv1EvQ.s 			page 12


DEFINED SYMBOLS
                            *ABS*:00000000 event_groups.c
C:\Users\ktkuru\AppData\Local\Temp\ccqv1EvQ.s:18     .text.prvTestWaitCondition:00000000 $t
C:\Users\ktkuru\AppData\Local\Temp\ccqv1EvQ.s:23     .text.prvTestWaitCondition:00000000 prvTestWaitCondition
C:\Users\ktkuru\AppData\Local\Temp\ccqv1EvQ.s:45     .text.xEventGroupCreate:00000000 $t
C:\Users\ktkuru\AppData\Local\Temp\ccqv1EvQ.s:51     .text.xEventGroupCreate:00000000 xEventGroupCreate
C:\Users\ktkuru\AppData\Local\Temp\ccqv1EvQ.s:67     .rodata.xEventGroupWaitBits.str1.4:00000000 $d
C:\Users\ktkuru\AppData\Local\Temp\ccqv1EvQ.s:74     .text.xEventGroupWaitBits:00000000 $t
C:\Users\ktkuru\AppData\Local\Temp\ccqv1EvQ.s:80     .text.xEventGroupWaitBits:00000000 xEventGroupWaitBits
C:\Users\ktkuru\AppData\Local\Temp\ccqv1EvQ.s:201    .text.xEventGroupWaitBits:00000108 $d
C:\Users\ktkuru\AppData\Local\Temp\ccqv1EvQ.s:205    .text.xEventGroupClearBits:00000000 $t
C:\Users\ktkuru\AppData\Local\Temp\ccqv1EvQ.s:211    .text.xEventGroupClearBits:00000000 xEventGroupClearBits
C:\Users\ktkuru\AppData\Local\Temp\ccqv1EvQ.s:244    .text.xEventGroupClearBits:00000040 $d
C:\Users\ktkuru\AppData\Local\Temp\ccqv1EvQ.s:248    .text.vEventGroupClearBitsCallback:00000000 $t
C:\Users\ktkuru\AppData\Local\Temp\ccqv1EvQ.s:254    .text.vEventGroupClearBitsCallback:00000000 vEventGroupClearBitsCallback
C:\Users\ktkuru\AppData\Local\Temp\ccqv1EvQ.s:262    .text.xEventGroupClearBitsFromISR:00000000 $t
C:\Users\ktkuru\AppData\Local\Temp\ccqv1EvQ.s:268    .text.xEventGroupClearBitsFromISR:00000000 xEventGroupClearBitsFromISR
C:\Users\ktkuru\AppData\Local\Temp\ccqv1EvQ.s:281    .text.xEventGroupClearBitsFromISR:00000010 $d
C:\Users\ktkuru\AppData\Local\Temp\ccqv1EvQ.s:284    .text.xEventGroupGetBitsFromISR:00000000 $t
C:\Users\ktkuru\AppData\Local\Temp\ccqv1EvQ.s:290    .text.xEventGroupGetBitsFromISR:00000000 xEventGroupGetBitsFromISR
C:\Users\ktkuru\AppData\Local\Temp\ccqv1EvQ.s:315    .text.xEventGroupSetBits:00000000 $t
C:\Users\ktkuru\AppData\Local\Temp\ccqv1EvQ.s:321    .text.xEventGroupSetBits:00000000 xEventGroupSetBits
C:\Users\ktkuru\AppData\Local\Temp\ccqv1EvQ.s:389    .text.xEventGroupSetBits:00000088 $d
C:\Users\ktkuru\AppData\Local\Temp\ccqv1EvQ.s:393    .text.xEventGroupSync:00000000 $t
C:\Users\ktkuru\AppData\Local\Temp\ccqv1EvQ.s:399    .text.xEventGroupSync:00000000 xEventGroupSync
C:\Users\ktkuru\AppData\Local\Temp\ccqv1EvQ.s:501    .text.xEventGroupSync:000000d0 $d
C:\Users\ktkuru\AppData\Local\Temp\ccqv1EvQ.s:505    .text.vEventGroupSetBitsCallback:00000000 $t
C:\Users\ktkuru\AppData\Local\Temp\ccqv1EvQ.s:511    .text.vEventGroupSetBitsCallback:00000000 vEventGroupSetBitsCallback
C:\Users\ktkuru\AppData\Local\Temp\ccqv1EvQ.s:519    .text.vEventGroupDelete:00000000 $t
C:\Users\ktkuru\AppData\Local\Temp\ccqv1EvQ.s:525    .text.vEventGroupDelete:00000000 vEventGroupDelete
C:\Users\ktkuru\AppData\Local\Temp\ccqv1EvQ.s:564    .text.vEventGroupDelete:0000004c $d
C:\Users\ktkuru\AppData\Local\Temp\ccqv1EvQ.s:568    .text.xEventGroupSetBitsFromISR:00000000 $t
C:\Users\ktkuru\AppData\Local\Temp\ccqv1EvQ.s:574    .text.xEventGroupSetBitsFromISR:00000000 xEventGroupSetBitsFromISR
C:\Users\ktkuru\AppData\Local\Temp\ccqv1EvQ.s:587    .text.xEventGroupSetBitsFromISR:00000010 $d
C:\Users\ktkuru\AppData\Local\Temp\ccqv1EvQ.s:590    .text.uxEventGroupGetNumber:00000000 $t
C:\Users\ktkuru\AppData\Local\Temp\ccqv1EvQ.s:596    .text.uxEventGroupGetNumber:00000000 uxEventGroupGetNumber
C:\Users\ktkuru\AppData\Local\Temp\ccqv1EvQ.s:608    .text.vEventGroupSetNumber:00000000 $t
C:\Users\ktkuru\AppData\Local\Temp\ccqv1EvQ.s:614    .text.vEventGroupSetNumber:00000000 vEventGroupSetNumber

UNDEFINED SYMBOLS
pvPortMalloc
vListInitialise
xTaskGetSchedulerState
vTaskSuspendAll
printf
vTaskPlaceOnUnorderedEventList
xTaskResumeAll
uxTaskResetEventItemValue
vPortEnterCritical
vPortExitCritical
xTimerPendFunctionCallFromISR
vTaskRemoveFromUnorderedEventList
vPortFree
