ARM GAS  C:\Users\ktkuru\AppData\Local\Temp\ccq4uzMs.s 			page 1


   1              		.cpu cortex-m4
   2              		.arch armv7e-m
   3              		.fpu fpv4-sp-d16
   4              		.eabi_attribute 27, 1
   5              		.eabi_attribute 28, 1
   6              		.eabi_attribute 20, 1
   7              		.eabi_attribute 21, 1
   8              		.eabi_attribute 23, 3
   9              		.eabi_attribute 24, 1
  10              		.eabi_attribute 25, 1
  11              		.eabi_attribute 26, 1
  12              		.eabi_attribute 30, 1
  13              		.eabi_attribute 34, 1
  14              		.eabi_attribute 18, 4
  15              		.file	"misc.c"
  16              		.text
  17              		.section	.text.NVIC_PriorityGroupConfig,"ax",%progbits
  18              		.align	1
  19              		.global	NVIC_PriorityGroupConfig
  20              		.syntax unified
  21              		.thumb
  22              		.thumb_func
  24              	NVIC_PriorityGroupConfig:
  25              		@ args = 0, pretend = 0, frame = 0
  26              		@ frame_needed = 0, uses_anonymous_args = 0
  27              		@ link register save eliminated.
  28 0000 40F0BF60 		orr	r0, r0, #100139008
  29 0004 40F40030 		orr	r0, r0, #131072
  30 0008 014B     		ldr	r3, .L2
  31 000a D860     		str	r0, [r3, #12]
  32 000c 7047     		bx	lr
  33              	.L3:
  34 000e 00BF     		.align	2
  35              	.L2:
  36 0010 00ED00E0 		.word	-536810240
  38              		.section	.text.NVIC_Init,"ax",%progbits
  39              		.align	1
  40              		.global	NVIC_Init
  41              		.syntax unified
  42              		.thumb
  43              		.thumb_func
  45              	NVIC_Init:
  46              		@ args = 0, pretend = 0, frame = 0
  47              		@ frame_needed = 0, uses_anonymous_args = 0
  48              		@ link register save eliminated.
  49 0000 C378     		ldrb	r3, [r0, #3]	@ zero_extendqisi2
  50 0002 FBB1     		cbz	r3, .L5
  51 0004 154B     		ldr	r3, .L7
  52 0006 DA68     		ldr	r2, [r3, #12]
  53 0008 D243     		mvns	r2, r2
  54 000a C2F30222 		ubfx	r2, r2, #8, #3
  55 000e C2F10401 		rsb	r1, r2, #4
  56 0012 C9B2     		uxtb	r1, r1
  57 0014 0F23     		movs	r3, #15
  58 0016 1341     		asrs	r3, r3, r2
  59 0018 4278     		ldrb	r2, [r0, #1]	@ zero_extendqisi2
  60 001a 8A40     		lsls	r2, r2, r1
ARM GAS  C:\Users\ktkuru\AppData\Local\Temp\ccq4uzMs.s 			page 2


  61 001c D2B2     		uxtb	r2, r2
  62 001e 8178     		ldrb	r1, [r0, #2]	@ zero_extendqisi2
  63 0020 0B40     		ands	r3, r3, r1
  64 0022 1343     		orrs	r3, r3, r2
  65 0024 1B01     		lsls	r3, r3, #4
  66 0026 DBB2     		uxtb	r3, r3
  67 0028 0278     		ldrb	r2, [r0]	@ zero_extendqisi2
  68 002a 0D49     		ldr	r1, .L7+4
  69 002c 0A44     		add	r2, r2, r1
  70 002e 82F80033 		strb	r3, [r2, #768]
  71 0032 0378     		ldrb	r3, [r0]	@ zero_extendqisi2
  72 0034 03F01F00 		and	r0, r3, #31
  73 0038 5B09     		lsrs	r3, r3, #5
  74 003a 0122     		movs	r2, #1
  75 003c 8240     		lsls	r2, r2, r0
  76 003e 41F82320 		str	r2, [r1, r3, lsl #2]
  77 0042 7047     		bx	lr
  78              	.L5:
  79 0044 0378     		ldrb	r3, [r0]	@ zero_extendqisi2
  80 0046 03F01F01 		and	r1, r3, #31
  81 004a 5B09     		lsrs	r3, r3, #5
  82 004c 0122     		movs	r2, #1
  83 004e 8A40     		lsls	r2, r2, r1
  84 0050 2033     		adds	r3, r3, #32
  85 0052 0349     		ldr	r1, .L7+4
  86 0054 41F82320 		str	r2, [r1, r3, lsl #2]
  87 0058 7047     		bx	lr
  88              	.L8:
  89 005a 00BF     		.align	2
  90              	.L7:
  91 005c 00ED00E0 		.word	-536810240
  92 0060 00E100E0 		.word	-536813312
  94              		.section	.text.NVIC_SetVectorTable,"ax",%progbits
  95              		.align	1
  96              		.global	NVIC_SetVectorTable
  97              		.syntax unified
  98              		.thumb
  99              		.thumb_func
 101              	NVIC_SetVectorTable:
 102              		@ args = 0, pretend = 0, frame = 0
 103              		@ frame_needed = 0, uses_anonymous_args = 0
 104              		@ link register save eliminated.
 105 0000 21F06041 		bic	r1, r1, #-536870912
 106 0004 21F07F01 		bic	r1, r1, #127
 107 0008 0143     		orrs	r1, r1, r0
 108 000a 014B     		ldr	r3, .L10
 109 000c 9960     		str	r1, [r3, #8]
 110 000e 7047     		bx	lr
 111              	.L11:
 112              		.align	2
 113              	.L10:
 114 0010 00ED00E0 		.word	-536810240
 116              		.section	.text.NVIC_SystemLPConfig,"ax",%progbits
 117              		.align	1
 118              		.global	NVIC_SystemLPConfig
 119              		.syntax unified
 120              		.thumb
ARM GAS  C:\Users\ktkuru\AppData\Local\Temp\ccq4uzMs.s 			page 3


 121              		.thumb_func
 123              	NVIC_SystemLPConfig:
 124              		@ args = 0, pretend = 0, frame = 0
 125              		@ frame_needed = 0, uses_anonymous_args = 0
 126              		@ link register save eliminated.
 127 0000 21B1     		cbz	r1, .L13
 128 0002 054B     		ldr	r3, .L15
 129 0004 1A69     		ldr	r2, [r3, #16]
 130 0006 1043     		orrs	r0, r0, r2
 131 0008 1861     		str	r0, [r3, #16]
 132 000a 7047     		bx	lr
 133              	.L13:
 134 000c 024A     		ldr	r2, .L15
 135 000e 1369     		ldr	r3, [r2, #16]
 136 0010 23EA0003 		bic	r3, r3, r0
 137 0014 1361     		str	r3, [r2, #16]
 138 0016 7047     		bx	lr
 139              	.L16:
 140              		.align	2
 141              	.L15:
 142 0018 00ED00E0 		.word	-536810240
 144              		.section	.text.SysTick_CLKSourceConfig,"ax",%progbits
 145              		.align	1
 146              		.global	SysTick_CLKSourceConfig
 147              		.syntax unified
 148              		.thumb
 149              		.thumb_func
 151              	SysTick_CLKSourceConfig:
 152              		@ args = 0, pretend = 0, frame = 0
 153              		@ frame_needed = 0, uses_anonymous_args = 0
 154              		@ link register save eliminated.
 155 0000 0428     		cmp	r0, #4
 156 0002 06D0     		beq	.L20
 157 0004 4FF0E022 		mov	r2, #-536813568
 158 0008 1369     		ldr	r3, [r2, #16]
 159 000a 23F00403 		bic	r3, r3, #4
 160 000e 1361     		str	r3, [r2, #16]
 161 0010 7047     		bx	lr
 162              	.L20:
 163 0012 4FF0E022 		mov	r2, #-536813568
 164 0016 1369     		ldr	r3, [r2, #16]
 165 0018 43F00403 		orr	r3, r3, #4
 166 001c 1361     		str	r3, [r2, #16]
 167 001e 7047     		bx	lr
 169              		.ident	"GCC: (Arm GNU Toolchain 13.3.Rel1 (Build arm-13.24)) 13.3.1 20240614"
ARM GAS  C:\Users\ktkuru\AppData\Local\Temp\ccq4uzMs.s 			page 4


DEFINED SYMBOLS
                            *ABS*:00000000 misc.c
C:\Users\ktkuru\AppData\Local\Temp\ccq4uzMs.s:18     .text.NVIC_PriorityGroupConfig:00000000 $t
C:\Users\ktkuru\AppData\Local\Temp\ccq4uzMs.s:24     .text.NVIC_PriorityGroupConfig:00000000 NVIC_PriorityGroupConfig
C:\Users\ktkuru\AppData\Local\Temp\ccq4uzMs.s:36     .text.NVIC_PriorityGroupConfig:00000010 $d
C:\Users\ktkuru\AppData\Local\Temp\ccq4uzMs.s:39     .text.NVIC_Init:00000000 $t
C:\Users\ktkuru\AppData\Local\Temp\ccq4uzMs.s:45     .text.NVIC_Init:00000000 NVIC_Init
C:\Users\ktkuru\AppData\Local\Temp\ccq4uzMs.s:91     .text.NVIC_Init:0000005c $d
C:\Users\ktkuru\AppData\Local\Temp\ccq4uzMs.s:95     .text.NVIC_SetVectorTable:00000000 $t
C:\Users\ktkuru\AppData\Local\Temp\ccq4uzMs.s:101    .text.NVIC_SetVectorTable:00000000 NVIC_SetVectorTable
C:\Users\ktkuru\AppData\Local\Temp\ccq4uzMs.s:114    .text.NVIC_SetVectorTable:00000010 $d
C:\Users\ktkuru\AppData\Local\Temp\ccq4uzMs.s:117    .text.NVIC_SystemLPConfig:00000000 $t
C:\Users\ktkuru\AppData\Local\Temp\ccq4uzMs.s:123    .text.NVIC_SystemLPConfig:00000000 NVIC_SystemLPConfig
C:\Users\ktkuru\AppData\Local\Temp\ccq4uzMs.s:142    .text.NVIC_SystemLPConfig:00000018 $d
C:\Users\ktkuru\AppData\Local\Temp\ccq4uzMs.s:145    .text.SysTick_CLKSourceConfig:00000000 $t
C:\Users\ktkuru\AppData\Local\Temp\ccq4uzMs.s:151    .text.SysTick_CLKSourceConfig:00000000 SysTick_CLKSourceConfig

NO UNDEFINED SYMBOLS
