ARM GAS  C:\Users\ktkuru\AppData\Local\Temp\ccIzqUK8.s 			page 1


   1              		.cpu cortex-m4
   2              		.arch armv7e-m
   3              		.fpu fpv4-sp-d16
   4              		.eabi_attribute 27, 1
   5              		.eabi_attribute 28, 1
   6              		.eabi_attribute 20, 1
   7              		.eabi_attribute 21, 1
   8              		.eabi_attribute 23, 3
   9              		.eabi_attribute 24, 1
  10              		.eabi_attribute 25, 1
  11              		.eabi_attribute 26, 1
  12              		.eabi_attribute 30, 1
  13              		.eabi_attribute 34, 1
  14              		.eabi_attribute 18, 4
  15              		.file	"OLED_Data.c"
  16              		.text
  17              		.global	Diode
  18              		.section	.rodata.Diode,"a"
  19              		.align	2
  22              	Diode:
  23 0000 FF018181 		.ascii	"\377\001\201\201\201\375\211\221\241\301\375\201\201"
  23      81FD8991 
  23      A1C1FD81 
  23      81
  24 000d 8101FFFF 		.ascii	"\201\001\377\377\200\200\200\200\237\210\204\202\201"
  24      80808080 
  24      9F888482 
  24      81
  25 001a 9F808080 		.ascii	"\237\200\200\200\200\377"
  25      80FF
  26              		.global	OLED_CF16x16
  27              		.section	.rodata.OLED_CF16x16,"a"
  28              		.align	2
  31              	OLED_CF16x16:
  32 0000 A3AC00   		.ascii	"\243\254\000"
  33 0003 00000000 		.ascii	"\000\000\000\000\000\000\000\000\000\000\000\000\000"
  33      00000000 
  33      00000000 
  33      00
  34 0010 00000000 		.ascii	"\000\000\000\000\000X8\000\000\000\000\000\000\000\000"
  34      00583800 
  34      00000000 
  34      000000
  35 001f 00000000 		.ascii	"\000\000\000\000"
  36 0023 A1A300   		.ascii	"\241\243\000"
  37 0026 00000000 		.ascii	"\000\000\000\000\000\000\000\000\000\000\000\000\000"
  37      00000000 
  37      00000000 
  37      00
  38 0033 00000000 		.ascii	"\000\000\000\000\000\030$$\030\000\000\000\000\000\000"
  38      00182424 
  38      18000000 
  38      000000
  39 0042 00000000 		.ascii	"\000\000\000\000"
  40 0046 C9B500   		.ascii	"\311\265\000"
  41 0049 008060F8 		.ascii	"\000\200`\370\007\000|D\356UT\354D|\000\000\001\000"
  41      07007C44 
ARM GAS  C:\Users\ktkuru\AppData\Local\Temp\ccIzqUK8.s 			page 2


  41      EE5554EC 
  41      447C0000 
  41      0100
  42 005b 00FF0084 		.ascii	"\000\377\000\204\222IV$$TM\202\204\000"
  42      92495624 
  42      24544D82 
  42      8400
  43 0069 B1C600   		.ascii	"\261\306\000"
  44 006c 404042CC 		.ascii	"@@B\314\000\202\272\252\252\252\252\252\272\202\000"
  44      0082BAAA 
  44      AAAAAAAA 
  44      BA8200
  45 007b 00004020 		.ascii	"\000\000@ \037 _JJJOJJJ_@\000"
  45      1F205F4A 
  45      4A4A4F4A 
  45      4A4A5F40 
  45      00
  46 008c D6B800   		.ascii	"\326\270\000"
  47 008f 101010FF 		.ascii	"\020\020\020\377\020\220\000?HHDDDBp\000\004D\202\177"
  47      1090003F 
  47      48484444 
  47      44427000 
  47      0444827F 
  48 00a3 010000FF 		.ascii	"\001\000\000\377IIIII\377\000\000"
  48      49494949 
  48      49FF0000 
  49 00af B6A800   		.ascii	"\266\250\000"
  50 00b2 100C4444 		.ascii	"\020\014DDDDE\306DDDDD\024\014\000\200@ \036 @@\177"
  50      444445C6 
  50      44444444 
  50      44140C00 
  50      8040201E 
  51 00ca 44444444 		.ascii	"DDDDD@@\000"
  51      44404000 
  52 00d2 BDC700   		.ascii	"\275\307\000"
  53 00d5 2010E824 		.ascii	" \020\350$'$$\344$4, \340\000\000\000\200`\037\011\011"
  53      272424E4 
  53      24342C20 
  53      E0000000 
  53      80601F09 
  54 00ea 09097F09 		.ascii	"\011\011\177\011\011I\211\177\000\000\000"
  54      0949897F 
  54      000000
  55 00f5 B6C800   		.ascii	"\266\310\000"
  56 00f8 0000FC24 		.ascii	"\000\000\374$$$\374%&$\374$$$\004\000@0\217\200\204"
  56      2424FC25 
  56      2624FC24 
  56      24240400 
  56      40308F80 
  57 010d 4C552525 		.ascii	"LU%%%UL\200\200\200\000"
  57      25554C80 
  57      808000
  58 0118 B5B100   		.ascii	"\265\261\000"
  59 011b 00404244 		.ascii	"\000@BDX@@\177@@PH\306\000\000\000\000@DDDDDDDDDD\377"
  59      5840407F 
  59      40405048 
  59      C6000000 
ARM GAS  C:\Users\ktkuru\AppData\Local\Temp\ccIzqUK8.s 			page 3


  59      00404444 
  60 0138 000000   		.ascii	"\000\000\000"
  61 013b C7B000   		.ascii	"\307\260\000"
  62 013e 0808E829 		.ascii	"\010\010\350).(\350\010\010\310\014\013\350\010\010"
  62      2E28E808 
  62      08C80C0B 
  62      E80808
  63 014d 000000FF 		.ascii	"\000\000\000\377\011I\211\177\000\000\017@\200\177\000"
  63      0949897F 
  63      00000F40 
  63      807F00
  64 015c 0000     		.ascii	"\000\000"
  65 015e 00       		.ascii	"\000"
  66 015f 0000     		.space	2
  67 0161 FF010101 		.ascii	"\377\001\001\0011\011\011\011\011\211q\001\001\001\001"
  67      31090909 
  67      09897101 
  67      010101
  68 0170 FFFF8080 		.ascii	"\377\377\200\200\200\200\200\200\226\201\200\200\200"
  68      80808080 
  68      96818080 
  68      80
  69 017d 808080FF 		.ascii	"\200\200\200\377"
  70              		.global	OLED_F6x8
  71              		.section	.rodata.OLED_F6x8,"a"
  72              		.align	2
  75              	OLED_F6x8:
  76 0000 00000000 		.ascii	"\000\000\000\000\000\000"
  76      0000
  77 0006 0000002F 		.ascii	"\000\000\000/\000\000"
  77      0000
  78 000c 00000700 		.ascii	"\000\000\007\000\007\000"
  78      0700
  79 0012 00147F14 		.ascii	"\000\024\177\024\177\024"
  79      7F14
  80 0018 00242A7F 		.ascii	"\000$*\177*\022"
  80      2A12
  81 001e 00231308 		.ascii	"\000#\023\010db"
  81      6462
  82 0024 00364955 		.ascii	"\0006IU\"P"
  82      2250
  83 002a 00000007 		.ascii	"\000\000\000\007\000\000"
  83      0000
  84 0030 00001C22 		.ascii	"\000\000\034\"A\000"
  84      4100
  85 0036 00004122 		.ascii	"\000\000A\"\034\000"
  85      1C00
  86 003c 0014083E 		.ascii	"\000\024\010>\010\024"
  86      0814
  87 0042 0008083E 		.ascii	"\000\010\010>\010\010"
  87      0808
  88 0048 000000A0 		.ascii	"\000\000\000\240`\000"
  88      6000
  89 004e 00080808 		.ascii	"\000\010\010\010\010\010"
  89      0808
  90 0054 00006060 		.ascii	"\000\000``\000\000"
  90      0000
ARM GAS  C:\Users\ktkuru\AppData\Local\Temp\ccIzqUK8.s 			page 4


  91 005a 00201008 		.ascii	"\000 \020\010\004\002"
  91      0402
  92 0060 003E5149 		.ascii	"\000>QIE>"
  92      453E
  93 0066 0000427F 		.ascii	"\000\000B\177@\000"
  93      4000
  94 006c 00426151 		.ascii	"\000BaQIF"
  94      4946
  95 0072 00214145 		.ascii	"\000!AEK1"
  95      4B31
  96 0078 00181412 		.ascii	"\000\030\024\022\177\020"
  96      7F10
  97 007e 00274545 		.ascii	"\000'EEE9"
  97      4539
  98 0084 003C4A49 		.ascii	"\000<JII0"
  98      4930
  99 008a 00017109 		.ascii	"\000\001q\011\005\003"
  99      0503
 100 0090 00364949 		.ascii	"\0006III6"
 100      4936
 101 0096 00064949 		.ascii	"\000\006II)\036"
 101      291E
 102 009c 00003636 		.ascii	"\000\00066\000\000"
 102      0000
 103 00a2 00005636 		.ascii	"\000\000V6\000\000"
 103      0000
 104 00a8 00081422 		.ascii	"\000\010\024\"A\000"
 104      4100
 105 00ae 00141414 		.ascii	"\000\024\024\024\024\024"
 105      1414
 106 00b4 00004122 		.ascii	"\000\000A\"\024\010"
 106      1408
 107 00ba 00020151 		.ascii	"\000\002\001Q\011\006"
 107      0906
 108 00c0 003E4955 		.ascii	"\000>IUY."
 108      592E
 109 00c6 007C1211 		.ascii	"\000|\022\021\022|"
 109      127C
 110 00cc 007F4949 		.ascii	"\000\177III6"
 110      4936
 111 00d2 003E4141 		.ascii	"\000>AAA\""
 111      4122
 112 00d8 007F4141 		.ascii	"\000\177AA\"\034"
 112      221C
 113 00de 007F4949 		.ascii	"\000\177IIIA"
 113      4941
 114 00e4 007F0909 		.ascii	"\000\177\011\011\011\001"
 114      0901
 115 00ea 003E4149 		.ascii	"\000>AIIz"
 115      497A
 116 00f0 007F0808 		.ascii	"\000\177\010\010\010\177"
 116      087F
 117 00f6 0000417F 		.ascii	"\000\000A\177A\000"
 117      4100
 118 00fc 00204041 		.ascii	"\000 @A?\001"
 118      3F01
 119 0102 007F0814 		.ascii	"\000\177\010\024\"A"
ARM GAS  C:\Users\ktkuru\AppData\Local\Temp\ccIzqUK8.s 			page 5


 119      2241
 120 0108 007F4040 		.ascii	"\000\177@@@@"
 120      4040
 121 010e 007F020C 		.ascii	"\000\177\002\014\002\177"
 121      027F
 122 0114 007F0408 		.ascii	"\000\177\004\010\020\177"
 122      107F
 123 011a 003E4141 		.ascii	"\000>AAA>"
 123      413E
 124 0120 007F0909 		.ascii	"\000\177\011\011\011\006"
 124      0906
 125 0126 003E4151 		.ascii	"\000>AQ!^"
 125      215E
 126 012c 007F0919 		.ascii	"\000\177\011\031)F"
 126      2946
 127 0132 00464949 		.ascii	"\000FIII1"
 127      4931
 128 0138 0001017F 		.ascii	"\000\001\001\177\001\001"
 128      0101
 129 013e 003F4040 		.ascii	"\000?@@@?"
 129      403F
 130 0144 001F2040 		.ascii	"\000\037 @ \037"
 130      201F
 131 014a 003F4038 		.ascii	"\000?@8@?"
 131      403F
 132 0150 00631408 		.ascii	"\000c\024\010\024c"
 132      1463
 133 0156 00070870 		.ascii	"\000\007\010p\010\007"
 133      0807
 134 015c 00615149 		.ascii	"\000aQIEC"
 134      4543
 135 0162 00007F41 		.ascii	"\000\000\177AA\000"
 135      4100
 136 0168 00020408 		.ascii	"\000\002\004\010\020 "
 136      1020
 137 016e 00004141 		.ascii	"\000\000AA\177\000"
 137      7F00
 138 0174 00040201 		.ascii	"\000\004\002\001\002\004"
 138      0204
 139 017a 00404040 		.ascii	"\000@@@@@"
 139      4040
 140 0180 00000102 		.ascii	"\000\000\001\002\004\000"
 140      0400
 141 0186 00205454 		.ascii	"\000 TTTx"
 141      5478
 142 018c 007F4844 		.ascii	"\000\177HDD8"
 142      4438
 143 0192 00384444 		.ascii	"\0008DDD "
 143      4420
 144 0198 00384444 		.ascii	"\0008DDH\177"
 144      487F
 145 019e 00385454 		.ascii	"\0008TTT\030"
 145      5418
 146 01a4 00087E09 		.ascii	"\000\010~\011\001\002"
 146      0102
 147 01aa 0018A4A4 		.ascii	"\000\030\244\244\244|"
 147      A47C
ARM GAS  C:\Users\ktkuru\AppData\Local\Temp\ccIzqUK8.s 			page 6


 148 01b0 007F0804 		.ascii	"\000\177\010\004\004x"
 148      0478
 149 01b6 0000447D 		.ascii	"\000\000D}@\000"
 149      4000
 150 01bc 00408084 		.ascii	"\000@\200\204}\000"
 150      7D00
 151 01c2 007F1028 		.ascii	"\000\177\020(D\000"
 151      4400
 152 01c8 0000417F 		.ascii	"\000\000A\177@\000"
 152      4000
 153 01ce 007C0418 		.ascii	"\000|\004\030\004x"
 153      0478
 154 01d4 007C0804 		.ascii	"\000|\010\004\004x"
 154      0478
 155 01da 00384444 		.ascii	"\0008DDD8"
 155      4438
 156 01e0 00FC2424 		.ascii	"\000\374$$$\030"
 156      2418
 157 01e6 00182424 		.ascii	"\000\030$$\030\374"
 157      18FC
 158 01ec 007C0804 		.ascii	"\000|\010\004\004\010"
 158      0408
 159 01f2 00485454 		.ascii	"\000HTTT "
 159      5420
 160 01f8 00043F44 		.ascii	"\000\004?D@ "
 160      4020
 161 01fe 003C4040 		.ascii	"\000<@@ |"
 161      207C
 162 0204 001C2040 		.ascii	"\000\034 @ \034"
 162      201C
 163 020a 003C4030 		.ascii	"\000<@0@<"
 163      403C
 164 0210 00442810 		.ascii	"\000D(\020(D"
 164      2844
 165 0216 001CA0A0 		.ascii	"\000\034\240\240\240|"
 165      A07C
 166 021c 00446454 		.ascii	"\000DdTLD"
 166      4C44
 167 0222 0000087F 		.ascii	"\000\000\010\177A\000"
 167      4100
 168 0228 0000007F 		.ascii	"\000\000\000\177\000\000"
 168      0000
 169 022e 0000417F 		.ascii	"\000\000A\177\010\000"
 169      0800
 170 0234 00080408 		.ascii	"\000\010\004\010\020\010"
 170      1008
 171              		.global	OLED_F8x16
 172              		.section	.rodata.OLED_F8x16,"a"
 173              		.align	2
 176              	OLED_F8x16:
 177 0000 00000000 		.ascii	"\000\000\000\000\000\000\000\000\000\000\000\000\000"
 177      00000000 
 177      00000000 
 177      00
 178 000d 000000   		.ascii	"\000\000\000"
 179 0010 000000F8 		.ascii	"\000\000\000\370\000\000\000\000\000\000\00030\000\000"
 179      00000000 
ARM GAS  C:\Users\ktkuru\AppData\Local\Temp\ccIzqUK8.s 			page 7


 179      00000033 
 179      300000
 180 001f 00       		.ascii	"\000"
 181 0020 00160E00 		.ascii	"\000\026\016\000\026\016\000\000\000\000\000\000\000"
 181      160E0000 
 181      00000000 
 181      00
 182 002d 000000   		.ascii	"\000\000\000"
 183 0030 40C07840 		.ascii	"@\300x@\300x@\000\004?\004\004?\004\004\000"
 183      C0784000 
 183      043F0404 
 183      3F040400 
 184 0040 007088FC 		.ascii	"\000p\210\374\0100\000\000\000\030 \377!\036\000\000"
 184      08300000 
 184      001820FF 
 184      211E0000 
 185 0050 F008F000 		.ascii	"\360\010\360\000\340\030\000\000\000!\034\003\036!\036"
 185      E0180000 
 185      00211C03 
 185      1E211E
 186 005f 00       		.ascii	"\000"
 187 0060 00F00888 		.ascii	"\000\360\010\210p\000\000\000\036!#$\031'!\020"
 187      70000000 
 187      1E212324 
 187      19272110 
 188 0070 00000016 		.ascii	"\000\000\000\026\016\000\000\000\000\000\000\000\000"
 188      0E000000 
 188      00000000 
 188      00
 189 007d 000000   		.ascii	"\000\000\000"
 190 0080 000000E0 		.ascii	"\000\000\000\340\030\004\002\000\000\000\000\007\030"
 190      18040200 
 190      00000007 
 190      18
 191 008d 204000   		.ascii	" @\000"
 192 0090 00020418 		.ascii	"\000\002\004\030\340\000\000\000\000@ \030\007\000\000"
 192      E0000000 
 192      00402018 
 192      070000
 193 009f 00       		.ascii	"\000"
 194 00a0 404080F0 		.ascii	"@@\200\360\200@@\000\002\002\001\017\001\002\002\000"
 194      80404000 
 194      0202010F 
 194      01020200 
 195 00b0 000000F0 		.ascii	"\000\000\000\360\000\000\000\000\001\001\001\037\001"
 195      00000000 
 195      0101011F 
 195      01
 196 00bd 010100   		.ascii	"\001\001\000"
 197 00c0 00000000 		.ascii	"\000\000\000\000\000\000\000\000\000\260p\000\000\000"
 197      00000000 
 197      00B07000 
 197      0000
 198 00ce 0000     		.ascii	"\000\000"
 199 00d0 00000000 		.ascii	"\000\000\000\000\000\000\000\000\000\001\001\001\001"
 199      00000000 
 199      00010101 
ARM GAS  C:\Users\ktkuru\AppData\Local\Temp\ccIzqUK8.s 			page 8


 199      01
 200 00dd 010101   		.ascii	"\001\001\001"
 201 00e0 00000000 		.ascii	"\000\000\000\000\000\000\000\000\00000\000\000\000\000"
 201      00000000 
 201      00303000 
 201      000000
 202 00ef 00       		.ascii	"\000"
 203 00f0 00000000 		.ascii	"\000\000\000\000\200`\030\004\000`\030\006\001\000\000"
 203      80601804 
 203      00601806 
 203      010000
 204 00ff 00       		.ascii	"\000"
 205 0100 00E01008 		.ascii	"\000\340\020\010\010\020\340\000\000\017\020  \020\017"
 205      0810E000 
 205      000F1020 
 205      20100F
 206 010f 00       		.ascii	"\000"
 207 0110 001010F8 		.ascii	"\000\020\020\370\000\000\000\000\000  ?  \000\000"
 207      00000000 
 207      0020203F 
 207      20200000 
 208 0120 00700808 		.ascii	"\000p\010\010\010\210p\000\0000($\"!0\000"
 208      08887000 
 208      00302824 
 208      22213000 
 209 0130 00300888 		.ascii	"\0000\010\210\210H0\000\000\030   \021\016\000"
 209      88483000 
 209      00182020 
 209      20110E00 
 210 0140 0000C020 		.ascii	"\000\000\300 \020\370\000\000\000\007\004$$?$\000"
 210      10F80000 
 210      00070424 
 210      243F2400 
 211 0150 00F80888 		.ascii	"\000\370\010\210\210\010\010\000\000\031!  \021\016"
 211      88080800 
 211      00192120 
 211      20110E
 212 015f 00       		.ascii	"\000"
 213 0160 00E01088 		.ascii	"\000\340\020\210\210\030\000\000\000\017\021  \021\016"
 213      88180000 
 213      000F1120 
 213      20110E
 214 016f 00       		.ascii	"\000"
 215 0170 00380808 		.ascii	"\0008\010\010\3108\010\000\000\000\000?\000\000\000"
 215      C8380800 
 215      0000003F 
 215      000000
 216 017f 00       		.ascii	"\000"
 217 0180 00708808 		.ascii	"\000p\210\010\010\210p\000\000\034\"!!\"\034\000"
 217      08887000 
 217      001C2221 
 217      21221C00 
 218 0190 00E01008 		.ascii	"\000\340\020\010\010\020\340\000\000\0001\"\"\021\017"
 218      0810E000 
 218      00003122 
 218      22110F
 219 019f 00       		.ascii	"\000"
ARM GAS  C:\Users\ktkuru\AppData\Local\Temp\ccIzqUK8.s 			page 9


 220 01a0 000000C0 		.ascii	"\000\000\000\300\300\000\000\000\000\000\00000\000\000"
 220      C0000000 
 220      00000030 
 220      300000
 221 01af 00       		.ascii	"\000"
 222 01b0 000000C0 		.ascii	"\000\000\000\300\300\000\000\000\000\000\200\260p\000"
 222      C0000000 
 222      000080B0 
 222      7000
 223 01be 0000     		.ascii	"\000\000"
 224 01c0 00008040 		.ascii	"\000\000\200@ \020\010\000\000\001\002\004\010\020 "
 224      20100800 
 224      00010204 
 224      081020
 225 01cf 00       		.ascii	"\000"
 226 01d0 40404040 		.ascii	"@@@@@@@\000\004\004\004\004\004\004\004\000"
 226      40404000 
 226      04040404 
 226      04040400 
 227 01e0 00081020 		.ascii	"\000\010\020 @\200\000\000\000 \020\010\004\002\001"
 227      40800000 
 227      00201008 
 227      040201
 228 01ef 00       		.ascii	"\000"
 229 01f0 00704808 		.ascii	"\000pH\010\010\010\360\000\000\000\00006\001\000\000"
 229      0808F000 
 229      00000030 
 229      36010000 
 230 0200 C030C828 		.ascii	"\3000\310(\350\020\340\000\007\030'$#\024\013\000"
 230      E810E000 
 230      07182724 
 230      23140B00 
 231 0210 0000C038 		.ascii	"\000\000\3008\340\000\000\000 <#\002\002'8 "
 231      E0000000 
 231      203C2302 
 231      02273820 
 232 0220 08F88888 		.ascii	"\010\370\210\210\210p\000\000 ?   \021\016\000"
 232      88700000 
 232      203F2020 
 232      20110E00 
 233 0230 C0300808 		.ascii	"\3000\010\010\010\0108\000\007\030   \020\010\000"
 233      08083800 
 233      07182020 
 233      20100800 
 234 0240 08F80808 		.ascii	"\010\370\010\010\010\020\340\000 ?   \020\017\000"
 234      0810E000 
 234      203F2020 
 234      20100F00 
 235 0250 08F88888 		.ascii	"\010\370\210\210\350\010\020\000 ?  # \030\000"
 235      E8081000 
 235      203F2020 
 235      23201800 
 236 0260 08F88888 		.ascii	"\010\370\210\210\350\010\020\000 ? \000\003\000\000"
 236      E8081000 
 236      203F2000 
 236      030000
 237 026f 00       		.ascii	"\000"
ARM GAS  C:\Users\ktkuru\AppData\Local\Temp\ccIzqUK8.s 			page 10


 238 0270 C0300808 		.ascii	"\3000\010\010\0108\000\000\007\030  \"\036\002\000"
 238      08380000 
 238      07182020 
 238      221E0200 
 239 0280 08F80800 		.ascii	"\010\370\010\000\000\010\370\010 ?!\001\001!? "
 239      0008F808 
 239      203F2101 
 239      01213F20 
 240 0290 000808F8 		.ascii	"\000\010\010\370\010\010\000\000\000  ?  \000\000"
 240      08080000 
 240      0020203F 
 240      20200000 
 241 02a0 00000808 		.ascii	"\000\000\010\010\370\010\010\000\300\200\200\200\177"
 241      F8080800 
 241      C0808080 
 241      7F
 242 02ad 000000   		.ascii	"\000\000\000"
 243 02b0 08F888C0 		.ascii	"\010\370\210\300(\030\010\000 ? \001&8 \000"
 243      28180800 
 243      203F2001 
 243      26382000 
 244 02c0 08F80800 		.ascii	"\010\370\010\000\000\000\000\000 ?    0\000"
 244      00000000 
 244      203F2020 
 244      20203000 
 245 02d0 08F8F800 		.ascii	"\010\370\370\000\370\370\010\000 ?\000?\000? \000"
 245      F8F80800 
 245      203F003F 
 245      003F2000 
 246 02e0 08F830C0 		.ascii	"\010\3700\300\000\010\370\010 ? \000\007\030?\000"
 246      0008F808 
 246      203F2000 
 246      07183F00 
 247 02f0 E0100808 		.ascii	"\340\020\010\010\010\020\340\000\017\020   \020\017"
 247      0810E000 
 247      0F102020 
 247      20100F
 248 02ff 00       		.ascii	"\000"
 249 0300 08F80808 		.ascii	"\010\370\010\010\010\010\360\000 ?!\001\001\001\000"
 249      0808F000 
 249      203F2101 
 249      010100
 250 030f 00       		.ascii	"\000"
 251 0310 E0100808 		.ascii	"\340\020\010\010\010\020\340\000\017\030$$8PO\000"
 251      0810E000 
 251      0F182424 
 251      38504F00 
 252 0320 08F88888 		.ascii	"\010\370\210\210\210\210p\000 ? \000\003\0140 "
 252      88887000 
 252      203F2000 
 252      030C3020 
 253 0330 00708808 		.ascii	"\000p\210\010\010\0108\000\0008 !!\"\034\000"
 253      08083800 
 253      00382021 
 253      21221C00 
 254 0340 180808F8 		.ascii	"\030\010\010\370\010\010\030\000\000\000 ? \000\000"
 254      08081800 
ARM GAS  C:\Users\ktkuru\AppData\Local\Temp\ccIzqUK8.s 			page 11


 254      0000203F 
 254      200000
 255 034f 00       		.ascii	"\000"
 256 0350 08F80800 		.ascii	"\010\370\010\000\000\010\370\010\000\037    \037\000"
 256      0008F808 
 256      001F2020 
 256      20201F00 
 257 0360 08788800 		.ascii	"\010x\210\000\000\3108\010\000\000\0078\016\001\000"
 257      00C83808 
 257      00000738 
 257      0E0100
 258 036f 00       		.ascii	"\000"
 259 0370 F80800F8 		.ascii	"\370\010\000\370\000\010\370\000\003<\007\000\007<\003"
 259      0008F800 
 259      033C0700 
 259      073C03
 260 037f 00       		.ascii	"\000"
 261 0380 08186880 		.ascii	"\010\030h\200\200h\030\010 0,\003\003,0 "
 261      80681808 
 261      20302C03 
 261      032C3020 
 262 0390 0838C800 		.ascii	"\0108\310\000\3108\010\000\000\000 ? \000\000\000"
 262      C8380800 
 262      0000203F 
 262      20000000 
 263 03a0 10080808 		.ascii	"\020\010\010\010\3108\010\000 8&!  \030\000"
 263      C8380800 
 263      20382621 
 263      20201800 
 264 03b0 000000FE 		.ascii	"\000\000\000\376\002\002\002\000\000\000\000\177@@@"
 264      02020200 
 264      0000007F 
 264      404040
 265 03bf 00       		.ascii	"\000"
 266 03c0 000C30C0 		.ascii	"\000\0140\300\000\000\000\000\000\000\000\001\0068\300"
 266      00000000 
 266      00000001 
 266      0638C0
 267 03cf 00       		.ascii	"\000"
 268 03d0 00020202 		.ascii	"\000\002\002\002\376\000\000\000\000@@@\177\000\000"
 268      FE000000 
 268      00404040 
 268      7F0000
 269 03df 00       		.ascii	"\000"
 270 03e0 00201008 		.ascii	"\000 \020\010\004\010\020 \000\000\000\000\000\000\000"
 270      04081020 
 270      00000000 
 270      000000
 271 03ef 00       		.ascii	"\000"
 272 03f0 00000000 		.ascii	"\000\000\000\000\000\000\000\000\200\200\200\200\200"
 272      00000000 
 272      80808080 
 272      80
 273 03fd 808080   		.ascii	"\200\200\200"
 274 0400 00020408 		.ascii	"\000\002\004\010\000\000\000\000\000\000\000\000\000"
 274      00000000 
 274      00000000 
ARM GAS  C:\Users\ktkuru\AppData\Local\Temp\ccIzqUK8.s 			page 12


 274      00
 275 040d 000000   		.ascii	"\000\000\000"
 276 0410 00008080 		.ascii	"\000\000\200\200\200\200\000\000\000\031$\"\"\"? "
 276      80800000 
 276      00192422 
 276      22223F20 
 277 0420 08F80080 		.ascii	"\010\370\000\200\200\000\000\000\000?\021  \021\016"
 277      80000000 
 277      003F1120 
 277      20110E
 278 042f 00       		.ascii	"\000"
 279 0430 00000080 		.ascii	"\000\000\000\200\200\200\000\000\000\016\021   \021"
 279      80800000 
 279      000E1120 
 279      202011
 280 043f 00       		.ascii	"\000"
 281 0440 00000080 		.ascii	"\000\000\000\200\200\210\370\000\000\016\021  \020?"
 281      8088F800 
 281      000E1120 
 281      20103F
 282 044f 20       		.ascii	" "
 283 0450 00008080 		.ascii	"\000\000\200\200\200\200\000\000\000\037\"\"\"\"\023"
 283      80800000 
 283      001F2222 
 283      222213
 284 045f 00       		.ascii	"\000"
 285 0460 008080F0 		.ascii	"\000\200\200\360\210\210\210\030\000  ?  \000\000"
 285      88888818 
 285      0020203F 
 285      20200000 
 286 0470 00008080 		.ascii	"\000\000\200\200\200\200\200\000\000k\224\224\224\223"
 286      80808000 
 286      006B9494 
 286      9493
 287 047e 6000     		.ascii	"`\000"
 288 0480 08F80080 		.ascii	"\010\370\000\200\200\200\000\000 ?!\000\000 ? "
 288      80800000 
 288      203F2100 
 288      00203F20 
 289 0490 00809898 		.ascii	"\000\200\230\230\000\000\000\000\000  ?  \000\000"
 289      00000000 
 289      0020203F 
 289      20200000 
 290 04a0 00000080 		.ascii	"\000\000\000\200\230\230\000\000\000\300\200\200\200"
 290      98980000 
 290      00C08080 
 290      80
 291 04ad 7F0000   		.ascii	"\177\000\000"
 292 04b0 08F80000 		.ascii	"\010\370\000\000\200\200\200\000 ?$\002-0 \000"
 292      80808000 
 292      203F2402 
 292      2D302000 
 293 04c0 000808F8 		.ascii	"\000\010\010\370\000\000\000\000\000  ?  \000\000"
 293      00000000 
 293      0020203F 
 293      20200000 
 294 04d0 80808080 		.ascii	"\200\200\200\200\200\200\200\000 ? \000? \000?"
ARM GAS  C:\Users\ktkuru\AppData\Local\Temp\ccIzqUK8.s 			page 13


 294      80808000 
 294      203F2000 
 294      3F20003F 
 295 04e0 00808000 		.ascii	"\000\200\200\000\200\200\000\000\000 ?!\000 ? "
 295      80800000 
 295      00203F21 
 295      00203F20 
 296 04f0 00008080 		.ascii	"\000\000\200\200\200\200\000\000\000\037    \037\000"
 296      80800000 
 296      001F2020 
 296      20201F00 
 297 0500 80800080 		.ascii	"\200\200\000\200\200\000\000\000\200\377\241  \021\016"
 297      80000000 
 297      80FFA120 
 297      20110E
 298 050f 00       		.ascii	"\000"
 299 0510 00000080 		.ascii	"\000\000\000\200\200\200\200\000\000\016\021  \240\377"
 299      80808000 
 299      000E1120 
 299      20A0FF
 300 051f 80       		.ascii	"\200"
 301 0520 80808000 		.ascii	"\200\200\200\000\200\200\200\000  ?! \000\001\000"
 301      80808000 
 301      20203F21 
 301      20000100 
 302 0530 00008080 		.ascii	"\000\000\200\200\200\200\200\000\0003$$$$\031\000"
 302      80808000 
 302      00332424 
 302      24241900 
 303 0540 008080E0 		.ascii	"\000\200\200\340\200\200\000\000\000\000\000\037  \000"
 303      80800000 
 303      0000001F 
 303      202000
 304 054f 00       		.ascii	"\000"
 305 0550 80800000 		.ascii	"\200\200\000\000\000\200\200\000\000\037   \020? "
 305      00808000 
 305      001F2020 
 305      20103F20 
 306 0560 80808000 		.ascii	"\200\200\200\000\000\200\200\200\000\001\0160\010\006"
 306      00808080 
 306      00010E30 
 306      0806
 307 056e 0100     		.ascii	"\001\000"
 308 0570 80800080 		.ascii	"\200\200\000\200\000\200\200\200\0170\014\003\0140\017"
 308      00808080 
 308      0F300C03 
 308      0C300F
 309 057f 00       		.ascii	"\000"
 310 0580 00808000 		.ascii	"\000\200\200\000\200\200\200\000\000 1.\0161 \000"
 310      80808000 
 310      0020312E 
 310      0E312000 
 311 0590 80808000 		.ascii	"\200\200\200\000\000\200\200\200\200\201\216p\030\006"
 311      00808080 
 311      80818E70 
 311      1806
 312 059e 0100     		.ascii	"\001\000"
ARM GAS  C:\Users\ktkuru\AppData\Local\Temp\ccIzqUK8.s 			page 14


 313 05a0 00808080 		.ascii	"\000\200\200\200\200\200\200\000\000!0,\"!0\000"
 313      80808000 
 313      0021302C 
 313      22213000 
 314 05b0 00000000 		.ascii	"\000\000\000\000\200|\002\002\000\000\000\000\000?@"
 314      807C0202 
 314      00000000 
 314      003F40
 315 05bf 40       		.ascii	"@"
 316 05c0 00000000 		.ascii	"\000\000\000\000\377\000\000\000\000\000\000\000\377"
 316      FF000000 
 316      00000000 
 316      FF
 317 05cd 000000   		.ascii	"\000\000\000"
 318 05d0 0002027C 		.ascii	"\000\002\002|\200\000\000\000\000@@?\000\000\000\000"
 318      80000000 
 318      0040403F 
 318      00000000 
 319 05e0 00804040 		.ascii	"\000\200@@\200\000\000\200\000\000\000\000\000\001\001"
 319      80000080 
 319      00000000 
 319      000101
 320 05ef 00       		.ascii	"\000"
 321              		.ident	"GCC: (Arm GNU Toolchain 13.3.Rel1 (Build arm-13.24)) 13.3.1 20240614"
ARM GAS  C:\Users\ktkuru\AppData\Local\Temp\ccIzqUK8.s 			page 15


DEFINED SYMBOLS
                            *ABS*:00000000 OLED_Data.c
C:\Users\ktkuru\AppData\Local\Temp\ccIzqUK8.s:22     .rodata.Diode:00000000 Diode
C:\Users\ktkuru\AppData\Local\Temp\ccIzqUK8.s:19     .rodata.Diode:00000000 $d
C:\Users\ktkuru\AppData\Local\Temp\ccIzqUK8.s:31     .rodata.OLED_CF16x16:00000000 OLED_CF16x16
C:\Users\ktkuru\AppData\Local\Temp\ccIzqUK8.s:28     .rodata.OLED_CF16x16:00000000 $d
C:\Users\ktkuru\AppData\Local\Temp\ccIzqUK8.s:75     .rodata.OLED_F6x8:00000000 OLED_F6x8
C:\Users\ktkuru\AppData\Local\Temp\ccIzqUK8.s:72     .rodata.OLED_F6x8:00000000 $d
C:\Users\ktkuru\AppData\Local\Temp\ccIzqUK8.s:176    .rodata.OLED_F8x16:00000000 OLED_F8x16
C:\Users\ktkuru\AppData\Local\Temp\ccIzqUK8.s:173    .rodata.OLED_F8x16:00000000 $d

NO UNDEFINED SYMBOLS
