ARM GAS  C:\Users\ktkuru\AppData\Local\Temp\cc7bwX65.s 			page 1


   1              		.cpu cortex-m4
   2              		.arch armv7e-m
   3              		.fpu fpv4-sp-d16
   4              		.eabi_attribute 27, 1
   5              		.eabi_attribute 28, 1
   6              		.eabi_attribute 20, 1
   7              		.eabi_attribute 21, 1
   8              		.eabi_attribute 23, 3
   9              		.eabi_attribute 24, 1
  10              		.eabi_attribute 25, 1
  11              		.eabi_attribute 26, 1
  12              		.eabi_attribute 30, 1
  13              		.eabi_attribute 34, 1
  14              		.eabi_attribute 18, 4
  15              		.file	"stm32f4xx_hash_sha1.c"
  16              		.text
  17              		.section	.text.HASH_SHA1,"ax",%progbits
  18              		.align	1
  19              		.global	HASH_SHA1
  20              		.syntax unified
  21              		.thumb
  22              		.thumb_func
  24              	HASH_SHA1:
  25              		@ args = 0, pretend = 0, frame = 56
  26              		@ frame_needed = 0, uses_anonymous_args = 0
  27 0000 F0B5     		push	{r4, r5, r6, r7, lr}
  28 0002 8FB0     		sub	sp, sp, #60
  29 0004 0F46     		mov	r7, r1
  30 0006 1646     		mov	r6, r2
  31 0008 0024     		movs	r4, #0
  32 000a ADF80640 		strh	r4, [sp, #6]	@ movhi
  33 000e 0094     		str	r4, [sp]
  34 0010 0546     		mov	r5, r0
  35 0012 01F00303 		and	r3, r1, #3
  36 0016 DB00     		lsls	r3, r3, #3
  37 0018 ADF80630 		strh	r3, [sp, #6]	@ movhi
  38 001c FFF7FEFF 		bl	HASH_DeInit
  39 0020 0A94     		str	r4, [sp, #40]
  40 0022 0B94     		str	r4, [sp, #44]
  41 0024 2023     		movs	r3, #32
  42 0026 0C93     		str	r3, [sp, #48]
  43 0028 0AA8     		add	r0, sp, #40
  44 002a FFF7FEFF 		bl	HASH_Init
  45 002e BDF80600 		ldrh	r0, [sp, #6]
  46 0032 80B2     		uxth	r0, r0
  47 0034 FFF7FEFF 		bl	HASH_SetLastWordValidBitsNbr
  48 0038 04E0     		b	.L2
  49              	.L3:
  50 003a 55F8040B 		ldr	r0, [r5], #4
  51 003e FFF7FEFF 		bl	HASH_DataIn
  52 0042 0434     		adds	r4, r4, #4
  53              	.L2:
  54 0044 BC42     		cmp	r4, r7
  55 0046 F8D3     		bcc	.L3
  56 0048 FFF7FEFF 		bl	HASH_StartDigest
  57              	.L5:
  58 004c 0820     		movs	r0, #8
ARM GAS  C:\Users\ktkuru\AppData\Local\Temp\cc7bwX65.s 			page 2


  59 004e FFF7FEFF 		bl	HASH_GetFlagStatus
  60 0052 009B     		ldr	r3, [sp]
  61 0054 0133     		adds	r3, r3, #1
  62 0056 0093     		str	r3, [sp]
  63 0058 009B     		ldr	r3, [sp]
  64 005a B3F5803F 		cmp	r3, #65536
  65 005e 01D0     		beq	.L4
  66 0060 0028     		cmp	r0, #0
  67 0062 F3D1     		bne	.L5
  68              	.L4:
  69 0064 10B1     		cbz	r0, .L9
  70 0066 0020     		movs	r0, #0
  71              	.L6:
  72 0068 0FB0     		add	sp, sp, #60
  73              		@ sp needed
  74 006a F0BD     		pop	{r4, r5, r6, r7, pc}
  75              	.L9:
  76 006c 02A8     		add	r0, sp, #8
  77 006e FFF7FEFF 		bl	HASH_GetDigest
  78 0072 029B     		ldr	r3, [sp, #8]
  79 0074 1BBA     		rev	r3, r3
  80 0076 3360     		str	r3, [r6]
  81 0078 039B     		ldr	r3, [sp, #12]
  82 007a 1BBA     		rev	r3, r3
  83 007c 7360     		str	r3, [r6, #4]
  84 007e 049B     		ldr	r3, [sp, #16]
  85 0080 1BBA     		rev	r3, r3
  86 0082 B360     		str	r3, [r6, #8]
  87 0084 059B     		ldr	r3, [sp, #20]
  88 0086 1BBA     		rev	r3, r3
  89 0088 F360     		str	r3, [r6, #12]
  90 008a 069B     		ldr	r3, [sp, #24]
  91 008c 1BBA     		rev	r3, r3
  92 008e 3361     		str	r3, [r6, #16]
  93 0090 0120     		movs	r0, #1
  94 0092 E9E7     		b	.L6
  96              		.section	.text.HMAC_SHA1,"ax",%progbits
  97              		.align	1
  98              		.global	HMAC_SHA1
  99              		.syntax unified
 100              		.thumb
 101              		.thumb_func
 103              	HMAC_SHA1:
 104              		@ args = 4, pretend = 0, frame = 56
 105              		@ frame_needed = 0, uses_anonymous_args = 0
 106 0000 2DE9F043 		push	{r4, r5, r6, r7, r8, r9, lr}
 107 0004 8FB0     		sub	sp, sp, #60
 108 0006 8146     		mov	r9, r0
 109 0008 0D46     		mov	r5, r1
 110 000a 1F46     		mov	r7, r3
 111 000c 0024     		movs	r4, #0
 112 000e ADF80640 		strh	r4, [sp, #6]	@ movhi
 113 0012 ADF80440 		strh	r4, [sp, #4]	@ movhi
 114 0016 0094     		str	r4, [sp]
 115 0018 8046     		mov	r8, r0
 116 001a 1646     		mov	r6, r2
 117 001c 03F00303 		and	r3, r3, #3
ARM GAS  C:\Users\ktkuru\AppData\Local\Temp\cc7bwX65.s 			page 3


 118 0020 DB00     		lsls	r3, r3, #3
 119 0022 ADF80630 		strh	r3, [sp, #6]	@ movhi
 120 0026 01F00303 		and	r3, r1, #3
 121 002a DB00     		lsls	r3, r3, #3
 122 002c ADF80430 		strh	r3, [sp, #4]	@ movhi
 123 0030 FFF7FEFF 		bl	HASH_DeInit
 124 0034 0A94     		str	r4, [sp, #40]
 125 0036 4023     		movs	r3, #64
 126 0038 0B93     		str	r3, [sp, #44]
 127 003a 2023     		movs	r3, #32
 128 003c 0C93     		str	r3, [sp, #48]
 129 003e 402D     		cmp	r5, #64
 130 0040 0CD9     		bls	.L11
 131 0042 4FF48033 		mov	r3, #65536
 132 0046 0D93     		str	r3, [sp, #52]
 133              	.L12:
 134 0048 0AA8     		add	r0, sp, #40
 135 004a FFF7FEFF 		bl	HASH_Init
 136 004e BDF80400 		ldrh	r0, [sp, #4]
 137 0052 80B2     		uxth	r0, r0
 138 0054 FFF7FEFF 		bl	HASH_SetLastWordValidBitsNbr
 139 0058 0024     		movs	r4, #0
 140 005a 07E0     		b	.L13
 141              	.L11:
 142 005c 0023     		movs	r3, #0
 143 005e 0D93     		str	r3, [sp, #52]
 144 0060 F2E7     		b	.L12
 145              	.L14:
 146 0062 59F8040B 		ldr	r0, [r9], #4
 147 0066 FFF7FEFF 		bl	HASH_DataIn
 148 006a 0434     		adds	r4, r4, #4
 149              	.L13:
 150 006c AC42     		cmp	r4, r5
 151 006e F8D3     		bcc	.L14
 152 0070 FFF7FEFF 		bl	HASH_StartDigest
 153              	.L16:
 154 0074 0820     		movs	r0, #8
 155 0076 FFF7FEFF 		bl	HASH_GetFlagStatus
 156 007a 8146     		mov	r9, r0
 157 007c 009C     		ldr	r4, [sp]
 158 007e 0134     		adds	r4, r4, #1
 159 0080 0094     		str	r4, [sp]
 160 0082 009B     		ldr	r3, [sp]
 161 0084 B3F5803F 		cmp	r3, #65536
 162 0088 01D0     		beq	.L15
 163 008a 0028     		cmp	r0, #0
 164 008c F2D1     		bne	.L16
 165              	.L15:
 166 008e 18B1     		cbz	r0, .L30
 167 0090 0020     		movs	r0, #0
 168              	.L17:
 169 0092 0FB0     		add	sp, sp, #60
 170              		@ sp needed
 171 0094 BDE8F083 		pop	{r4, r5, r6, r7, r8, r9, pc}
 172              	.L30:
 173 0098 BDF80600 		ldrh	r0, [sp, #6]
 174 009c 80B2     		uxth	r0, r0
ARM GAS  C:\Users\ktkuru\AppData\Local\Temp\cc7bwX65.s 			page 4


 175 009e FFF7FEFF 		bl	HASH_SetLastWordValidBitsNbr
 176 00a2 05E0     		b	.L18
 177              	.L19:
 178 00a4 56F8040B 		ldr	r0, [r6], #4
 179 00a8 FFF7FEFF 		bl	HASH_DataIn
 180 00ac 09F10409 		add	r9, r9, #4
 181              	.L18:
 182 00b0 B945     		cmp	r9, r7
 183 00b2 F7D3     		bcc	.L19
 184 00b4 FFF7FEFF 		bl	HASH_StartDigest
 185 00b8 0023     		movs	r3, #0
 186 00ba 0093     		str	r3, [sp]
 187              	.L21:
 188 00bc 0820     		movs	r0, #8
 189 00be FFF7FEFF 		bl	HASH_GetFlagStatus
 190 00c2 0446     		mov	r4, r0
 191 00c4 009B     		ldr	r3, [sp]
 192 00c6 0133     		adds	r3, r3, #1
 193 00c8 0093     		str	r3, [sp]
 194 00ca 009B     		ldr	r3, [sp]
 195 00cc B3F5803F 		cmp	r3, #65536
 196 00d0 01D0     		beq	.L20
 197 00d2 0028     		cmp	r0, #0
 198 00d4 F2D1     		bne	.L21
 199              	.L20:
 200 00d6 08B1     		cbz	r0, .L31
 201 00d8 0020     		movs	r0, #0
 202 00da DAE7     		b	.L17
 203              	.L31:
 204 00dc BDF80400 		ldrh	r0, [sp, #4]
 205 00e0 80B2     		uxth	r0, r0
 206 00e2 FFF7FEFF 		bl	HASH_SetLastWordValidBitsNbr
 207 00e6 04E0     		b	.L22
 208              	.L23:
 209 00e8 58F8040B 		ldr	r0, [r8], #4
 210 00ec FFF7FEFF 		bl	HASH_DataIn
 211 00f0 0434     		adds	r4, r4, #4
 212              	.L22:
 213 00f2 AC42     		cmp	r4, r5
 214 00f4 F8D3     		bcc	.L23
 215 00f6 FFF7FEFF 		bl	HASH_StartDigest
 216 00fa 0023     		movs	r3, #0
 217 00fc 0093     		str	r3, [sp]
 218              	.L25:
 219 00fe 0820     		movs	r0, #8
 220 0100 FFF7FEFF 		bl	HASH_GetFlagStatus
 221 0104 009B     		ldr	r3, [sp]
 222 0106 0133     		adds	r3, r3, #1
 223 0108 0093     		str	r3, [sp]
 224 010a 009B     		ldr	r3, [sp]
 225 010c B3F5803F 		cmp	r3, #65536
 226 0110 01D0     		beq	.L24
 227 0112 0028     		cmp	r0, #0
 228 0114 F3D1     		bne	.L25
 229              	.L24:
 230 0116 08B1     		cbz	r0, .L32
 231 0118 0020     		movs	r0, #0
ARM GAS  C:\Users\ktkuru\AppData\Local\Temp\cc7bwX65.s 			page 5


 232 011a BAE7     		b	.L17
 233              	.L32:
 234 011c 02A8     		add	r0, sp, #8
 235 011e FFF7FEFF 		bl	HASH_GetDigest
 236 0122 029B     		ldr	r3, [sp, #8]
 237 0124 1BBA     		rev	r3, r3
 238 0126 169A     		ldr	r2, [sp, #88]
 239 0128 1360     		str	r3, [r2]
 240 012a 039B     		ldr	r3, [sp, #12]
 241 012c 1BBA     		rev	r3, r3
 242 012e 5360     		str	r3, [r2, #4]
 243 0130 049B     		ldr	r3, [sp, #16]
 244 0132 1BBA     		rev	r3, r3
 245 0134 9360     		str	r3, [r2, #8]
 246 0136 059B     		ldr	r3, [sp, #20]
 247 0138 1BBA     		rev	r3, r3
 248 013a D360     		str	r3, [r2, #12]
 249 013c 069B     		ldr	r3, [sp, #24]
 250 013e 1BBA     		rev	r3, r3
 251 0140 1361     		str	r3, [r2, #16]
 252 0142 0120     		movs	r0, #1
 253 0144 A5E7     		b	.L17
 255              		.ident	"GCC: (Arm GNU Toolchain 13.3.Rel1 (Build arm-13.24)) 13.3.1 20240614"
ARM GAS  C:\Users\ktkuru\AppData\Local\Temp\cc7bwX65.s 			page 6


DEFINED SYMBOLS
                            *ABS*:00000000 stm32f4xx_hash_sha1.c
C:\Users\ktkuru\AppData\Local\Temp\cc7bwX65.s:18     .text.HASH_SHA1:00000000 $t
C:\Users\ktkuru\AppData\Local\Temp\cc7bwX65.s:24     .text.HASH_SHA1:00000000 HASH_SHA1
C:\Users\ktkuru\AppData\Local\Temp\cc7bwX65.s:97     .text.HMAC_SHA1:00000000 $t
C:\Users\ktkuru\AppData\Local\Temp\cc7bwX65.s:103    .text.HMAC_SHA1:00000000 HMAC_SHA1

UNDEFINED SYMBOLS
HASH_DeInit
HASH_Init
HASH_SetLastWordValidBitsNbr
HASH_DataIn
HASH_StartDigest
HASH_GetFlagStatus
HASH_GetDigest
