ARM GAS  C:\Users\ktkuru\AppData\Local\Temp\ccPXhW8e.s 			page 1


   1              		.cpu cortex-m4
   2              		.arch armv7e-m
   3              		.fpu fpv4-sp-d16
   4              		.eabi_attribute 27, 1
   5              		.eabi_attribute 28, 1
   6              		.eabi_attribute 20, 1
   7              		.eabi_attribute 21, 1
   8              		.eabi_attribute 23, 3
   9              		.eabi_attribute 24, 1
  10              		.eabi_attribute 25, 1
  11              		.eabi_attribute 26, 1
  12              		.eabi_attribute 30, 1
  13              		.eabi_attribute 34, 1
  14              		.eabi_attribute 18, 4
  15              		.file	"stm32f4xx_spi.c"
  16              		.text
  17              		.section	.text.SPI_I2S_DeInit,"ax",%progbits
  18              		.align	1
  19              		.global	SPI_I2S_DeInit
  20              		.syntax unified
  21              		.thumb
  22              		.thumb_func
  24              	SPI_I2S_DeInit:
  25              		@ args = 0, pretend = 0, frame = 0
  26              		@ frame_needed = 0, uses_anonymous_args = 0
  27 0000 08B5     		push	{r3, lr}
  28 0002 2A4B     		ldr	r3, .L15
  29 0004 9842     		cmp	r0, r3
  30 0006 0FD0     		beq	.L9
  31 0008 294B     		ldr	r3, .L15+4
  32 000a 9842     		cmp	r0, r3
  33 000c 17D0     		beq	.L10
  34 000e 294B     		ldr	r3, .L15+8
  35 0010 9842     		cmp	r0, r3
  36 0012 1FD0     		beq	.L11
  37 0014 284B     		ldr	r3, .L15+12
  38 0016 9842     		cmp	r0, r3
  39 0018 27D0     		beq	.L12
  40 001a 284B     		ldr	r3, .L15+16
  41 001c 9842     		cmp	r0, r3
  42 001e 2FD0     		beq	.L13
  43 0020 274B     		ldr	r3, .L15+20
  44 0022 9842     		cmp	r0, r3
  45 0024 37D0     		beq	.L14
  46              	.L1:
  47 0026 08BD     		pop	{r3, pc}
  48              	.L9:
  49 0028 0121     		movs	r1, #1
  50 002a 4FF48050 		mov	r0, #4096
  51 002e FFF7FEFF 		bl	RCC_APB2PeriphResetCmd
  52 0032 0021     		movs	r1, #0
  53 0034 4FF48050 		mov	r0, #4096
  54 0038 FFF7FEFF 		bl	RCC_APB2PeriphResetCmd
  55 003c F3E7     		b	.L1
  56              	.L10:
  57 003e 0121     		movs	r1, #1
  58 0040 4FF48040 		mov	r0, #16384
ARM GAS  C:\Users\ktkuru\AppData\Local\Temp\ccPXhW8e.s 			page 2


  59 0044 FFF7FEFF 		bl	RCC_APB1PeriphResetCmd
  60 0048 0021     		movs	r1, #0
  61 004a 4FF48040 		mov	r0, #16384
  62 004e FFF7FEFF 		bl	RCC_APB1PeriphResetCmd
  63 0052 E8E7     		b	.L1
  64              	.L11:
  65 0054 0121     		movs	r1, #1
  66 0056 4FF40040 		mov	r0, #32768
  67 005a FFF7FEFF 		bl	RCC_APB1PeriphResetCmd
  68 005e 0021     		movs	r1, #0
  69 0060 4FF40040 		mov	r0, #32768
  70 0064 FFF7FEFF 		bl	RCC_APB1PeriphResetCmd
  71 0068 DDE7     		b	.L1
  72              	.L12:
  73 006a 0121     		movs	r1, #1
  74 006c 4FF40050 		mov	r0, #8192
  75 0070 FFF7FEFF 		bl	RCC_APB2PeriphResetCmd
  76 0074 0021     		movs	r1, #0
  77 0076 4FF40050 		mov	r0, #8192
  78 007a FFF7FEFF 		bl	RCC_APB2PeriphResetCmd
  79 007e D2E7     		b	.L1
  80              	.L13:
  81 0080 0121     		movs	r1, #1
  82 0082 4FF48010 		mov	r0, #1048576
  83 0086 FFF7FEFF 		bl	RCC_APB2PeriphResetCmd
  84 008a 0021     		movs	r1, #0
  85 008c 4FF48010 		mov	r0, #1048576
  86 0090 FFF7FEFF 		bl	RCC_APB2PeriphResetCmd
  87 0094 C7E7     		b	.L1
  88              	.L14:
  89 0096 0121     		movs	r1, #1
  90 0098 4FF40010 		mov	r0, #2097152
  91 009c FFF7FEFF 		bl	RCC_APB2PeriphResetCmd
  92 00a0 0021     		movs	r1, #0
  93 00a2 4FF40010 		mov	r0, #2097152
  94 00a6 FFF7FEFF 		bl	RCC_APB2PeriphResetCmd
  95 00aa BCE7     		b	.L1
  96              	.L16:
  97              		.align	2
  98              	.L15:
  99 00ac 00300140 		.word	1073819648
 100 00b0 00380040 		.word	1073756160
 101 00b4 003C0040 		.word	1073757184
 102 00b8 00340140 		.word	1073820672
 103 00bc 00500140 		.word	1073827840
 104 00c0 00540140 		.word	1073828864
 106              		.section	.text.SPI_Init,"ax",%progbits
 107              		.align	1
 108              		.global	SPI_Init
 109              		.syntax unified
 110              		.thumb
 111              		.thumb_func
 113              	SPI_Init:
 114              		@ args = 0, pretend = 0, frame = 0
 115              		@ frame_needed = 0, uses_anonymous_args = 0
 116 0000 2DE9F041 		push	{r4, r5, r6, r7, r8, lr}
 117 0004 0288     		ldrh	r2, [r0]
ARM GAS  C:\Users\ktkuru\AppData\Local\Temp\ccPXhW8e.s 			page 3


 118 0006 02F44152 		and	r2, r2, #12352
 119 000a 0F88     		ldrh	r7, [r1]
 120 000c B1F80280 		ldrh	r8, [r1, #2]
 121 0010 8E88     		ldrh	r6, [r1, #4]
 122 0012 CD88     		ldrh	r5, [r1, #6]
 123 0014 0C89     		ldrh	r4, [r1, #8]
 124 0016 B1F80AE0 		ldrh	lr, [r1, #10]
 125 001a B1F80CC0 		ldrh	ip, [r1, #12]
 126 001e CB89     		ldrh	r3, [r1, #14]
 127 0020 47EA0807 		orr	r7, r7, r8
 128 0024 3E43     		orrs	r6, r6, r7
 129 0026 3543     		orrs	r5, r5, r6
 130 0028 2C43     		orrs	r4, r4, r5
 131 002a 4EEA040E 		orr	lr, lr, r4
 132 002e 4CEA0E0C 		orr	ip, ip, lr
 133 0032 43EA0C03 		orr	r3, r3, ip
 134 0036 1343     		orrs	r3, r3, r2
 135 0038 0380     		strh	r3, [r0]	@ movhi
 136 003a 838B     		ldrh	r3, [r0, #28]
 137 003c 9BB2     		uxth	r3, r3
 138 003e 23F40063 		bic	r3, r3, #2048
 139 0042 9BB2     		uxth	r3, r3
 140 0044 8383     		strh	r3, [r0, #28]	@ movhi
 141 0046 0B8A     		ldrh	r3, [r1, #16]
 142 0048 0382     		strh	r3, [r0, #16]	@ movhi
 143 004a BDE8F081 		pop	{r4, r5, r6, r7, r8, pc}
 145              		.section	.text.I2S_Init,"ax",%progbits
 146              		.align	1
 147              		.global	I2S_Init
 148              		.syntax unified
 149              		.thumb
 150              		.thumb_func
 152              	I2S_Init:
 153              		@ args = 0, pretend = 0, frame = 0
 154              		@ frame_needed = 0, uses_anonymous_args = 0
 155 0000 70B5     		push	{r4, r5, r6, lr}
 156 0002 838B     		ldrh	r3, [r0, #28]
 157 0004 9BB2     		uxth	r3, r3
 158 0006 23F47B63 		bic	r3, r3, #4016
 159 000a 23F00F03 		bic	r3, r3, #15
 160 000e 9BB2     		uxth	r3, r3
 161 0010 8383     		strh	r3, [r0, #28]	@ movhi
 162 0012 0223     		movs	r3, #2
 163 0014 0384     		strh	r3, [r0, #32]	@ movhi
 164 0016 828B     		ldrh	r2, [r0, #28]
 165 0018 92B2     		uxth	r2, r2
 166 001a 8B68     		ldr	r3, [r1, #8]
 167 001c 022B     		cmp	r3, #2
 168 001e 73D0     		beq	.L28
 169 0020 8B88     		ldrh	r3, [r1, #4]
 170 0022 002B     		cmp	r3, #0
 171 0024 5CD1     		bne	.L29
 172 0026 0126     		movs	r6, #1
 173              	.L21:
 174 0028 394B     		ldr	r3, .L33
 175 002a 9B68     		ldr	r3, [r3, #8]
 176 002c 13F4000F 		tst	r3, #8388608
ARM GAS  C:\Users\ktkuru\AppData\Local\Temp\ccPXhW8e.s 			page 4


 177 0030 04D0     		beq	.L22
 178 0032 374C     		ldr	r4, .L33
 179 0034 A368     		ldr	r3, [r4, #8]
 180 0036 23F40003 		bic	r3, r3, #8388608
 181 003a A360     		str	r3, [r4, #8]
 182              	.L22:
 183 003c 344C     		ldr	r4, .L33
 184 003e D4F88430 		ldr	r3, [r4, #132]
 185 0042 C3F3881C 		ubfx	ip, r3, #6, #9
 186 0046 D4F88430 		ldr	r3, [r4, #132]
 187 004a C3F30273 		ubfx	r3, r3, #28, #3
 188 004e 6568     		ldr	r5, [r4, #4]
 189 0050 05F03F0E 		and	lr, r5, #63
 190 0054 6468     		ldr	r4, [r4, #4]
 191 0056 14F4800F 		tst	r4, #4194304
 192 005a 43D0     		beq	.L23
 193 005c 2D4C     		ldr	r4, .L33+4
 194 005e B4FBFEF4 		udiv	r4, r4, lr
 195 0062 0CFB04F4 		mul	r4, ip, r4
 196 0066 B4FBF3F3 		udiv	r3, r4, r3
 197              	.L24:
 198 006a CC88     		ldrh	r4, [r1, #6]
 199 006c B4F5007F 		cmp	r4, #512
 200 0070 40D0     		beq	.L32
 201 0072 7601     		lsls	r6, r6, #5
 202 0074 B3FBF6F3 		udiv	r3, r3, r6
 203 0078 03EB8303 		add	r3, r3, r3, lsl #2
 204 007c 5B00     		lsls	r3, r3, #1
 205 007e 8C68     		ldr	r4, [r1, #8]
 206 0080 B3FBF4F3 		udiv	r3, r3, r4
 207 0084 0533     		adds	r3, r3, #5
 208 0086 9BB2     		uxth	r3, r3
 209              	.L26:
 210 0088 234C     		ldr	r4, .L33+8
 211 008a A4FB0343 		umull	r4, r3, r4, r3
 212 008e C3F3C00E 		ubfx	lr, r3, #3, #1
 213 0092 CEEBD303 		rsb	r3, lr, r3, lsr #3
 214 0096 C3F34F03 		ubfx	r3, r3, #1, #16
 215 009a 4FEA0E2E 		lsl	lr, lr, #8
 216              	.L20:
 217 009e A3F1020C 		sub	ip, r3, #2
 218 00a2 1FFA8CFC 		uxth	ip, ip
 219 00a6 BCF1FD0F 		cmp	ip, #253
 220 00aa 02D9     		bls	.L27
 221 00ac 4FF0000E 		mov	lr, #0
 222 00b0 0223     		movs	r3, #2
 223              	.L27:
 224 00b2 B1F806C0 		ldrh	ip, [r1, #6]
 225 00b6 4CEA0E0C 		orr	ip, ip, lr
 226 00ba 4CEA0303 		orr	r3, ip, r3
 227 00be 0384     		strh	r3, [r0, #32]	@ movhi
 228 00c0 0B88     		ldrh	r3, [r1]
 229 00c2 B1F802C0 		ldrh	ip, [r1, #2]
 230 00c6 B1F804E0 		ldrh	lr, [r1, #4]
 231 00ca 8989     		ldrh	r1, [r1, #12]
 232 00cc 4EEA0101 		orr	r1, lr, r1
 233 00d0 4CEA0101 		orr	r1, ip, r1
ARM GAS  C:\Users\ktkuru\AppData\Local\Temp\ccPXhW8e.s 			page 5


 234 00d4 0B43     		orrs	r3, r3, r1
 235 00d6 1343     		orrs	r3, r3, r2
 236 00d8 43F40063 		orr	r3, r3, #2048
 237 00dc 8383     		strh	r3, [r0, #28]	@ movhi
 238 00de 70BD     		pop	{r4, r5, r6, pc}
 239              	.L29:
 240 00e0 0226     		movs	r6, #2
 241 00e2 A1E7     		b	.L21
 242              	.L23:
 243 00e4 0D4C     		ldr	r4, .L33+12
 244 00e6 B4FBFEF4 		udiv	r4, r4, lr
 245 00ea 0CFB04F4 		mul	r4, ip, r4
 246 00ee B4FBF3F3 		udiv	r3, r4, r3
 247 00f2 BAE7     		b	.L24
 248              	.L32:
 249 00f4 1B0A     		lsrs	r3, r3, #8
 250 00f6 03EB8303 		add	r3, r3, r3, lsl #2
 251 00fa 5B00     		lsls	r3, r3, #1
 252 00fc 8C68     		ldr	r4, [r1, #8]
 253 00fe B3FBF4F3 		udiv	r3, r3, r4
 254 0102 0533     		adds	r3, r3, #5
 255 0104 9BB2     		uxth	r3, r3
 256 0106 BFE7     		b	.L26
 257              	.L28:
 258 0108 4FF0000E 		mov	lr, #0
 259 010c 0223     		movs	r3, #2
 260 010e C6E7     		b	.L20
 261              	.L34:
 262              		.align	2
 263              	.L33:
 264 0110 00380240 		.word	1073887232
 265 0114 00127A00 		.word	8000000
 266 0118 CDCCCCCC 		.word	-858993459
 267 011c 0024F400 		.word	16000000
 269              		.section	.text.SPI_StructInit,"ax",%progbits
 270              		.align	1
 271              		.global	SPI_StructInit
 272              		.syntax unified
 273              		.thumb
 274              		.thumb_func
 276              	SPI_StructInit:
 277              		@ args = 0, pretend = 0, frame = 0
 278              		@ frame_needed = 0, uses_anonymous_args = 0
 279              		@ link register save eliminated.
 280 0000 0023     		movs	r3, #0
 281 0002 0380     		strh	r3, [r0]	@ movhi
 282 0004 4380     		strh	r3, [r0, #2]	@ movhi
 283 0006 8380     		strh	r3, [r0, #4]	@ movhi
 284 0008 C380     		strh	r3, [r0, #6]	@ movhi
 285 000a 0381     		strh	r3, [r0, #8]	@ movhi
 286 000c 4381     		strh	r3, [r0, #10]	@ movhi
 287 000e 8381     		strh	r3, [r0, #12]	@ movhi
 288 0010 C381     		strh	r3, [r0, #14]	@ movhi
 289 0012 0723     		movs	r3, #7
 290 0014 0382     		strh	r3, [r0, #16]	@ movhi
 291 0016 7047     		bx	lr
 293              		.section	.text.I2S_StructInit,"ax",%progbits
ARM GAS  C:\Users\ktkuru\AppData\Local\Temp\ccPXhW8e.s 			page 6


 294              		.align	1
 295              		.global	I2S_StructInit
 296              		.syntax unified
 297              		.thumb
 298              		.thumb_func
 300              	I2S_StructInit:
 301              		@ args = 0, pretend = 0, frame = 0
 302              		@ frame_needed = 0, uses_anonymous_args = 0
 303              		@ link register save eliminated.
 304 0000 0023     		movs	r3, #0
 305 0002 0380     		strh	r3, [r0]	@ movhi
 306 0004 4380     		strh	r3, [r0, #2]	@ movhi
 307 0006 8380     		strh	r3, [r0, #4]	@ movhi
 308 0008 C380     		strh	r3, [r0, #6]	@ movhi
 309 000a 0222     		movs	r2, #2
 310 000c 8260     		str	r2, [r0, #8]
 311 000e 8381     		strh	r3, [r0, #12]	@ movhi
 312 0010 7047     		bx	lr
 314              		.section	.text.SPI_Cmd,"ax",%progbits
 315              		.align	1
 316              		.global	SPI_Cmd
 317              		.syntax unified
 318              		.thumb
 319              		.thumb_func
 321              	SPI_Cmd:
 322              		@ args = 0, pretend = 0, frame = 0
 323              		@ frame_needed = 0, uses_anonymous_args = 0
 324              		@ link register save eliminated.
 325 0000 29B1     		cbz	r1, .L38
 326 0002 0388     		ldrh	r3, [r0]
 327 0004 9BB2     		uxth	r3, r3
 328 0006 43F04003 		orr	r3, r3, #64
 329 000a 0380     		strh	r3, [r0]	@ movhi
 330 000c 7047     		bx	lr
 331              	.L38:
 332 000e 0388     		ldrh	r3, [r0]
 333 0010 9BB2     		uxth	r3, r3
 334 0012 23F04003 		bic	r3, r3, #64
 335 0016 9BB2     		uxth	r3, r3
 336 0018 0380     		strh	r3, [r0]	@ movhi
 337 001a 7047     		bx	lr
 339              		.section	.text.I2S_Cmd,"ax",%progbits
 340              		.align	1
 341              		.global	I2S_Cmd
 342              		.syntax unified
 343              		.thumb
 344              		.thumb_func
 346              	I2S_Cmd:
 347              		@ args = 0, pretend = 0, frame = 0
 348              		@ frame_needed = 0, uses_anonymous_args = 0
 349              		@ link register save eliminated.
 350 0000 29B1     		cbz	r1, .L41
 351 0002 838B     		ldrh	r3, [r0, #28]
 352 0004 9BB2     		uxth	r3, r3
 353 0006 43F48063 		orr	r3, r3, #1024
 354 000a 8383     		strh	r3, [r0, #28]	@ movhi
 355 000c 7047     		bx	lr
ARM GAS  C:\Users\ktkuru\AppData\Local\Temp\ccPXhW8e.s 			page 7


 356              	.L41:
 357 000e 838B     		ldrh	r3, [r0, #28]
 358 0010 9BB2     		uxth	r3, r3
 359 0012 23F48063 		bic	r3, r3, #1024
 360 0016 9BB2     		uxth	r3, r3
 361 0018 8383     		strh	r3, [r0, #28]	@ movhi
 362 001a 7047     		bx	lr
 364              		.section	.text.SPI_DataSizeConfig,"ax",%progbits
 365              		.align	1
 366              		.global	SPI_DataSizeConfig
 367              		.syntax unified
 368              		.thumb
 369              		.thumb_func
 371              	SPI_DataSizeConfig:
 372              		@ args = 0, pretend = 0, frame = 0
 373              		@ frame_needed = 0, uses_anonymous_args = 0
 374              		@ link register save eliminated.
 375 0000 0388     		ldrh	r3, [r0]
 376 0002 9BB2     		uxth	r3, r3
 377 0004 23F40063 		bic	r3, r3, #2048
 378 0008 9BB2     		uxth	r3, r3
 379 000a 0380     		strh	r3, [r0]	@ movhi
 380 000c 0388     		ldrh	r3, [r0]
 381 000e 9BB2     		uxth	r3, r3
 382 0010 0B43     		orrs	r3, r3, r1
 383 0012 0380     		strh	r3, [r0]	@ movhi
 384 0014 7047     		bx	lr
 386              		.section	.text.SPI_BiDirectionalLineConfig,"ax",%progbits
 387              		.align	1
 388              		.global	SPI_BiDirectionalLineConfig
 389              		.syntax unified
 390              		.thumb
 391              		.thumb_func
 393              	SPI_BiDirectionalLineConfig:
 394              		@ args = 0, pretend = 0, frame = 0
 395              		@ frame_needed = 0, uses_anonymous_args = 0
 396              		@ link register save eliminated.
 397 0000 B1F5804F 		cmp	r1, #16384
 398 0004 06D0     		beq	.L47
 399 0006 0388     		ldrh	r3, [r0]
 400 0008 9BB2     		uxth	r3, r3
 401 000a 23F48043 		bic	r3, r3, #16384
 402 000e 9BB2     		uxth	r3, r3
 403 0010 0380     		strh	r3, [r0]	@ movhi
 404 0012 7047     		bx	lr
 405              	.L47:
 406 0014 0388     		ldrh	r3, [r0]
 407 0016 9BB2     		uxth	r3, r3
 408 0018 43F48043 		orr	r3, r3, #16384
 409 001c 0380     		strh	r3, [r0]	@ movhi
 410 001e 7047     		bx	lr
 412              		.section	.text.SPI_NSSInternalSoftwareConfig,"ax",%progbits
 413              		.align	1
 414              		.global	SPI_NSSInternalSoftwareConfig
 415              		.syntax unified
 416              		.thumb
 417              		.thumb_func
ARM GAS  C:\Users\ktkuru\AppData\Local\Temp\ccPXhW8e.s 			page 8


 419              	SPI_NSSInternalSoftwareConfig:
 420              		@ args = 0, pretend = 0, frame = 0
 421              		@ frame_needed = 0, uses_anonymous_args = 0
 422              		@ link register save eliminated.
 423 0000 4FF6FF63 		movw	r3, #65279
 424 0004 9942     		cmp	r1, r3
 425 0006 05D0     		beq	.L49
 426 0008 0388     		ldrh	r3, [r0]
 427 000a 9BB2     		uxth	r3, r3
 428 000c 43F48073 		orr	r3, r3, #256
 429 0010 0380     		strh	r3, [r0]	@ movhi
 430 0012 7047     		bx	lr
 431              	.L49:
 432 0014 0388     		ldrh	r3, [r0]
 433 0016 9BB2     		uxth	r3, r3
 434 0018 23F48073 		bic	r3, r3, #256
 435 001c 9BB2     		uxth	r3, r3
 436 001e 0380     		strh	r3, [r0]	@ movhi
 437 0020 7047     		bx	lr
 439              		.section	.text.SPI_SSOutputCmd,"ax",%progbits
 440              		.align	1
 441              		.global	SPI_SSOutputCmd
 442              		.syntax unified
 443              		.thumb
 444              		.thumb_func
 446              	SPI_SSOutputCmd:
 447              		@ args = 0, pretend = 0, frame = 0
 448              		@ frame_needed = 0, uses_anonymous_args = 0
 449              		@ link register save eliminated.
 450 0000 29B1     		cbz	r1, .L52
 451 0002 8388     		ldrh	r3, [r0, #4]
 452 0004 9BB2     		uxth	r3, r3
 453 0006 43F00403 		orr	r3, r3, #4
 454 000a 8380     		strh	r3, [r0, #4]	@ movhi
 455 000c 7047     		bx	lr
 456              	.L52:
 457 000e 8388     		ldrh	r3, [r0, #4]
 458 0010 9BB2     		uxth	r3, r3
 459 0012 23F00403 		bic	r3, r3, #4
 460 0016 9BB2     		uxth	r3, r3
 461 0018 8380     		strh	r3, [r0, #4]	@ movhi
 462 001a 7047     		bx	lr
 464              		.section	.text.SPI_TIModeCmd,"ax",%progbits
 465              		.align	1
 466              		.global	SPI_TIModeCmd
 467              		.syntax unified
 468              		.thumb
 469              		.thumb_func
 471              	SPI_TIModeCmd:
 472              		@ args = 0, pretend = 0, frame = 0
 473              		@ frame_needed = 0, uses_anonymous_args = 0
 474              		@ link register save eliminated.
 475 0000 29B1     		cbz	r1, .L55
 476 0002 8388     		ldrh	r3, [r0, #4]
 477 0004 9BB2     		uxth	r3, r3
 478 0006 43F01003 		orr	r3, r3, #16
 479 000a 8380     		strh	r3, [r0, #4]	@ movhi
ARM GAS  C:\Users\ktkuru\AppData\Local\Temp\ccPXhW8e.s 			page 9


 480 000c 7047     		bx	lr
 481              	.L55:
 482 000e 8388     		ldrh	r3, [r0, #4]
 483 0010 9BB2     		uxth	r3, r3
 484 0012 23F01003 		bic	r3, r3, #16
 485 0016 9BB2     		uxth	r3, r3
 486 0018 8380     		strh	r3, [r0, #4]	@ movhi
 487 001a 7047     		bx	lr
 489              		.section	.text.I2S_FullDuplexConfig,"ax",%progbits
 490              		.align	1
 491              		.global	I2S_FullDuplexConfig
 492              		.syntax unified
 493              		.thumb
 494              		.thumb_func
 496              	I2S_FullDuplexConfig:
 497              		@ args = 0, pretend = 0, frame = 0
 498              		@ frame_needed = 0, uses_anonymous_args = 0
 499 0000 00B5     		push	{lr}
 500 0002 838B     		ldrh	r3, [r0, #28]
 501 0004 9BB2     		uxth	r3, r3
 502 0006 23F47B63 		bic	r3, r3, #4016
 503 000a 23F00F03 		bic	r3, r3, #15
 504 000e 9BB2     		uxth	r3, r3
 505 0010 8383     		strh	r3, [r0, #28]	@ movhi
 506 0012 0223     		movs	r3, #2
 507 0014 0384     		strh	r3, [r0, #32]	@ movhi
 508 0016 828B     		ldrh	r2, [r0, #28]
 509 0018 92B2     		uxth	r2, r2
 510 001a 0B88     		ldrh	r3, [r1]
 511 001c B3F5007F 		cmp	r3, #512
 512 0020 03D0     		beq	.L59
 513 0022 9BB9     		cbnz	r3, .L60
 514 0024 4FF4807E 		mov	lr, #256
 515 0028 01E0     		b	.L58
 516              	.L59:
 517 002a 4FF4807E 		mov	lr, #256
 518              	.L58:
 519 002e 4B88     		ldrh	r3, [r1, #2]
 520 0030 B1F804C0 		ldrh	ip, [r1, #4]
 521 0034 8989     		ldrh	r1, [r1, #12]
 522 0036 4CEA0101 		orr	r1, ip, r1
 523 003a 0B43     		orrs	r3, r3, r1
 524 003c 43EA0E03 		orr	r3, r3, lr
 525 0040 1343     		orrs	r3, r3, r2
 526 0042 43F40063 		orr	r3, r3, #2048
 527 0046 8383     		strh	r3, [r0, #28]	@ movhi
 528 0048 5DF804FB 		ldr	pc, [sp], #4
 529              	.L60:
 530 004c 4FF0000E 		mov	lr, #0
 531 0050 EDE7     		b	.L58
 533              		.section	.text.SPI_I2S_ReceiveData,"ax",%progbits
 534              		.align	1
 535              		.global	SPI_I2S_ReceiveData
 536              		.syntax unified
 537              		.thumb
 538              		.thumb_func
 540              	SPI_I2S_ReceiveData:
ARM GAS  C:\Users\ktkuru\AppData\Local\Temp\ccPXhW8e.s 			page 10


 541              		@ args = 0, pretend = 0, frame = 0
 542              		@ frame_needed = 0, uses_anonymous_args = 0
 543              		@ link register save eliminated.
 544 0000 8089     		ldrh	r0, [r0, #12]
 545 0002 80B2     		uxth	r0, r0
 546 0004 7047     		bx	lr
 548              		.section	.text.SPI_I2S_SendData,"ax",%progbits
 549              		.align	1
 550              		.global	SPI_I2S_SendData
 551              		.syntax unified
 552              		.thumb
 553              		.thumb_func
 555              	SPI_I2S_SendData:
 556              		@ args = 0, pretend = 0, frame = 0
 557              		@ frame_needed = 0, uses_anonymous_args = 0
 558              		@ link register save eliminated.
 559 0000 8181     		strh	r1, [r0, #12]	@ movhi
 560 0002 7047     		bx	lr
 562              		.section	.text.SPI_CalculateCRC,"ax",%progbits
 563              		.align	1
 564              		.global	SPI_CalculateCRC
 565              		.syntax unified
 566              		.thumb
 567              		.thumb_func
 569              	SPI_CalculateCRC:
 570              		@ args = 0, pretend = 0, frame = 0
 571              		@ frame_needed = 0, uses_anonymous_args = 0
 572              		@ link register save eliminated.
 573 0000 29B1     		cbz	r1, .L65
 574 0002 0388     		ldrh	r3, [r0]
 575 0004 9BB2     		uxth	r3, r3
 576 0006 43F40053 		orr	r3, r3, #8192
 577 000a 0380     		strh	r3, [r0]	@ movhi
 578 000c 7047     		bx	lr
 579              	.L65:
 580 000e 0388     		ldrh	r3, [r0]
 581 0010 9BB2     		uxth	r3, r3
 582 0012 23F40053 		bic	r3, r3, #8192
 583 0016 9BB2     		uxth	r3, r3
 584 0018 0380     		strh	r3, [r0]	@ movhi
 585 001a 7047     		bx	lr
 587              		.section	.text.SPI_TransmitCRC,"ax",%progbits
 588              		.align	1
 589              		.global	SPI_TransmitCRC
 590              		.syntax unified
 591              		.thumb
 592              		.thumb_func
 594              	SPI_TransmitCRC:
 595              		@ args = 0, pretend = 0, frame = 0
 596              		@ frame_needed = 0, uses_anonymous_args = 0
 597              		@ link register save eliminated.
 598 0000 0388     		ldrh	r3, [r0]
 599 0002 9BB2     		uxth	r3, r3
 600 0004 43F48053 		orr	r3, r3, #4096
 601 0008 0380     		strh	r3, [r0]	@ movhi
 602 000a 7047     		bx	lr
 604              		.section	.text.SPI_GetCRC,"ax",%progbits
ARM GAS  C:\Users\ktkuru\AppData\Local\Temp\ccPXhW8e.s 			page 11


 605              		.align	1
 606              		.global	SPI_GetCRC
 607              		.syntax unified
 608              		.thumb
 609              		.thumb_func
 611              	SPI_GetCRC:
 612              		@ args = 0, pretend = 0, frame = 0
 613              		@ frame_needed = 0, uses_anonymous_args = 0
 614              		@ link register save eliminated.
 615 0000 0129     		cmp	r1, #1
 616 0002 02D0     		beq	.L69
 617 0004 008B     		ldrh	r0, [r0, #24]
 618 0006 80B2     		uxth	r0, r0
 619 0008 7047     		bx	lr
 620              	.L69:
 621 000a 808A     		ldrh	r0, [r0, #20]
 622 000c 80B2     		uxth	r0, r0
 623 000e 7047     		bx	lr
 625              		.section	.text.SPI_GetCRCPolynomial,"ax",%progbits
 626              		.align	1
 627              		.global	SPI_GetCRCPolynomial
 628              		.syntax unified
 629              		.thumb
 630              		.thumb_func
 632              	SPI_GetCRCPolynomial:
 633              		@ args = 0, pretend = 0, frame = 0
 634              		@ frame_needed = 0, uses_anonymous_args = 0
 635              		@ link register save eliminated.
 636 0000 008A     		ldrh	r0, [r0, #16]
 637 0002 80B2     		uxth	r0, r0
 638 0004 7047     		bx	lr
 640              		.section	.text.SPI_I2S_DMACmd,"ax",%progbits
 641              		.align	1
 642              		.global	SPI_I2S_DMACmd
 643              		.syntax unified
 644              		.thumb
 645              		.thumb_func
 647              	SPI_I2S_DMACmd:
 648              		@ args = 0, pretend = 0, frame = 0
 649              		@ frame_needed = 0, uses_anonymous_args = 0
 650              		@ link register save eliminated.
 651 0000 22B1     		cbz	r2, .L73
 652 0002 8388     		ldrh	r3, [r0, #4]
 653 0004 9BB2     		uxth	r3, r3
 654 0006 0B43     		orrs	r3, r3, r1
 655 0008 8380     		strh	r3, [r0, #4]	@ movhi
 656 000a 7047     		bx	lr
 657              	.L73:
 658 000c 8388     		ldrh	r3, [r0, #4]
 659 000e C943     		mvns	r1, r1
 660 0010 89B2     		uxth	r1, r1
 661 0012 1940     		ands	r1, r1, r3
 662 0014 8180     		strh	r1, [r0, #4]	@ movhi
 663 0016 7047     		bx	lr
 665              		.section	.text.SPI_I2S_ITConfig,"ax",%progbits
 666              		.align	1
 667              		.global	SPI_I2S_ITConfig
ARM GAS  C:\Users\ktkuru\AppData\Local\Temp\ccPXhW8e.s 			page 12


 668              		.syntax unified
 669              		.thumb
 670              		.thumb_func
 672              	SPI_I2S_ITConfig:
 673              		@ args = 0, pretend = 0, frame = 0
 674              		@ frame_needed = 0, uses_anonymous_args = 0
 675              		@ link register save eliminated.
 676 0000 0909     		lsrs	r1, r1, #4
 677 0002 0123     		movs	r3, #1
 678 0004 8B40     		lsls	r3, r3, r1
 679 0006 9BB2     		uxth	r3, r3
 680 0008 22B1     		cbz	r2, .L76
 681 000a 8288     		ldrh	r2, [r0, #4]
 682 000c 92B2     		uxth	r2, r2
 683 000e 1343     		orrs	r3, r3, r2
 684 0010 8380     		strh	r3, [r0, #4]	@ movhi
 685 0012 7047     		bx	lr
 686              	.L76:
 687 0014 8288     		ldrh	r2, [r0, #4]
 688 0016 DB43     		mvns	r3, r3
 689 0018 9BB2     		uxth	r3, r3
 690 001a 1340     		ands	r3, r3, r2
 691 001c 8380     		strh	r3, [r0, #4]	@ movhi
 692 001e 7047     		bx	lr
 694              		.section	.text.SPI_I2S_GetFlagStatus,"ax",%progbits
 695              		.align	1
 696              		.global	SPI_I2S_GetFlagStatus
 697              		.syntax unified
 698              		.thumb
 699              		.thumb_func
 701              	SPI_I2S_GetFlagStatus:
 702              		@ args = 0, pretend = 0, frame = 0
 703              		@ frame_needed = 0, uses_anonymous_args = 0
 704              		@ link register save eliminated.
 705 0000 0389     		ldrh	r3, [r0, #8]
 706 0002 1942     		tst	r1, r3
 707 0004 01D0     		beq	.L80
 708 0006 0120     		movs	r0, #1
 709 0008 7047     		bx	lr
 710              	.L80:
 711 000a 0020     		movs	r0, #0
 712 000c 7047     		bx	lr
 714              		.section	.text.SPI_I2S_ClearFlag,"ax",%progbits
 715              		.align	1
 716              		.global	SPI_I2S_ClearFlag
 717              		.syntax unified
 718              		.thumb
 719              		.thumb_func
 721              	SPI_I2S_ClearFlag:
 722              		@ args = 0, pretend = 0, frame = 0
 723              		@ frame_needed = 0, uses_anonymous_args = 0
 724              		@ link register save eliminated.
 725 0000 C943     		mvns	r1, r1
 726 0002 89B2     		uxth	r1, r1
 727 0004 0181     		strh	r1, [r0, #8]	@ movhi
 728 0006 7047     		bx	lr
 730              		.section	.text.SPI_I2S_GetITStatus,"ax",%progbits
ARM GAS  C:\Users\ktkuru\AppData\Local\Temp\ccPXhW8e.s 			page 13


 731              		.align	1
 732              		.global	SPI_I2S_GetITStatus
 733              		.syntax unified
 734              		.thumb
 735              		.thumb_func
 737              	SPI_I2S_GetITStatus:
 738              		@ args = 0, pretend = 0, frame = 0
 739              		@ frame_needed = 0, uses_anonymous_args = 0
 740              		@ link register save eliminated.
 741 0000 01F00F0C 		and	ip, r1, #15
 742 0004 0123     		movs	r3, #1
 743 0006 03FA0CFC 		lsl	ip, r3, ip
 744 000a 0909     		lsrs	r1, r1, #4
 745 000c 8B40     		lsls	r3, r3, r1
 746 000e 8288     		ldrh	r2, [r0, #4]
 747 0010 92B2     		uxth	r2, r2
 748 0012 1340     		ands	r3, r3, r2
 749 0014 0289     		ldrh	r2, [r0, #8]
 750 0016 92B2     		uxth	r2, r2
 751 0018 1CEA020F 		tst	ip, r2
 752 001c 02D0     		beq	.L84
 753 001e 1BB9     		cbnz	r3, .L85
 754 0020 0020     		movs	r0, #0
 755 0022 7047     		bx	lr
 756              	.L84:
 757 0024 0020     		movs	r0, #0
 758 0026 7047     		bx	lr
 759              	.L85:
 760 0028 0120     		movs	r0, #1
 761 002a 7047     		bx	lr
 763              		.section	.text.SPI_I2S_ClearITPendingBit,"ax",%progbits
 764              		.align	1
 765              		.global	SPI_I2S_ClearITPendingBit
 766              		.syntax unified
 767              		.thumb
 768              		.thumb_func
 770              	SPI_I2S_ClearITPendingBit:
 771              		@ args = 0, pretend = 0, frame = 0
 772              		@ frame_needed = 0, uses_anonymous_args = 0
 773              		@ link register save eliminated.
 774 0000 01F00F01 		and	r1, r1, #15
 775 0004 0123     		movs	r3, #1
 776 0006 8B40     		lsls	r3, r3, r1
 777 0008 9BB2     		uxth	r3, r3
 778 000a DB43     		mvns	r3, r3
 779 000c 9BB2     		uxth	r3, r3
 780 000e 0381     		strh	r3, [r0, #8]	@ movhi
 781 0010 7047     		bx	lr
 783              		.ident	"GCC: (Arm GNU Toolchain 13.3.Rel1 (Build arm-13.24)) 13.3.1 20240614"
ARM GAS  C:\Users\ktkuru\AppData\Local\Temp\ccPXhW8e.s 			page 14


DEFINED SYMBOLS
                            *ABS*:00000000 stm32f4xx_spi.c
C:\Users\ktkuru\AppData\Local\Temp\ccPXhW8e.s:18     .text.SPI_I2S_DeInit:00000000 $t
C:\Users\ktkuru\AppData\Local\Temp\ccPXhW8e.s:24     .text.SPI_I2S_DeInit:00000000 SPI_I2S_DeInit
C:\Users\ktkuru\AppData\Local\Temp\ccPXhW8e.s:99     .text.SPI_I2S_DeInit:000000ac $d
C:\Users\ktkuru\AppData\Local\Temp\ccPXhW8e.s:107    .text.SPI_Init:00000000 $t
C:\Users\ktkuru\AppData\Local\Temp\ccPXhW8e.s:113    .text.SPI_Init:00000000 SPI_Init
C:\Users\ktkuru\AppData\Local\Temp\ccPXhW8e.s:146    .text.I2S_Init:00000000 $t
C:\Users\ktkuru\AppData\Local\Temp\ccPXhW8e.s:152    .text.I2S_Init:00000000 I2S_Init
C:\Users\ktkuru\AppData\Local\Temp\ccPXhW8e.s:264    .text.I2S_Init:00000110 $d
C:\Users\ktkuru\AppData\Local\Temp\ccPXhW8e.s:270    .text.SPI_StructInit:00000000 $t
C:\Users\ktkuru\AppData\Local\Temp\ccPXhW8e.s:276    .text.SPI_StructInit:00000000 SPI_StructInit
C:\Users\ktkuru\AppData\Local\Temp\ccPXhW8e.s:294    .text.I2S_StructInit:00000000 $t
C:\Users\ktkuru\AppData\Local\Temp\ccPXhW8e.s:300    .text.I2S_StructInit:00000000 I2S_StructInit
C:\Users\ktkuru\AppData\Local\Temp\ccPXhW8e.s:315    .text.SPI_Cmd:00000000 $t
C:\Users\ktkuru\AppData\Local\Temp\ccPXhW8e.s:321    .text.SPI_Cmd:00000000 SPI_Cmd
C:\Users\ktkuru\AppData\Local\Temp\ccPXhW8e.s:340    .text.I2S_Cmd:00000000 $t
C:\Users\ktkuru\AppData\Local\Temp\ccPXhW8e.s:346    .text.I2S_Cmd:00000000 I2S_Cmd
C:\Users\ktkuru\AppData\Local\Temp\ccPXhW8e.s:365    .text.SPI_DataSizeConfig:00000000 $t
C:\Users\ktkuru\AppData\Local\Temp\ccPXhW8e.s:371    .text.SPI_DataSizeConfig:00000000 SPI_DataSizeConfig
C:\Users\ktkuru\AppData\Local\Temp\ccPXhW8e.s:387    .text.SPI_BiDirectionalLineConfig:00000000 $t
C:\Users\ktkuru\AppData\Local\Temp\ccPXhW8e.s:393    .text.SPI_BiDirectionalLineConfig:00000000 SPI_BiDirectionalLineConfig
C:\Users\ktkuru\AppData\Local\Temp\ccPXhW8e.s:413    .text.SPI_NSSInternalSoftwareConfig:00000000 $t
C:\Users\ktkuru\AppData\Local\Temp\ccPXhW8e.s:419    .text.SPI_NSSInternalSoftwareConfig:00000000 SPI_NSSInternalSoftwareConfig
C:\Users\ktkuru\AppData\Local\Temp\ccPXhW8e.s:440    .text.SPI_SSOutputCmd:00000000 $t
C:\Users\ktkuru\AppData\Local\Temp\ccPXhW8e.s:446    .text.SPI_SSOutputCmd:00000000 SPI_SSOutputCmd
C:\Users\ktkuru\AppData\Local\Temp\ccPXhW8e.s:465    .text.SPI_TIModeCmd:00000000 $t
C:\Users\ktkuru\AppData\Local\Temp\ccPXhW8e.s:471    .text.SPI_TIModeCmd:00000000 SPI_TIModeCmd
C:\Users\ktkuru\AppData\Local\Temp\ccPXhW8e.s:490    .text.I2S_FullDuplexConfig:00000000 $t
C:\Users\ktkuru\AppData\Local\Temp\ccPXhW8e.s:496    .text.I2S_FullDuplexConfig:00000000 I2S_FullDuplexConfig
C:\Users\ktkuru\AppData\Local\Temp\ccPXhW8e.s:534    .text.SPI_I2S_ReceiveData:00000000 $t
C:\Users\ktkuru\AppData\Local\Temp\ccPXhW8e.s:540    .text.SPI_I2S_ReceiveData:00000000 SPI_I2S_ReceiveData
C:\Users\ktkuru\AppData\Local\Temp\ccPXhW8e.s:549    .text.SPI_I2S_SendData:00000000 $t
C:\Users\ktkuru\AppData\Local\Temp\ccPXhW8e.s:555    .text.SPI_I2S_SendData:00000000 SPI_I2S_SendData
C:\Users\ktkuru\AppData\Local\Temp\ccPXhW8e.s:563    .text.SPI_CalculateCRC:00000000 $t
C:\Users\ktkuru\AppData\Local\Temp\ccPXhW8e.s:569    .text.SPI_CalculateCRC:00000000 SPI_CalculateCRC
C:\Users\ktkuru\AppData\Local\Temp\ccPXhW8e.s:588    .text.SPI_TransmitCRC:00000000 $t
C:\Users\ktkuru\AppData\Local\Temp\ccPXhW8e.s:594    .text.SPI_TransmitCRC:00000000 SPI_TransmitCRC
C:\Users\ktkuru\AppData\Local\Temp\ccPXhW8e.s:605    .text.SPI_GetCRC:00000000 $t
C:\Users\ktkuru\AppData\Local\Temp\ccPXhW8e.s:611    .text.SPI_GetCRC:00000000 SPI_GetCRC
C:\Users\ktkuru\AppData\Local\Temp\ccPXhW8e.s:626    .text.SPI_GetCRCPolynomial:00000000 $t
C:\Users\ktkuru\AppData\Local\Temp\ccPXhW8e.s:632    .text.SPI_GetCRCPolynomial:00000000 SPI_GetCRCPolynomial
C:\Users\ktkuru\AppData\Local\Temp\ccPXhW8e.s:641    .text.SPI_I2S_DMACmd:00000000 $t
C:\Users\ktkuru\AppData\Local\Temp\ccPXhW8e.s:647    .text.SPI_I2S_DMACmd:00000000 SPI_I2S_DMACmd
C:\Users\ktkuru\AppData\Local\Temp\ccPXhW8e.s:666    .text.SPI_I2S_ITConfig:00000000 $t
C:\Users\ktkuru\AppData\Local\Temp\ccPXhW8e.s:672    .text.SPI_I2S_ITConfig:00000000 SPI_I2S_ITConfig
C:\Users\ktkuru\AppData\Local\Temp\ccPXhW8e.s:695    .text.SPI_I2S_GetFlagStatus:00000000 $t
C:\Users\ktkuru\AppData\Local\Temp\ccPXhW8e.s:701    .text.SPI_I2S_GetFlagStatus:00000000 SPI_I2S_GetFlagStatus
C:\Users\ktkuru\AppData\Local\Temp\ccPXhW8e.s:715    .text.SPI_I2S_ClearFlag:00000000 $t
C:\Users\ktkuru\AppData\Local\Temp\ccPXhW8e.s:721    .text.SPI_I2S_ClearFlag:00000000 SPI_I2S_ClearFlag
C:\Users\ktkuru\AppData\Local\Temp\ccPXhW8e.s:731    .text.SPI_I2S_GetITStatus:00000000 $t
C:\Users\ktkuru\AppData\Local\Temp\ccPXhW8e.s:737    .text.SPI_I2S_GetITStatus:00000000 SPI_I2S_GetITStatus
C:\Users\ktkuru\AppData\Local\Temp\ccPXhW8e.s:764    .text.SPI_I2S_ClearITPendingBit:00000000 $t
C:\Users\ktkuru\AppData\Local\Temp\ccPXhW8e.s:770    .text.SPI_I2S_ClearITPendingBit:00000000 SPI_I2S_ClearITPendingBit

UNDEFINED SYMBOLS
RCC_APB2PeriphResetCmd
ARM GAS  C:\Users\ktkuru\AppData\Local\Temp\ccPXhW8e.s 			page 15


RCC_APB1PeriphResetCmd
