ARM GAS  C:\Users\ktkuru\AppData\Local\Temp\ccmjKwcA.s 			page 1


   1              		.cpu cortex-m4
   2              		.arch armv7e-m
   3              		.fpu fpv4-sp-d16
   4              		.eabi_attribute 27, 1
   5              		.eabi_attribute 28, 1
   6              		.eabi_attribute 20, 1
   7              		.eabi_attribute 21, 1
   8              		.eabi_attribute 23, 3
   9              		.eabi_attribute 24, 1
  10              		.eabi_attribute 25, 1
  11              		.eabi_attribute 26, 1
  12              		.eabi_attribute 30, 1
  13              		.eabi_attribute 34, 1
  14              		.eabi_attribute 18, 4
  15              		.file	"stm32f4xx_it.c"
  16              		.text
  17              		.section	.text.NMI_Handler,"ax",%progbits
  18              		.align	1
  19              		.global	NMI_Handler
  20              		.syntax unified
  21              		.thumb
  22              		.thumb_func
  24              	NMI_Handler:
  25              		@ args = 0, pretend = 0, frame = 0
  26              		@ frame_needed = 0, uses_anonymous_args = 0
  27              		@ link register save eliminated.
  28 0000 7047     		bx	lr
  30              		.section	.text.HardFault_Handler,"ax",%progbits
  31              		.align	1
  32              		.global	HardFault_Handler
  33              		.syntax unified
  34              		.thumb
  35              		.thumb_func
  37              	HardFault_Handler:
  38              		@ Volatile: function does not return.
  39              		@ args = 0, pretend = 0, frame = 0
  40              		@ frame_needed = 0, uses_anonymous_args = 0
  41              		@ link register save eliminated.
  42              	.L3:
  43 0000 FEE7     		b	.L3
  45              		.section	.text.MemManage_Handler,"ax",%progbits
  46              		.align	1
  47              		.global	MemManage_Handler
  48              		.syntax unified
  49              		.thumb
  50              		.thumb_func
  52              	MemManage_Handler:
  53              		@ Volatile: function does not return.
  54              		@ args = 0, pretend = 0, frame = 0
  55              		@ frame_needed = 0, uses_anonymous_args = 0
  56              		@ link register save eliminated.
  57              	.L5:
  58 0000 FEE7     		b	.L5
  60              		.section	.text.BusFault_Handler,"ax",%progbits
  61              		.align	1
  62              		.global	BusFault_Handler
  63              		.syntax unified
ARM GAS  C:\Users\ktkuru\AppData\Local\Temp\ccmjKwcA.s 			page 2


  64              		.thumb
  65              		.thumb_func
  67              	BusFault_Handler:
  68              		@ Volatile: function does not return.
  69              		@ args = 0, pretend = 0, frame = 0
  70              		@ frame_needed = 0, uses_anonymous_args = 0
  71              		@ link register save eliminated.
  72              	.L7:
  73 0000 FEE7     		b	.L7
  75              		.section	.text.UsageFault_Handler,"ax",%progbits
  76              		.align	1
  77              		.global	UsageFault_Handler
  78              		.syntax unified
  79              		.thumb
  80              		.thumb_func
  82              	UsageFault_Handler:
  83              		@ Volatile: function does not return.
  84              		@ args = 0, pretend = 0, frame = 0
  85              		@ frame_needed = 0, uses_anonymous_args = 0
  86              		@ link register save eliminated.
  87              	.L9:
  88 0000 FEE7     		b	.L9
  90              		.section	.text.DebugMon_Handler,"ax",%progbits
  91              		.align	1
  92              		.global	DebugMon_Handler
  93              		.syntax unified
  94              		.thumb
  95              		.thumb_func
  97              	DebugMon_Handler:
  98              		@ args = 0, pretend = 0, frame = 0
  99              		@ frame_needed = 0, uses_anonymous_args = 0
 100              		@ link register save eliminated.
 101 0000 7047     		bx	lr
 103              		.ident	"GCC: (Arm GNU Toolchain 13.3.Rel1 (Build arm-13.24)) 13.3.1 20240614"
ARM GAS  C:\Users\ktkuru\AppData\Local\Temp\ccmjKwcA.s 			page 3


DEFINED SYMBOLS
                            *ABS*:00000000 stm32f4xx_it.c
C:\Users\ktkuru\AppData\Local\Temp\ccmjKwcA.s:18     .text.NMI_Handler:00000000 $t
C:\Users\ktkuru\AppData\Local\Temp\ccmjKwcA.s:24     .text.NMI_Handler:00000000 NMI_Handler
C:\Users\ktkuru\AppData\Local\Temp\ccmjKwcA.s:31     .text.HardFault_Handler:00000000 $t
C:\Users\ktkuru\AppData\Local\Temp\ccmjKwcA.s:37     .text.HardFault_Handler:00000000 HardFault_Handler
C:\Users\ktkuru\AppData\Local\Temp\ccmjKwcA.s:46     .text.MemManage_Handler:00000000 $t
C:\Users\ktkuru\AppData\Local\Temp\ccmjKwcA.s:52     .text.MemManage_Handler:00000000 MemManage_Handler
C:\Users\ktkuru\AppData\Local\Temp\ccmjKwcA.s:61     .text.BusFault_Handler:00000000 $t
C:\Users\ktkuru\AppData\Local\Temp\ccmjKwcA.s:67     .text.BusFault_Handler:00000000 BusFault_Handler
C:\Users\ktkuru\AppData\Local\Temp\ccmjKwcA.s:76     .text.UsageFault_Handler:00000000 $t
C:\Users\ktkuru\AppData\Local\Temp\ccmjKwcA.s:82     .text.UsageFault_Handler:00000000 UsageFault_Handler
C:\Users\ktkuru\AppData\Local\Temp\ccmjKwcA.s:91     .text.DebugMon_Handler:00000000 $t
C:\Users\ktkuru\AppData\Local\Temp\ccmjKwcA.s:97     .text.DebugMon_Handler:00000000 DebugMon_Handler

NO UNDEFINED SYMBOLS
