ARM GAS  C:\Users\ktkuru\AppData\Local\Temp\ccNSqQ41.s 			page 1


   1              		.cpu cortex-m4
   2              		.arch armv7e-m
   3              		.fpu fpv4-sp-d16
   4              		.eabi_attribute 27, 1
   5              		.eabi_attribute 28, 1
   6              		.eabi_attribute 20, 1
   7              		.eabi_attribute 21, 1
   8              		.eabi_attribute 23, 3
   9              		.eabi_attribute 24, 1
  10              		.eabi_attribute 25, 1
  11              		.eabi_attribute 26, 1
  12              		.eabi_attribute 30, 1
  13              		.eabi_attribute 34, 1
  14              		.eabi_attribute 18, 4
  15              		.file	"stm32f4xx_flash_ramfunc.c"
  16              		.text
  17              		.section	.RamFunc,"ax",%progbits
  18              		.align	1
  19              		.global	FLASH_FlashInterfaceCmd
  20              		.syntax unified
  21              		.thumb
  22              		.thumb_func
  24              	FLASH_FlashInterfaceCmd:
  25              		@ args = 0, pretend = 0, frame = 0
  26              		@ frame_needed = 0, uses_anonymous_args = 0
  27              		@ link register save eliminated.
  28 0000 28B1     		cbz	r0, .L2
  29 0002 064A     		ldr	r2, .L4
  30 0004 1368     		ldr	r3, [r2]
  31 0006 23F40013 		bic	r3, r3, #2097152
  32 000a 1360     		str	r3, [r2]
  33 000c 7047     		bx	lr
  34              	.L2:
  35 000e 034A     		ldr	r2, .L4
  36 0010 1368     		ldr	r3, [r2]
  37 0012 43F40013 		orr	r3, r3, #2097152
  38 0016 1360     		str	r3, [r2]
  39 0018 7047     		bx	lr
  40              	.L5:
  41 001a 00BF     		.align	2
  42              	.L4:
  43 001c 00700040 		.word	1073770496
  45              		.align	1
  46              		.global	FLASH_FlashSleepModeCmd
  47              		.syntax unified
  48              		.thumb
  49              		.thumb_func
  51              	FLASH_FlashSleepModeCmd:
  52              		@ args = 0, pretend = 0, frame = 0
  53              		@ frame_needed = 0, uses_anonymous_args = 0
  54              		@ link register save eliminated.
  55 0020 28B1     		cbz	r0, .L7
  56 0022 064A     		ldr	r2, .L9
  57 0024 1368     		ldr	r3, [r2]
  58 0026 43F48013 		orr	r3, r3, #1048576
  59 002a 1360     		str	r3, [r2]
  60 002c 7047     		bx	lr
ARM GAS  C:\Users\ktkuru\AppData\Local\Temp\ccNSqQ41.s 			page 2


  61              	.L7:
  62 002e 034A     		ldr	r2, .L9
  63 0030 1368     		ldr	r3, [r2]
  64 0032 23F48013 		bic	r3, r3, #1048576
  65 0036 1360     		str	r3, [r2]
  66 0038 7047     		bx	lr
  67              	.L10:
  68 003a 00BF     		.align	2
  69              	.L9:
  70 003c 00700040 		.word	1073770496
  72              		.ident	"GCC: (Arm GNU Toolchain 13.3.Rel1 (Build arm-13.24)) 13.3.1 20240614"
ARM GAS  C:\Users\ktkuru\AppData\Local\Temp\ccNSqQ41.s 			page 3


DEFINED SYMBOLS
                            *ABS*:00000000 stm32f4xx_flash_ramfunc.c
C:\Users\ktkuru\AppData\Local\Temp\ccNSqQ41.s:18     .RamFunc:00000000 $t
C:\Users\ktkuru\AppData\Local\Temp\ccNSqQ41.s:24     .RamFunc:00000000 FLASH_FlashInterfaceCmd
C:\Users\ktkuru\AppData\Local\Temp\ccNSqQ41.s:43     .RamFunc:0000001c $d
C:\Users\ktkuru\AppData\Local\Temp\ccNSqQ41.s:45     .RamFunc:00000020 $t
C:\Users\ktkuru\AppData\Local\Temp\ccNSqQ41.s:51     .RamFunc:00000020 FLASH_FlashSleepModeCmd
C:\Users\ktkuru\AppData\Local\Temp\ccNSqQ41.s:70     .RamFunc:0000003c $d

NO UNDEFINED SYMBOLS
