ARM GAS  C:\Users\ktkuru\AppData\Local\Temp\cc2IOOed.s 			page 1


   1              		.cpu cortex-m4
   2              		.arch armv7e-m
   3              		.fpu fpv4-sp-d16
   4              		.eabi_attribute 27, 1
   5              		.eabi_attribute 28, 1
   6              		.eabi_attribute 20, 1
   7              		.eabi_attribute 21, 1
   8              		.eabi_attribute 23, 3
   9              		.eabi_attribute 24, 1
  10              		.eabi_attribute 25, 1
  11              		.eabi_attribute 26, 1
  12              		.eabi_attribute 30, 1
  13              		.eabi_attribute 34, 1
  14              		.eabi_attribute 18, 4
  15              		.file	"stm32f4xx_ltdc.c"
  16              		.text
  17              		.section	.text.LTDC_DeInit,"ax",%progbits
  18              		.align	1
  19              		.global	LTDC_DeInit
  20              		.syntax unified
  21              		.thumb
  22              		.thumb_func
  24              	LTDC_DeInit:
  25              		@ args = 0, pretend = 0, frame = 0
  26              		@ frame_needed = 0, uses_anonymous_args = 0
  27 0000 08B5     		push	{r3, lr}
  28 0002 0121     		movs	r1, #1
  29 0004 4FF08060 		mov	r0, #67108864
  30 0008 FFF7FEFF 		bl	RCC_APB2PeriphResetCmd
  31 000c 0021     		movs	r1, #0
  32 000e 4FF08060 		mov	r0, #67108864
  33 0012 FFF7FEFF 		bl	RCC_APB2PeriphResetCmd
  34 0016 08BD     		pop	{r3, pc}
  36              		.section	.text.LTDC_Init,"ax",%progbits
  37              		.align	1
  38              		.global	LTDC_Init
  39              		.syntax unified
  40              		.thumb
  41              		.thumb_func
  43              	LTDC_Init:
  44              		@ args = 0, pretend = 0, frame = 0
  45              		@ frame_needed = 0, uses_anonymous_args = 0
  46              		@ link register save eliminated.
  47 0000 30B4     		push	{r4, r5}
  48 0002 254B     		ldr	r3, .L5
  49 0004 9968     		ldr	r1, [r3, #8]
  50 0006 254A     		ldr	r2, .L5+4
  51 0008 1140     		ands	r1, r1, r2
  52 000a 9960     		str	r1, [r3, #8]
  53 000c 0469     		ldr	r4, [r0, #16]
  54 000e 9968     		ldr	r1, [r3, #8]
  55 0010 4569     		ldr	r5, [r0, #20]
  56 0012 45EA044C 		orr	ip, r5, r4, lsl #16
  57 0016 41EA0C01 		orr	r1, r1, ip
  58 001a 9960     		str	r1, [r3, #8]
  59 001c D968     		ldr	r1, [r3, #12]
  60 001e 1140     		ands	r1, r1, r2
ARM GAS  C:\Users\ktkuru\AppData\Local\Temp\cc2IOOed.s 			page 2


  61 0020 D960     		str	r1, [r3, #12]
  62 0022 8469     		ldr	r4, [r0, #24]
  63 0024 D968     		ldr	r1, [r3, #12]
  64 0026 C569     		ldr	r5, [r0, #28]
  65 0028 45EA044C 		orr	ip, r5, r4, lsl #16
  66 002c 41EA0C01 		orr	r1, r1, ip
  67 0030 D960     		str	r1, [r3, #12]
  68 0032 1969     		ldr	r1, [r3, #16]
  69 0034 1140     		ands	r1, r1, r2
  70 0036 1961     		str	r1, [r3, #16]
  71 0038 046A     		ldr	r4, [r0, #32]
  72 003a 1969     		ldr	r1, [r3, #16]
  73 003c 456A     		ldr	r5, [r0, #36]
  74 003e 45EA044C 		orr	ip, r5, r4, lsl #16
  75 0042 41EA0C01 		orr	r1, r1, ip
  76 0046 1961     		str	r1, [r3, #16]
  77 0048 5969     		ldr	r1, [r3, #20]
  78 004a 0A40     		ands	r2, r2, r1
  79 004c 5A61     		str	r2, [r3, #20]
  80 004e 846A     		ldr	r4, [r0, #40]
  81 0050 5A69     		ldr	r2, [r3, #20]
  82 0052 C16A     		ldr	r1, [r0, #44]
  83 0054 41EA0441 		orr	r1, r1, r4, lsl #16
  84 0058 0A43     		orrs	r2, r2, r1
  85 005a 5A61     		str	r2, [r3, #20]
  86 005c 9969     		ldr	r1, [r3, #24]
  87 005e 104A     		ldr	r2, .L5+8
  88 0060 0A40     		ands	r2, r2, r1
  89 0062 9A61     		str	r2, [r3, #24]
  90 0064 9969     		ldr	r1, [r3, #24]
  91 0066 0268     		ldr	r2, [r0]
  92 0068 4468     		ldr	r4, [r0, #4]
  93 006a 2243     		orrs	r2, r2, r4
  94 006c 8468     		ldr	r4, [r0, #8]
  95 006e 2243     		orrs	r2, r2, r4
  96 0070 C468     		ldr	r4, [r0, #12]
  97 0072 2243     		orrs	r2, r2, r4
  98 0074 0A43     		orrs	r2, r2, r1
  99 0076 9A61     		str	r2, [r3, #24]
 100 0078 446B     		ldr	r4, [r0, #52]
 101 007a 026B     		ldr	r2, [r0, #48]
 102 007c 1204     		lsls	r2, r2, #16
 103 007e D96A     		ldr	r1, [r3, #44]
 104 0080 01F07F41 		and	r1, r1, #-16777216
 105 0084 D962     		str	r1, [r3, #44]
 106 0086 D96A     		ldr	r1, [r3, #44]
 107 0088 42EA0422 		orr	r2, r2, r4, lsl #8
 108 008c 806B     		ldr	r0, [r0, #56]
 109 008e 0243     		orrs	r2, r2, r0
 110 0090 0A43     		orrs	r2, r2, r1
 111 0092 DA62     		str	r2, [r3, #44]
 112 0094 30BC     		pop	{r4, r5}
 113 0096 7047     		bx	lr
 114              	.L6:
 115              		.align	2
 116              	.L5:
 117 0098 00680140 		.word	1073833984
ARM GAS  C:\Users\ktkuru\AppData\Local\Temp\cc2IOOed.s 			page 3


 118 009c 00F800F0 		.word	-268371968
 119 00a0 8F88FE0F 		.word	268339343
 121              		.section	.text.LTDC_StructInit,"ax",%progbits
 122              		.align	1
 123              		.global	LTDC_StructInit
 124              		.syntax unified
 125              		.thumb
 126              		.thumb_func
 128              	LTDC_StructInit:
 129              		@ args = 0, pretend = 0, frame = 0
 130              		@ frame_needed = 0, uses_anonymous_args = 0
 131              		@ link register save eliminated.
 132 0000 0023     		movs	r3, #0
 133 0002 0360     		str	r3, [r0]
 134 0004 4360     		str	r3, [r0, #4]
 135 0006 8360     		str	r3, [r0, #8]
 136 0008 C360     		str	r3, [r0, #12]
 137 000a 0361     		str	r3, [r0, #16]
 138 000c 4361     		str	r3, [r0, #20]
 139 000e 8361     		str	r3, [r0, #24]
 140 0010 C361     		str	r3, [r0, #28]
 141 0012 0362     		str	r3, [r0, #32]
 142 0014 4362     		str	r3, [r0, #36]
 143 0016 8362     		str	r3, [r0, #40]
 144 0018 C362     		str	r3, [r0, #44]
 145 001a 0363     		str	r3, [r0, #48]
 146 001c 4363     		str	r3, [r0, #52]
 147 001e 8363     		str	r3, [r0, #56]
 148 0020 7047     		bx	lr
 150              		.section	.text.LTDC_Cmd,"ax",%progbits
 151              		.align	1
 152              		.global	LTDC_Cmd
 153              		.syntax unified
 154              		.thumb
 155              		.thumb_func
 157              	LTDC_Cmd:
 158              		@ args = 0, pretend = 0, frame = 0
 159              		@ frame_needed = 0, uses_anonymous_args = 0
 160              		@ link register save eliminated.
 161 0000 28B1     		cbz	r0, .L9
 162 0002 064A     		ldr	r2, .L11
 163 0004 9369     		ldr	r3, [r2, #24]
 164 0006 43F00103 		orr	r3, r3, #1
 165 000a 9361     		str	r3, [r2, #24]
 166 000c 7047     		bx	lr
 167              	.L9:
 168 000e 034A     		ldr	r2, .L11
 169 0010 9369     		ldr	r3, [r2, #24]
 170 0012 23F00103 		bic	r3, r3, #1
 171 0016 9361     		str	r3, [r2, #24]
 172 0018 7047     		bx	lr
 173              	.L12:
 174 001a 00BF     		.align	2
 175              	.L11:
 176 001c 00680140 		.word	1073833984
 178              		.section	.text.LTDC_DitherCmd,"ax",%progbits
 179              		.align	1
ARM GAS  C:\Users\ktkuru\AppData\Local\Temp\cc2IOOed.s 			page 4


 180              		.global	LTDC_DitherCmd
 181              		.syntax unified
 182              		.thumb
 183              		.thumb_func
 185              	LTDC_DitherCmd:
 186              		@ args = 0, pretend = 0, frame = 0
 187              		@ frame_needed = 0, uses_anonymous_args = 0
 188              		@ link register save eliminated.
 189 0000 28B1     		cbz	r0, .L14
 190 0002 064A     		ldr	r2, .L16
 191 0004 9369     		ldr	r3, [r2, #24]
 192 0006 43F48033 		orr	r3, r3, #65536
 193 000a 9361     		str	r3, [r2, #24]
 194 000c 7047     		bx	lr
 195              	.L14:
 196 000e 034A     		ldr	r2, .L16
 197 0010 9369     		ldr	r3, [r2, #24]
 198 0012 23F48033 		bic	r3, r3, #65536
 199 0016 9361     		str	r3, [r2, #24]
 200 0018 7047     		bx	lr
 201              	.L17:
 202 001a 00BF     		.align	2
 203              	.L16:
 204 001c 00680140 		.word	1073833984
 206              		.section	.text.LTDC_GetRGBWidth,"ax",%progbits
 207              		.align	1
 208              		.global	LTDC_GetRGBWidth
 209              		.syntax unified
 210              		.thumb
 211              		.thumb_func
 213              	LTDC_GetRGBWidth:
 214              		@ args = 0, pretend = 0, frame = 0
 215              		@ frame_needed = 0, uses_anonymous_args = 0
 216              		@ link register save eliminated.
 217 0000 10B4     		push	{r4}
 218 0002 0A4A     		ldr	r2, .L20
 219 0004 9469     		ldr	r4, [r2, #24]
 220 0006 0A49     		ldr	r1, .L20+4
 221 0008 2140     		ands	r1, r1, r4
 222 000a 9161     		str	r1, [r2, #24]
 223 000c 9169     		ldr	r1, [r2, #24]
 224 000e C1F30211 		ubfx	r1, r1, #4, #3
 225 0012 0160     		str	r1, [r0]
 226 0014 9169     		ldr	r1, [r2, #24]
 227 0016 C1F30221 		ubfx	r1, r1, #8, #3
 228 001a 4160     		str	r1, [r0, #4]
 229 001c 9269     		ldr	r2, [r2, #24]
 230 001e C2F30232 		ubfx	r2, r2, #12, #3
 231 0022 8260     		str	r2, [r0, #8]
 232 0024 5DF8044B 		ldr	r4, [sp], #4
 233 0028 7047     		bx	lr
 234              	.L21:
 235 002a 00BF     		.align	2
 236              	.L20:
 237 002c 00680140 		.word	1073833984
 238 0030 8F88FE0F 		.word	268339343
 240              		.section	.text.LTDC_RGBStructInit,"ax",%progbits
ARM GAS  C:\Users\ktkuru\AppData\Local\Temp\cc2IOOed.s 			page 5


 241              		.align	1
 242              		.global	LTDC_RGBStructInit
 243              		.syntax unified
 244              		.thumb
 245              		.thumb_func
 247              	LTDC_RGBStructInit:
 248              		@ args = 0, pretend = 0, frame = 0
 249              		@ frame_needed = 0, uses_anonymous_args = 0
 250              		@ link register save eliminated.
 251 0000 0223     		movs	r3, #2
 252 0002 0360     		str	r3, [r0]
 253 0004 4360     		str	r3, [r0, #4]
 254 0006 8360     		str	r3, [r0, #8]
 255 0008 7047     		bx	lr
 257              		.section	.text.LTDC_LIPConfig,"ax",%progbits
 258              		.align	1
 259              		.global	LTDC_LIPConfig
 260              		.syntax unified
 261              		.thumb
 262              		.thumb_func
 264              	LTDC_LIPConfig:
 265              		@ args = 0, pretend = 0, frame = 0
 266              		@ frame_needed = 0, uses_anonymous_args = 0
 267              		@ link register save eliminated.
 268 0000 014B     		ldr	r3, .L24
 269 0002 1864     		str	r0, [r3, #64]
 270 0004 7047     		bx	lr
 271              	.L25:
 272 0006 00BF     		.align	2
 273              	.L24:
 274 0008 00680140 		.word	1073833984
 276              		.section	.text.LTDC_ReloadConfig,"ax",%progbits
 277              		.align	1
 278              		.global	LTDC_ReloadConfig
 279              		.syntax unified
 280              		.thumb
 281              		.thumb_func
 283              	LTDC_ReloadConfig:
 284              		@ args = 0, pretend = 0, frame = 0
 285              		@ frame_needed = 0, uses_anonymous_args = 0
 286              		@ link register save eliminated.
 287 0000 014B     		ldr	r3, .L27
 288 0002 5862     		str	r0, [r3, #36]
 289 0004 7047     		bx	lr
 290              	.L28:
 291 0006 00BF     		.align	2
 292              	.L27:
 293 0008 00680140 		.word	1073833984
 295              		.section	.text.LTDC_LayerInit,"ax",%progbits
 296              		.align	1
 297              		.global	LTDC_LayerInit
 298              		.syntax unified
 299              		.thumb
 300              		.thumb_func
 302              	LTDC_LayerInit:
 303              		@ args = 0, pretend = 0, frame = 0
 304              		@ frame_needed = 0, uses_anonymous_args = 0
ARM GAS  C:\Users\ktkuru\AppData\Local\Temp\cc2IOOed.s 			page 6


 305              		@ link register save eliminated.
 306 0000 70B4     		push	{r4, r5, r6}
 307 0002 4A68     		ldr	r2, [r1, #4]
 308 0004 4368     		ldr	r3, [r0, #4]
 309 0006 03F47043 		and	r3, r3, #61440
 310 000a 4360     		str	r3, [r0, #4]
 311 000c 0B68     		ldr	r3, [r1]
 312 000e 43EA0243 		orr	r3, r3, r2, lsl #16
 313 0012 4360     		str	r3, [r0, #4]
 314 0014 CA68     		ldr	r2, [r1, #12]
 315 0016 8368     		ldr	r3, [r0, #8]
 316 0018 03F47043 		and	r3, r3, #61440
 317 001c 8360     		str	r3, [r0, #8]
 318 001e 8B68     		ldr	r3, [r1, #8]
 319 0020 43EA0243 		orr	r3, r3, r2, lsl #16
 320 0024 8360     		str	r3, [r0, #8]
 321 0026 0369     		ldr	r3, [r0, #16]
 322 0028 23F00703 		bic	r3, r3, #7
 323 002c 0361     		str	r3, [r0, #16]
 324 002e 0B69     		ldr	r3, [r1, #16]
 325 0030 0361     		str	r3, [r0, #16]
 326 0032 CE69     		ldr	r6, [r1, #28]
 327 0034 0D6A     		ldr	r5, [r1, #32]
 328 0036 4C6A     		ldr	r4, [r1, #36]
 329 0038 8369     		ldr	r3, [r0, #24]
 330 003a 0022     		movs	r2, #0
 331 003c 8261     		str	r2, [r0, #24]
 332 003e 8B69     		ldr	r3, [r1, #24]
 333 0040 43EA0623 		orr	r3, r3, r6, lsl #8
 334 0044 43EA0543 		orr	r3, r3, r5, lsl #16
 335 0048 43EA0463 		orr	r3, r3, r4, lsl #24
 336 004c 8361     		str	r3, [r0, #24]
 337 004e 4369     		ldr	r3, [r0, #20]
 338 0050 23F0FF03 		bic	r3, r3, #255
 339 0054 4361     		str	r3, [r0, #20]
 340 0056 4B69     		ldr	r3, [r1, #20]
 341 0058 4361     		str	r3, [r0, #20]
 342 005a C369     		ldr	r3, [r0, #28]
 343 005c 23F4E063 		bic	r3, r3, #1792
 344 0060 23F00703 		bic	r3, r3, #7
 345 0064 C361     		str	r3, [r0, #28]
 346 0066 8B6A     		ldr	r3, [r1, #40]
 347 0068 CC6A     		ldr	r4, [r1, #44]
 348 006a 2343     		orrs	r3, r3, r4
 349 006c C361     		str	r3, [r0, #28]
 350 006e 836A     		ldr	r3, [r0, #40]
 351 0070 8262     		str	r2, [r0, #40]
 352 0072 0B6B     		ldr	r3, [r1, #48]
 353 0074 8362     		str	r3, [r0, #40]
 354 0076 8A6B     		ldr	r2, [r1, #56]
 355 0078 C36A     		ldr	r3, [r0, #44]
 356 007a 03F0E023 		and	r3, r3, #-536813568
 357 007e C362     		str	r3, [r0, #44]
 358 0080 4B6B     		ldr	r3, [r1, #52]
 359 0082 43EA0243 		orr	r3, r3, r2, lsl #16
 360 0086 C362     		str	r3, [r0, #44]
 361 0088 036B     		ldr	r3, [r0, #48]
ARM GAS  C:\Users\ktkuru\AppData\Local\Temp\cc2IOOed.s 			page 7


 362 008a 6FF30A03 		bfc	r3, #0, #11
 363 008e 0363     		str	r3, [r0, #48]
 364 0090 CB6B     		ldr	r3, [r1, #60]
 365 0092 0363     		str	r3, [r0, #48]
 366 0094 70BC     		pop	{r4, r5, r6}
 367 0096 7047     		bx	lr
 369              		.section	.text.LTDC_LayerStructInit,"ax",%progbits
 370              		.align	1
 371              		.global	LTDC_LayerStructInit
 372              		.syntax unified
 373              		.thumb
 374              		.thumb_func
 376              	LTDC_LayerStructInit:
 377              		@ args = 0, pretend = 0, frame = 0
 378              		@ frame_needed = 0, uses_anonymous_args = 0
 379              		@ link register save eliminated.
 380 0000 0023     		movs	r3, #0
 381 0002 0360     		str	r3, [r0]
 382 0004 4360     		str	r3, [r0, #4]
 383 0006 8360     		str	r3, [r0, #8]
 384 0008 C360     		str	r3, [r0, #12]
 385 000a 0361     		str	r3, [r0, #16]
 386 000c FF22     		movs	r2, #255
 387 000e 4261     		str	r2, [r0, #20]
 388 0010 8361     		str	r3, [r0, #24]
 389 0012 C361     		str	r3, [r0, #28]
 390 0014 0362     		str	r3, [r0, #32]
 391 0016 4362     		str	r3, [r0, #36]
 392 0018 4FF4C062 		mov	r2, #1536
 393 001c 8262     		str	r2, [r0, #40]
 394 001e 0722     		movs	r2, #7
 395 0020 C262     		str	r2, [r0, #44]
 396 0022 0363     		str	r3, [r0, #48]
 397 0024 4363     		str	r3, [r0, #52]
 398 0026 8363     		str	r3, [r0, #56]
 399 0028 C363     		str	r3, [r0, #60]
 400 002a 7047     		bx	lr
 402              		.section	.text.LTDC_LayerCmd,"ax",%progbits
 403              		.align	1
 404              		.global	LTDC_LayerCmd
 405              		.syntax unified
 406              		.thumb
 407              		.thumb_func
 409              	LTDC_LayerCmd:
 410              		@ args = 0, pretend = 0, frame = 0
 411              		@ frame_needed = 0, uses_anonymous_args = 0
 412              		@ link register save eliminated.
 413 0000 21B1     		cbz	r1, .L33
 414 0002 0368     		ldr	r3, [r0]
 415 0004 43F00103 		orr	r3, r3, #1
 416 0008 0360     		str	r3, [r0]
 417 000a 7047     		bx	lr
 418              	.L33:
 419 000c 0368     		ldr	r3, [r0]
 420 000e 23F00103 		bic	r3, r3, #1
 421 0012 0360     		str	r3, [r0]
 422 0014 7047     		bx	lr
ARM GAS  C:\Users\ktkuru\AppData\Local\Temp\cc2IOOed.s 			page 8


 424              		.section	.text.LTDC_GetPosStatus,"ax",%progbits
 425              		.align	1
 426              		.global	LTDC_GetPosStatus
 427              		.syntax unified
 428              		.thumb
 429              		.thumb_func
 431              	LTDC_GetPosStatus:
 432              		@ args = 0, pretend = 0, frame = 0
 433              		@ frame_needed = 0, uses_anonymous_args = 0
 434              		@ link register save eliminated.
 435 0000 054A     		ldr	r2, .L36
 436 0002 516C     		ldr	r1, [r2, #68]
 437 0004 0021     		movs	r1, #0
 438 0006 5164     		str	r1, [r2, #68]
 439 0008 516C     		ldr	r1, [r2, #68]
 440 000a 090C     		lsrs	r1, r1, #16
 441 000c 0160     		str	r1, [r0]
 442 000e 526C     		ldr	r2, [r2, #68]
 443 0010 92B2     		uxth	r2, r2
 444 0012 4260     		str	r2, [r0, #4]
 445 0014 7047     		bx	lr
 446              	.L37:
 447 0016 00BF     		.align	2
 448              	.L36:
 449 0018 00680140 		.word	1073833984
 451              		.section	.text.LTDC_PosStructInit,"ax",%progbits
 452              		.align	1
 453              		.global	LTDC_PosStructInit
 454              		.syntax unified
 455              		.thumb
 456              		.thumb_func
 458              	LTDC_PosStructInit:
 459              		@ args = 0, pretend = 0, frame = 0
 460              		@ frame_needed = 0, uses_anonymous_args = 0
 461              		@ link register save eliminated.
 462 0000 0023     		movs	r3, #0
 463 0002 0360     		str	r3, [r0]
 464 0004 4360     		str	r3, [r0, #4]
 465 0006 7047     		bx	lr
 467              		.section	.text.LTDC_GetCDStatus,"ax",%progbits
 468              		.align	1
 469              		.global	LTDC_GetCDStatus
 470              		.syntax unified
 471              		.thumb
 472              		.thumb_func
 474              	LTDC_GetCDStatus:
 475              		@ args = 0, pretend = 0, frame = 0
 476              		@ frame_needed = 0, uses_anonymous_args = 0
 477              		@ link register save eliminated.
 478 0000 034B     		ldr	r3, .L42
 479 0002 9B6C     		ldr	r3, [r3, #72]
 480 0004 0342     		tst	r3, r0
 481 0006 01D0     		beq	.L41
 482 0008 0120     		movs	r0, #1
 483 000a 7047     		bx	lr
 484              	.L41:
 485 000c 0020     		movs	r0, #0
ARM GAS  C:\Users\ktkuru\AppData\Local\Temp\cc2IOOed.s 			page 9


 486 000e 7047     		bx	lr
 487              	.L43:
 488              		.align	2
 489              	.L42:
 490 0010 00680140 		.word	1073833984
 492              		.section	.text.LTDC_ColorKeyingConfig,"ax",%progbits
 493              		.align	1
 494              		.global	LTDC_ColorKeyingConfig
 495              		.syntax unified
 496              		.thumb
 497              		.thumb_func
 499              	LTDC_ColorKeyingConfig:
 500              		@ args = 0, pretend = 0, frame = 0
 501              		@ frame_needed = 0, uses_anonymous_args = 0
 502              		@ link register save eliminated.
 503 0000 BAB1     		cbz	r2, .L45
 504 0002 30B4     		push	{r4, r5}
 505 0004 0368     		ldr	r3, [r0]
 506 0006 43F00203 		orr	r3, r3, #2
 507 000a 0360     		str	r3, [r0]
 508 000c 4D68     		ldr	r5, [r1, #4]
 509 000e 8C68     		ldr	r4, [r1, #8]
 510 0010 C368     		ldr	r3, [r0, #12]
 511 0012 03F07F43 		and	r3, r3, #-16777216
 512 0016 C360     		str	r3, [r0, #12]
 513 0018 C268     		ldr	r2, [r0, #12]
 514 001a 0B68     		ldr	r3, [r1]
 515 001c 43EA0523 		orr	r3, r3, r5, lsl #8
 516 0020 43EA0443 		orr	r3, r3, r4, lsl #16
 517 0024 1343     		orrs	r3, r3, r2
 518 0026 C360     		str	r3, [r0, #12]
 519 0028 064B     		ldr	r3, .L51
 520 002a 0122     		movs	r2, #1
 521 002c 5A62     		str	r2, [r3, #36]
 522 002e 30BC     		pop	{r4, r5}
 523 0030 7047     		bx	lr
 524              	.L45:
 525 0032 0368     		ldr	r3, [r0]
 526 0034 23F00203 		bic	r3, r3, #2
 527 0038 0360     		str	r3, [r0]
 528 003a 024B     		ldr	r3, .L51
 529 003c 0122     		movs	r2, #1
 530 003e 5A62     		str	r2, [r3, #36]
 531 0040 7047     		bx	lr
 532              	.L52:
 533 0042 00BF     		.align	2
 534              	.L51:
 535 0044 00680140 		.word	1073833984
 537              		.section	.text.LTDC_ColorKeyingStructInit,"ax",%progbits
 538              		.align	1
 539              		.global	LTDC_ColorKeyingStructInit
 540              		.syntax unified
 541              		.thumb
 542              		.thumb_func
 544              	LTDC_ColorKeyingStructInit:
 545              		@ args = 0, pretend = 0, frame = 0
 546              		@ frame_needed = 0, uses_anonymous_args = 0
ARM GAS  C:\Users\ktkuru\AppData\Local\Temp\cc2IOOed.s 			page 10


 547              		@ link register save eliminated.
 548 0000 0023     		movs	r3, #0
 549 0002 0360     		str	r3, [r0]
 550 0004 4360     		str	r3, [r0, #4]
 551 0006 8360     		str	r3, [r0, #8]
 552 0008 7047     		bx	lr
 554              		.section	.text.LTDC_CLUTCmd,"ax",%progbits
 555              		.align	1
 556              		.global	LTDC_CLUTCmd
 557              		.syntax unified
 558              		.thumb
 559              		.thumb_func
 561              	LTDC_CLUTCmd:
 562              		@ args = 0, pretend = 0, frame = 0
 563              		@ frame_needed = 0, uses_anonymous_args = 0
 564              		@ link register save eliminated.
 565 0000 39B1     		cbz	r1, .L55
 566 0002 0368     		ldr	r3, [r0]
 567 0004 43F01003 		orr	r3, r3, #16
 568 0008 0360     		str	r3, [r0]
 569              	.L56:
 570 000a 044B     		ldr	r3, .L57
 571 000c 0122     		movs	r2, #1
 572 000e 5A62     		str	r2, [r3, #36]
 573 0010 7047     		bx	lr
 574              	.L55:
 575 0012 0368     		ldr	r3, [r0]
 576 0014 23F01003 		bic	r3, r3, #16
 577 0018 0360     		str	r3, [r0]
 578 001a F6E7     		b	.L56
 579              	.L58:
 580              		.align	2
 581              	.L57:
 582 001c 00680140 		.word	1073833984
 584              		.section	.text.LTDC_CLUTInit,"ax",%progbits
 585              		.align	1
 586              		.global	LTDC_CLUTInit
 587              		.syntax unified
 588              		.thumb
 589              		.thumb_func
 591              	LTDC_CLUTInit:
 592              		@ args = 0, pretend = 0, frame = 0
 593              		@ frame_needed = 0, uses_anonymous_args = 0
 594              		@ link register save eliminated.
 595 0000 30B4     		push	{r4, r5}
 596 0002 8C68     		ldr	r4, [r1, #8]
 597 0004 CA68     		ldr	r2, [r1, #12]
 598 0006 0D68     		ldr	r5, [r1]
 599 0008 4B68     		ldr	r3, [r1, #4]
 600 000a 43EA0563 		orr	r3, r3, r5, lsl #24
 601 000e 43EA0423 		orr	r3, r3, r4, lsl #8
 602 0012 43EA0243 		orr	r3, r3, r2, lsl #16
 603 0016 0364     		str	r3, [r0, #64]
 604 0018 30BC     		pop	{r4, r5}
 605 001a 7047     		bx	lr
 607              		.section	.text.LTDC_CLUTStructInit,"ax",%progbits
 608              		.align	1
ARM GAS  C:\Users\ktkuru\AppData\Local\Temp\cc2IOOed.s 			page 11


 609              		.global	LTDC_CLUTStructInit
 610              		.syntax unified
 611              		.thumb
 612              		.thumb_func
 614              	LTDC_CLUTStructInit:
 615              		@ args = 0, pretend = 0, frame = 0
 616              		@ frame_needed = 0, uses_anonymous_args = 0
 617              		@ link register save eliminated.
 618 0000 0023     		movs	r3, #0
 619 0002 0360     		str	r3, [r0]
 620 0004 4360     		str	r3, [r0, #4]
 621 0006 8360     		str	r3, [r0, #8]
 622 0008 C360     		str	r3, [r0, #12]
 623 000a 7047     		bx	lr
 625              		.section	.text.LTDC_LayerPosition,"ax",%progbits
 626              		.align	1
 627              		.global	LTDC_LayerPosition
 628              		.syntax unified
 629              		.thumb
 630              		.thumb_func
 632              	LTDC_LayerPosition:
 633              		@ args = 0, pretend = 0, frame = 0
 634              		@ frame_needed = 0, uses_anonymous_args = 0
 635              		@ link register save eliminated.
 636 0000 10B4     		push	{r4}
 637 0002 4368     		ldr	r3, [r0, #4]
 638 0004 03F47043 		and	r3, r3, #61440
 639 0008 4360     		str	r3, [r0, #4]
 640 000a 8368     		ldr	r3, [r0, #8]
 641 000c 03F47043 		and	r3, r3, #61440
 642 0010 8360     		str	r3, [r0, #8]
 643 0012 194B     		ldr	r3, .L74
 644 0014 DC68     		ldr	r4, [r3, #12]
 645 0016 01EB1443 		add	r3, r1, r4, lsr #16
 646 001a 03F1010C 		add	ip, r3, #1
 647 001e 12FA84F2 		uxtah	r2, r2, r4
 648 0022 0132     		adds	r2, r2, #1
 649 0024 0169     		ldr	r1, [r0, #16]
 650 0026 0729     		cmp	r1, #7
 651 0028 05D8     		bhi	.L63
 652 002a DFE801F0 		tbb	[pc, r1]
 653              	.L65:
 654 002e 23       		.byte	(.L71-.L65)/2
 655 002f 1B       		.byte	(.L69-.L65)/2
 656 0030 05       		.byte	(.L70-.L65)/2
 657 0031 1F       		.byte	(.L67-.L65)/2
 658 0032 1D       		.byte	(.L66-.L65)/2
 659 0033 04       		.byte	(.L63-.L65)/2
 660 0034 04       		.byte	(.L63-.L65)/2
 661 0035 21       		.byte	(.L64-.L65)/2
 662              		.p2align 1
 663              	.L63:
 664 0036 0121     		movs	r1, #1
 665              	.L70:
 666 0038 C36A     		ldr	r3, [r0, #44]
 667 003a C3F30C03 		ubfx	r3, r3, #0, #13
 668 003e 033B     		subs	r3, r3, #3
ARM GAS  C:\Users\ktkuru\AppData\Local\Temp\cc2IOOed.s 			page 12


 669 0040 B3FBF1F3 		udiv	r3, r3, r1
 670 0044 6344     		add	r3, r3, ip
 671 0046 013B     		subs	r3, r3, #1
 672 0048 016B     		ldr	r1, [r0, #48]
 673 004a C1F30A01 		ubfx	r1, r1, #0, #11
 674 004e 1144     		add	r1, r1, r2
 675 0050 0139     		subs	r1, r1, #1
 676 0052 4CEA0343 		orr	r3, ip, r3, lsl #16
 677 0056 4360     		str	r3, [r0, #4]
 678 0058 42EA0142 		orr	r2, r2, r1, lsl #16
 679 005c 8260     		str	r2, [r0, #8]
 680 005e 5DF8044B 		ldr	r4, [sp], #4
 681 0062 7047     		bx	lr
 682              	.L69:
 683 0064 0321     		movs	r1, #3
 684 0066 E7E7     		b	.L70
 685              	.L66:
 686 0068 0221     		movs	r1, #2
 687 006a E5E7     		b	.L70
 688              	.L67:
 689 006c 0221     		movs	r1, #2
 690 006e E3E7     		b	.L70
 691              	.L64:
 692 0070 0221     		movs	r1, #2
 693 0072 E1E7     		b	.L70
 694              	.L71:
 695 0074 0421     		movs	r1, #4
 696 0076 DFE7     		b	.L70
 697              	.L75:
 698              		.align	2
 699              	.L74:
 700 0078 00680140 		.word	1073833984
 702              		.section	.text.LTDC_LayerAlpha,"ax",%progbits
 703              		.align	1
 704              		.global	LTDC_LayerAlpha
 705              		.syntax unified
 706              		.thumb
 707              		.thumb_func
 709              	LTDC_LayerAlpha:
 710              		@ args = 0, pretend = 0, frame = 0
 711              		@ frame_needed = 0, uses_anonymous_args = 0
 712              		@ link register save eliminated.
 713 0000 4161     		str	r1, [r0, #20]
 714 0002 7047     		bx	lr
 716              		.section	.text.LTDC_LayerAddress,"ax",%progbits
 717              		.align	1
 718              		.global	LTDC_LayerAddress
 719              		.syntax unified
 720              		.thumb
 721              		.thumb_func
 723              	LTDC_LayerAddress:
 724              		@ args = 0, pretend = 0, frame = 0
 725              		@ frame_needed = 0, uses_anonymous_args = 0
 726              		@ link register save eliminated.
 727 0000 8162     		str	r1, [r0, #40]
 728 0002 7047     		bx	lr
 730              		.section	.text.LTDC_LayerSize,"ax",%progbits
ARM GAS  C:\Users\ktkuru\AppData\Local\Temp\cc2IOOed.s 			page 13


 731              		.align	1
 732              		.global	LTDC_LayerSize
 733              		.syntax unified
 734              		.thumb
 735              		.thumb_func
 737              	LTDC_LayerSize:
 738              		@ args = 0, pretend = 0, frame = 0
 739              		@ frame_needed = 0, uses_anonymous_args = 0
 740 0000 30B5     		push	{r4, r5, lr}
 741 0002 0369     		ldr	r3, [r0, #16]
 742 0004 072B     		cmp	r3, #7
 743 0006 05D8     		bhi	.L79
 744 0008 DFE803F0 		tbb	[pc, r3]
 745              	.L81:
 746 000c 2E       		.byte	(.L87-.L81)/2
 747 000d 1F       		.byte	(.L85-.L81)/2
 748 000e 25       		.byte	(.L84-.L81)/2
 749 000f 28       		.byte	(.L83-.L81)/2
 750 0010 22       		.byte	(.L82-.L81)/2
 751 0011 04       		.byte	(.L79-.L81)/2
 752 0012 04       		.byte	(.L79-.L81)/2
 753 0013 2B       		.byte	(.L80-.L81)/2
 754              		.p2align 1
 755              	.L79:
 756 0014 4FF0010E 		mov	lr, #1
 757              	.L86:
 758 0018 4368     		ldr	r3, [r0, #4]
 759 001a C3F30C0C 		ubfx	ip, r3, #0, #13
 760 001e 0CEB0104 		add	r4, ip, r1
 761 0022 013C     		subs	r4, r4, #1
 762 0024 8368     		ldr	r3, [r0, #8]
 763 0026 C3F30C03 		ubfx	r3, r3, #0, #13
 764 002a 9D18     		adds	r5, r3, r2
 765 002c 013D     		subs	r5, r5, #1
 766 002e 4CEA0444 		orr	r4, ip, r4, lsl #16
 767 0032 4460     		str	r4, [r0, #4]
 768 0034 43EA0543 		orr	r3, r3, r5, lsl #16
 769 0038 8360     		str	r3, [r0, #8]
 770 003a 01FB0EF1 		mul	r1, r1, lr
 771 003e CB1C     		adds	r3, r1, #3
 772 0040 43EA0143 		orr	r3, r3, r1, lsl #16
 773 0044 C362     		str	r3, [r0, #44]
 774 0046 0263     		str	r2, [r0, #48]
 775 0048 30BD     		pop	{r4, r5, pc}
 776              	.L85:
 777 004a 4FF0030E 		mov	lr, #3
 778 004e E3E7     		b	.L86
 779              	.L82:
 780 0050 4FF0020E 		mov	lr, #2
 781 0054 E0E7     		b	.L86
 782              	.L84:
 783 0056 4FF0020E 		mov	lr, #2
 784 005a DDE7     		b	.L86
 785              	.L83:
 786 005c 4FF0020E 		mov	lr, #2
 787 0060 DAE7     		b	.L86
 788              	.L80:
ARM GAS  C:\Users\ktkuru\AppData\Local\Temp\cc2IOOed.s 			page 14


 789 0062 4FF0020E 		mov	lr, #2
 790 0066 D7E7     		b	.L86
 791              	.L87:
 792 0068 4FF0040E 		mov	lr, #4
 793 006c D4E7     		b	.L86
 795              		.section	.text.LTDC_LayerPixelFormat,"ax",%progbits
 796              		.align	1
 797              		.global	LTDC_LayerPixelFormat
 798              		.syntax unified
 799              		.thumb
 800              		.thumb_func
 802              	LTDC_LayerPixelFormat:
 803              		@ args = 0, pretend = 0, frame = 0
 804              		@ frame_needed = 0, uses_anonymous_args = 0
 805              		@ link register save eliminated.
 806 0000 0369     		ldr	r3, [r0, #16]
 807 0002 072B     		cmp	r3, #7
 808 0004 05D8     		bhi	.L90
 809 0006 DFE803F0 		tbb	[pc, r3]
 810              	.L92:
 811 000a 1B       		.byte	(.L106-.L92)/2
 812 000b 11       		.byte	(.L96-.L92)/2
 813 000c 15       		.byte	(.L95-.L92)/2
 814 000d 17       		.byte	(.L94-.L92)/2
 815 000e 13       		.byte	(.L93-.L92)/2
 816 000f 04       		.byte	(.L90-.L92)/2
 817 0010 04       		.byte	(.L90-.L92)/2
 818 0011 19       		.byte	(.L91-.L92)/2
 819              		.p2align 1
 820              	.L90:
 821 0012 0122     		movs	r2, #1
 822              	.L97:
 823 0014 C36A     		ldr	r3, [r0, #44]
 824 0016 1B0C     		lsrs	r3, r3, #16
 825 0018 B3FBF2F3 		udiv	r3, r3, r2
 826 001c 0729     		cmp	r1, #7
 827 001e 11D8     		bhi	.L98
 828 0020 DFE801F0 		tbb	[pc, r1]
 829              	.L100:
 830 0024 23       		.byte	(.L107-.L100)/2
 831 0025 19       		.byte	(.L104-.L100)/2
 832 0026 1D       		.byte	(.L103-.L100)/2
 833 0027 1F       		.byte	(.L102-.L100)/2
 834 0028 1B       		.byte	(.L101-.L100)/2
 835 0029 10       		.byte	(.L98-.L100)/2
 836 002a 10       		.byte	(.L98-.L100)/2
 837 002b 21       		.byte	(.L99-.L100)/2
 838              		.p2align 1
 839              	.L96:
 840 002c 0322     		movs	r2, #3
 841 002e F1E7     		b	.L97
 842              	.L93:
 843 0030 0222     		movs	r2, #2
 844 0032 EFE7     		b	.L97
 845              	.L95:
 846 0034 0222     		movs	r2, #2
 847 0036 EDE7     		b	.L97
ARM GAS  C:\Users\ktkuru\AppData\Local\Temp\cc2IOOed.s 			page 15


 848              	.L94:
 849 0038 0222     		movs	r2, #2
 850 003a EBE7     		b	.L97
 851              	.L91:
 852 003c 0222     		movs	r2, #2
 853 003e E9E7     		b	.L97
 854              	.L106:
 855 0040 0422     		movs	r2, #4
 856 0042 E7E7     		b	.L97
 857              	.L98:
 858 0044 0122     		movs	r2, #1
 859              	.L105:
 860 0046 02FB03F3 		mul	r3, r2, r3
 861 004a DA1C     		adds	r2, r3, #3
 862 004c 42EA0343 		orr	r3, r2, r3, lsl #16
 863 0050 C362     		str	r3, [r0, #44]
 864 0052 0161     		str	r1, [r0, #16]
 865 0054 7047     		bx	lr
 866              	.L104:
 867 0056 0322     		movs	r2, #3
 868 0058 F5E7     		b	.L105
 869              	.L101:
 870 005a 0222     		movs	r2, #2
 871 005c F3E7     		b	.L105
 872              	.L103:
 873 005e 0222     		movs	r2, #2
 874 0060 F1E7     		b	.L105
 875              	.L102:
 876 0062 0222     		movs	r2, #2
 877 0064 EFE7     		b	.L105
 878              	.L99:
 879 0066 0222     		movs	r2, #2
 880 0068 EDE7     		b	.L105
 881              	.L107:
 882 006a 0422     		movs	r2, #4
 883 006c EBE7     		b	.L105
 885              		.section	.text.LTDC_ITConfig,"ax",%progbits
 886              		.align	1
 887              		.global	LTDC_ITConfig
 888              		.syntax unified
 889              		.thumb
 890              		.thumb_func
 892              	LTDC_ITConfig:
 893              		@ args = 0, pretend = 0, frame = 0
 894              		@ frame_needed = 0, uses_anonymous_args = 0
 895              		@ link register save eliminated.
 896 0000 21B1     		cbz	r1, .L109
 897 0002 054A     		ldr	r2, .L111
 898 0004 536B     		ldr	r3, [r2, #52]
 899 0006 0343     		orrs	r3, r3, r0
 900 0008 5363     		str	r3, [r2, #52]
 901 000a 7047     		bx	lr
 902              	.L109:
 903 000c 024A     		ldr	r2, .L111
 904 000e 536B     		ldr	r3, [r2, #52]
 905 0010 23EA0003 		bic	r3, r3, r0
 906 0014 5363     		str	r3, [r2, #52]
ARM GAS  C:\Users\ktkuru\AppData\Local\Temp\cc2IOOed.s 			page 16


 907 0016 7047     		bx	lr
 908              	.L112:
 909              		.align	2
 910              	.L111:
 911 0018 00680140 		.word	1073833984
 913              		.section	.text.LTDC_GetFlagStatus,"ax",%progbits
 914              		.align	1
 915              		.global	LTDC_GetFlagStatus
 916              		.syntax unified
 917              		.thumb
 918              		.thumb_func
 920              	LTDC_GetFlagStatus:
 921              		@ args = 0, pretend = 0, frame = 0
 922              		@ frame_needed = 0, uses_anonymous_args = 0
 923              		@ link register save eliminated.
 924 0000 034B     		ldr	r3, .L116
 925 0002 9B6B     		ldr	r3, [r3, #56]
 926 0004 0342     		tst	r3, r0
 927 0006 01D0     		beq	.L115
 928 0008 0120     		movs	r0, #1
 929 000a 7047     		bx	lr
 930              	.L115:
 931 000c 0020     		movs	r0, #0
 932 000e 7047     		bx	lr
 933              	.L117:
 934              		.align	2
 935              	.L116:
 936 0010 00680140 		.word	1073833984
 938              		.section	.text.LTDC_ClearFlag,"ax",%progbits
 939              		.align	1
 940              		.global	LTDC_ClearFlag
 941              		.syntax unified
 942              		.thumb
 943              		.thumb_func
 945              	LTDC_ClearFlag:
 946              		@ args = 0, pretend = 0, frame = 0
 947              		@ frame_needed = 0, uses_anonymous_args = 0
 948              		@ link register save eliminated.
 949 0000 014B     		ldr	r3, .L119
 950 0002 D863     		str	r0, [r3, #60]
 951 0004 7047     		bx	lr
 952              	.L120:
 953 0006 00BF     		.align	2
 954              	.L119:
 955 0008 00680140 		.word	1073833984
 957              		.section	.text.LTDC_GetITStatus,"ax",%progbits
 958              		.align	1
 959              		.global	LTDC_GetITStatus
 960              		.syntax unified
 961              		.thumb
 962              		.thumb_func
 964              	LTDC_GetITStatus:
 965              		@ args = 0, pretend = 0, frame = 0
 966              		@ frame_needed = 0, uses_anonymous_args = 0
 967              		@ link register save eliminated.
 968 0000 0346     		mov	r3, r0
 969 0002 064A     		ldr	r2, .L126
ARM GAS  C:\Users\ktkuru\AppData\Local\Temp\cc2IOOed.s 			page 17


 970 0004 926B     		ldr	r2, [r2, #56]
 971 0006 0242     		tst	r2, r0
 972 0008 06D0     		beq	.L124
 973 000a 0120     		movs	r0, #1
 974              	.L122:
 975 000c 034A     		ldr	r2, .L126
 976 000e 526B     		ldr	r2, [r2, #52]
 977 0010 1A42     		tst	r2, r3
 978 0012 00D1     		bne	.L123
 979 0014 0020     		movs	r0, #0
 980              	.L123:
 981 0016 7047     		bx	lr
 982              	.L124:
 983 0018 0020     		movs	r0, #0
 984 001a F7E7     		b	.L122
 985              	.L127:
 986              		.align	2
 987              	.L126:
 988 001c 00680140 		.word	1073833984
 990              		.section	.text.LTDC_ClearITPendingBit,"ax",%progbits
 991              		.align	1
 992              		.global	LTDC_ClearITPendingBit
 993              		.syntax unified
 994              		.thumb
 995              		.thumb_func
 997              	LTDC_ClearITPendingBit:
 998              		@ args = 0, pretend = 0, frame = 0
 999              		@ frame_needed = 0, uses_anonymous_args = 0
 1000              		@ link register save eliminated.
 1001 0000 014B     		ldr	r3, .L129
 1002 0002 D863     		str	r0, [r3, #60]
 1003 0004 7047     		bx	lr
 1004              	.L130:
 1005 0006 00BF     		.align	2
 1006              	.L129:
 1007 0008 00680140 		.word	1073833984
 1009              		.ident	"GCC: (Arm GNU Toolchain 13.3.Rel1 (Build arm-13.24)) 13.3.1 20240614"
ARM GAS  C:\Users\ktkuru\AppData\Local\Temp\cc2IOOed.s 			page 18


DEFINED SYMBOLS
                            *ABS*:00000000 stm32f4xx_ltdc.c
C:\Users\ktkuru\AppData\Local\Temp\cc2IOOed.s:18     .text.LTDC_DeInit:00000000 $t
C:\Users\ktkuru\AppData\Local\Temp\cc2IOOed.s:24     .text.LTDC_DeInit:00000000 LTDC_DeInit
C:\Users\ktkuru\AppData\Local\Temp\cc2IOOed.s:37     .text.LTDC_Init:00000000 $t
C:\Users\ktkuru\AppData\Local\Temp\cc2IOOed.s:43     .text.LTDC_Init:00000000 LTDC_Init
C:\Users\ktkuru\AppData\Local\Temp\cc2IOOed.s:117    .text.LTDC_Init:00000098 $d
C:\Users\ktkuru\AppData\Local\Temp\cc2IOOed.s:122    .text.LTDC_StructInit:00000000 $t
C:\Users\ktkuru\AppData\Local\Temp\cc2IOOed.s:128    .text.LTDC_StructInit:00000000 LTDC_StructInit
C:\Users\ktkuru\AppData\Local\Temp\cc2IOOed.s:151    .text.LTDC_Cmd:00000000 $t
C:\Users\ktkuru\AppData\Local\Temp\cc2IOOed.s:157    .text.LTDC_Cmd:00000000 LTDC_Cmd
C:\Users\ktkuru\AppData\Local\Temp\cc2IOOed.s:176    .text.LTDC_Cmd:0000001c $d
C:\Users\ktkuru\AppData\Local\Temp\cc2IOOed.s:179    .text.LTDC_DitherCmd:00000000 $t
C:\Users\ktkuru\AppData\Local\Temp\cc2IOOed.s:185    .text.LTDC_DitherCmd:00000000 LTDC_DitherCmd
C:\Users\ktkuru\AppData\Local\Temp\cc2IOOed.s:204    .text.LTDC_DitherCmd:0000001c $d
C:\Users\ktkuru\AppData\Local\Temp\cc2IOOed.s:207    .text.LTDC_GetRGBWidth:00000000 $t
C:\Users\ktkuru\AppData\Local\Temp\cc2IOOed.s:213    .text.LTDC_GetRGBWidth:00000000 LTDC_GetRGBWidth
C:\Users\ktkuru\AppData\Local\Temp\cc2IOOed.s:237    .text.LTDC_GetRGBWidth:0000002c $d
C:\Users\ktkuru\AppData\Local\Temp\cc2IOOed.s:241    .text.LTDC_RGBStructInit:00000000 $t
C:\Users\ktkuru\AppData\Local\Temp\cc2IOOed.s:247    .text.LTDC_RGBStructInit:00000000 LTDC_RGBStructInit
C:\Users\ktkuru\AppData\Local\Temp\cc2IOOed.s:258    .text.LTDC_LIPConfig:00000000 $t
C:\Users\ktkuru\AppData\Local\Temp\cc2IOOed.s:264    .text.LTDC_LIPConfig:00000000 LTDC_LIPConfig
C:\Users\ktkuru\AppData\Local\Temp\cc2IOOed.s:274    .text.LTDC_LIPConfig:00000008 $d
C:\Users\ktkuru\AppData\Local\Temp\cc2IOOed.s:277    .text.LTDC_ReloadConfig:00000000 $t
C:\Users\ktkuru\AppData\Local\Temp\cc2IOOed.s:283    .text.LTDC_ReloadConfig:00000000 LTDC_ReloadConfig
C:\Users\ktkuru\AppData\Local\Temp\cc2IOOed.s:293    .text.LTDC_ReloadConfig:00000008 $d
C:\Users\ktkuru\AppData\Local\Temp\cc2IOOed.s:296    .text.LTDC_LayerInit:00000000 $t
C:\Users\ktkuru\AppData\Local\Temp\cc2IOOed.s:302    .text.LTDC_LayerInit:00000000 LTDC_LayerInit
C:\Users\ktkuru\AppData\Local\Temp\cc2IOOed.s:370    .text.LTDC_LayerStructInit:00000000 $t
C:\Users\ktkuru\AppData\Local\Temp\cc2IOOed.s:376    .text.LTDC_LayerStructInit:00000000 LTDC_LayerStructInit
C:\Users\ktkuru\AppData\Local\Temp\cc2IOOed.s:403    .text.LTDC_LayerCmd:00000000 $t
C:\Users\ktkuru\AppData\Local\Temp\cc2IOOed.s:409    .text.LTDC_LayerCmd:00000000 LTDC_LayerCmd
C:\Users\ktkuru\AppData\Local\Temp\cc2IOOed.s:425    .text.LTDC_GetPosStatus:00000000 $t
C:\Users\ktkuru\AppData\Local\Temp\cc2IOOed.s:431    .text.LTDC_GetPosStatus:00000000 LTDC_GetPosStatus
C:\Users\ktkuru\AppData\Local\Temp\cc2IOOed.s:449    .text.LTDC_GetPosStatus:00000018 $d
C:\Users\ktkuru\AppData\Local\Temp\cc2IOOed.s:452    .text.LTDC_PosStructInit:00000000 $t
C:\Users\ktkuru\AppData\Local\Temp\cc2IOOed.s:458    .text.LTDC_PosStructInit:00000000 LTDC_PosStructInit
C:\Users\ktkuru\AppData\Local\Temp\cc2IOOed.s:468    .text.LTDC_GetCDStatus:00000000 $t
C:\Users\ktkuru\AppData\Local\Temp\cc2IOOed.s:474    .text.LTDC_GetCDStatus:00000000 LTDC_GetCDStatus
C:\Users\ktkuru\AppData\Local\Temp\cc2IOOed.s:490    .text.LTDC_GetCDStatus:00000010 $d
C:\Users\ktkuru\AppData\Local\Temp\cc2IOOed.s:493    .text.LTDC_ColorKeyingConfig:00000000 $t
C:\Users\ktkuru\AppData\Local\Temp\cc2IOOed.s:499    .text.LTDC_ColorKeyingConfig:00000000 LTDC_ColorKeyingConfig
C:\Users\ktkuru\AppData\Local\Temp\cc2IOOed.s:535    .text.LTDC_ColorKeyingConfig:00000044 $d
C:\Users\ktkuru\AppData\Local\Temp\cc2IOOed.s:538    .text.LTDC_ColorKeyingStructInit:00000000 $t
C:\Users\ktkuru\AppData\Local\Temp\cc2IOOed.s:544    .text.LTDC_ColorKeyingStructInit:00000000 LTDC_ColorKeyingStructInit
C:\Users\ktkuru\AppData\Local\Temp\cc2IOOed.s:555    .text.LTDC_CLUTCmd:00000000 $t
C:\Users\ktkuru\AppData\Local\Temp\cc2IOOed.s:561    .text.LTDC_CLUTCmd:00000000 LTDC_CLUTCmd
C:\Users\ktkuru\AppData\Local\Temp\cc2IOOed.s:582    .text.LTDC_CLUTCmd:0000001c $d
C:\Users\ktkuru\AppData\Local\Temp\cc2IOOed.s:585    .text.LTDC_CLUTInit:00000000 $t
C:\Users\ktkuru\AppData\Local\Temp\cc2IOOed.s:591    .text.LTDC_CLUTInit:00000000 LTDC_CLUTInit
C:\Users\ktkuru\AppData\Local\Temp\cc2IOOed.s:608    .text.LTDC_CLUTStructInit:00000000 $t
C:\Users\ktkuru\AppData\Local\Temp\cc2IOOed.s:614    .text.LTDC_CLUTStructInit:00000000 LTDC_CLUTStructInit
C:\Users\ktkuru\AppData\Local\Temp\cc2IOOed.s:626    .text.LTDC_LayerPosition:00000000 $t
C:\Users\ktkuru\AppData\Local\Temp\cc2IOOed.s:632    .text.LTDC_LayerPosition:00000000 LTDC_LayerPosition
C:\Users\ktkuru\AppData\Local\Temp\cc2IOOed.s:654    .text.LTDC_LayerPosition:0000002e $d
C:\Users\ktkuru\AppData\Local\Temp\cc2IOOed.s:662    .text.LTDC_LayerPosition:00000036 $t
C:\Users\ktkuru\AppData\Local\Temp\cc2IOOed.s:700    .text.LTDC_LayerPosition:00000078 $d
ARM GAS  C:\Users\ktkuru\AppData\Local\Temp\cc2IOOed.s 			page 19


C:\Users\ktkuru\AppData\Local\Temp\cc2IOOed.s:703    .text.LTDC_LayerAlpha:00000000 $t
C:\Users\ktkuru\AppData\Local\Temp\cc2IOOed.s:709    .text.LTDC_LayerAlpha:00000000 LTDC_LayerAlpha
C:\Users\ktkuru\AppData\Local\Temp\cc2IOOed.s:717    .text.LTDC_LayerAddress:00000000 $t
C:\Users\ktkuru\AppData\Local\Temp\cc2IOOed.s:723    .text.LTDC_LayerAddress:00000000 LTDC_LayerAddress
C:\Users\ktkuru\AppData\Local\Temp\cc2IOOed.s:731    .text.LTDC_LayerSize:00000000 $t
C:\Users\ktkuru\AppData\Local\Temp\cc2IOOed.s:737    .text.LTDC_LayerSize:00000000 LTDC_LayerSize
C:\Users\ktkuru\AppData\Local\Temp\cc2IOOed.s:746    .text.LTDC_LayerSize:0000000c $d
C:\Users\ktkuru\AppData\Local\Temp\cc2IOOed.s:754    .text.LTDC_LayerSize:00000014 $t
C:\Users\ktkuru\AppData\Local\Temp\cc2IOOed.s:796    .text.LTDC_LayerPixelFormat:00000000 $t
C:\Users\ktkuru\AppData\Local\Temp\cc2IOOed.s:802    .text.LTDC_LayerPixelFormat:00000000 LTDC_LayerPixelFormat
C:\Users\ktkuru\AppData\Local\Temp\cc2IOOed.s:811    .text.LTDC_LayerPixelFormat:0000000a $d
C:\Users\ktkuru\AppData\Local\Temp\cc2IOOed.s:819    .text.LTDC_LayerPixelFormat:00000012 $t
C:\Users\ktkuru\AppData\Local\Temp\cc2IOOed.s:830    .text.LTDC_LayerPixelFormat:00000024 $d
C:\Users\ktkuru\AppData\Local\Temp\cc2IOOed.s:838    .text.LTDC_LayerPixelFormat:0000002c $t
C:\Users\ktkuru\AppData\Local\Temp\cc2IOOed.s:886    .text.LTDC_ITConfig:00000000 $t
C:\Users\ktkuru\AppData\Local\Temp\cc2IOOed.s:892    .text.LTDC_ITConfig:00000000 LTDC_ITConfig
C:\Users\ktkuru\AppData\Local\Temp\cc2IOOed.s:911    .text.LTDC_ITConfig:00000018 $d
C:\Users\ktkuru\AppData\Local\Temp\cc2IOOed.s:914    .text.LTDC_GetFlagStatus:00000000 $t
C:\Users\ktkuru\AppData\Local\Temp\cc2IOOed.s:920    .text.LTDC_GetFlagStatus:00000000 LTDC_GetFlagStatus
C:\Users\ktkuru\AppData\Local\Temp\cc2IOOed.s:936    .text.LTDC_GetFlagStatus:00000010 $d
C:\Users\ktkuru\AppData\Local\Temp\cc2IOOed.s:939    .text.LTDC_ClearFlag:00000000 $t
C:\Users\ktkuru\AppData\Local\Temp\cc2IOOed.s:945    .text.LTDC_ClearFlag:00000000 LTDC_ClearFlag
C:\Users\ktkuru\AppData\Local\Temp\cc2IOOed.s:955    .text.LTDC_ClearFlag:00000008 $d
C:\Users\ktkuru\AppData\Local\Temp\cc2IOOed.s:958    .text.LTDC_GetITStatus:00000000 $t
C:\Users\ktkuru\AppData\Local\Temp\cc2IOOed.s:964    .text.LTDC_GetITStatus:00000000 LTDC_GetITStatus
C:\Users\ktkuru\AppData\Local\Temp\cc2IOOed.s:988    .text.LTDC_GetITStatus:0000001c $d
C:\Users\ktkuru\AppData\Local\Temp\cc2IOOed.s:991    .text.LTDC_ClearITPendingBit:00000000 $t
C:\Users\ktkuru\AppData\Local\Temp\cc2IOOed.s:997    .text.LTDC_ClearITPendingBit:00000000 LTDC_ClearITPendingBit
C:\Users\ktkuru\AppData\Local\Temp\cc2IOOed.s:1007   .text.LTDC_ClearITPendingBit:00000008 $d

UNDEFINED SYMBOLS
RCC_APB2PeriphResetCmd
