ARM GAS  C:\Users\ktkuru\AppData\Local\Temp\ccZvz4p7.s 			page 1


   1              		.cpu cortex-m4
   2              		.arch armv7e-m
   3              		.fpu fpv4-sp-d16
   4              		.eabi_attribute 27, 1
   5              		.eabi_attribute 28, 1
   6              		.eabi_attribute 20, 1
   7              		.eabi_attribute 21, 1
   8              		.eabi_attribute 23, 3
   9              		.eabi_attribute 24, 1
  10              		.eabi_attribute 25, 1
  11              		.eabi_attribute 26, 1
  12              		.eabi_attribute 30, 1
  13              		.eabi_attribute 34, 1
  14              		.eabi_attribute 18, 4
  15              		.file	"stm32f4xx_i2c.c"
  16              		.text
  17              		.section	.text.I2C_DeInit,"ax",%progbits
  18              		.align	1
  19              		.global	I2C_DeInit
  20              		.syntax unified
  21              		.thumb
  22              		.thumb_func
  24              	I2C_DeInit:
  25              		@ args = 0, pretend = 0, frame = 0
  26              		@ frame_needed = 0, uses_anonymous_args = 0
  27 0000 08B5     		push	{r3, lr}
  28 0002 154B     		ldr	r3, .L9
  29 0004 9842     		cmp	r0, r3
  30 0006 06D0     		beq	.L6
  31 0008 144B     		ldr	r3, .L9+4
  32 000a 9842     		cmp	r0, r3
  33 000c 0ED0     		beq	.L7
  34 000e 144B     		ldr	r3, .L9+8
  35 0010 9842     		cmp	r0, r3
  36 0012 16D0     		beq	.L8
  37              	.L1:
  38 0014 08BD     		pop	{r3, pc}
  39              	.L6:
  40 0016 0121     		movs	r1, #1
  41 0018 4FF40010 		mov	r0, #2097152
  42 001c FFF7FEFF 		bl	RCC_APB1PeriphResetCmd
  43 0020 0021     		movs	r1, #0
  44 0022 4FF40010 		mov	r0, #2097152
  45 0026 FFF7FEFF 		bl	RCC_APB1PeriphResetCmd
  46 002a F3E7     		b	.L1
  47              	.L7:
  48 002c 0121     		movs	r1, #1
  49 002e 4FF48000 		mov	r0, #4194304
  50 0032 FFF7FEFF 		bl	RCC_APB1PeriphResetCmd
  51 0036 0021     		movs	r1, #0
  52 0038 4FF48000 		mov	r0, #4194304
  53 003c FFF7FEFF 		bl	RCC_APB1PeriphResetCmd
  54 0040 E8E7     		b	.L1
  55              	.L8:
  56 0042 0121     		movs	r1, #1
  57 0044 4FF40000 		mov	r0, #8388608
  58 0048 FFF7FEFF 		bl	RCC_APB1PeriphResetCmd
ARM GAS  C:\Users\ktkuru\AppData\Local\Temp\ccZvz4p7.s 			page 2


  59 004c 0021     		movs	r1, #0
  60 004e 4FF40000 		mov	r0, #8388608
  61 0052 FFF7FEFF 		bl	RCC_APB1PeriphResetCmd
  62 0056 DDE7     		b	.L1
  63              	.L10:
  64              		.align	2
  65              	.L9:
  66 0058 00540040 		.word	1073763328
  67 005c 00580040 		.word	1073764352
  68 0060 005C0040 		.word	1073765376
  70              		.section	.text.I2C_Init,"ax",%progbits
  71              		.align	1
  72              		.global	I2C_Init
  73              		.syntax unified
  74              		.thumb
  75              		.thumb_func
  77              	I2C_Init:
  78              		@ args = 0, pretend = 0, frame = 16
  79              		@ frame_needed = 0, uses_anonymous_args = 0
  80 0000 70B5     		push	{r4, r5, r6, lr}
  81 0002 84B0     		sub	sp, sp, #16
  82 0004 0446     		mov	r4, r0
  83 0006 0D46     		mov	r5, r1
  84 0008 8688     		ldrh	r6, [r0, #4]
  85 000a B6B2     		uxth	r6, r6
  86 000c 26F03F06 		bic	r6, r6, #63
  87 0010 B6B2     		uxth	r6, r6
  88 0012 6846     		mov	r0, sp
  89 0014 FFF7FEFF 		bl	RCC_GetClocksFreq
  90 0018 0299     		ldr	r1, [sp, #8]
  91 001a 2C4B     		ldr	r3, .L21
  92 001c A3FB0123 		umull	r2, r3, r3, r1
  93 0020 9A0C     		lsrs	r2, r3, #18
  94 0022 46EA9346 		orr	r6, r6, r3, lsr #18
  95 0026 A680     		strh	r6, [r4, #4]	@ movhi
  96 0028 2388     		ldrh	r3, [r4]
  97 002a 9BB2     		uxth	r3, r3
  98 002c 23F00103 		bic	r3, r3, #1
  99 0030 9BB2     		uxth	r3, r3
 100 0032 2380     		strh	r3, [r4]	@ movhi
 101 0034 2B68     		ldr	r3, [r5]
 102 0036 264E     		ldr	r6, .L21+4
 103 0038 B342     		cmp	r3, r6
 104 003a 20D8     		bhi	.L12
 105 003c 1046     		mov	r0, r2
 106 003e 5B00     		lsls	r3, r3, #1
 107 0040 B1FBF3F3 		udiv	r3, r1, r3
 108 0044 9BB2     		uxth	r3, r3
 109 0046 032B     		cmp	r3, #3
 110 0048 00D8     		bhi	.L13
 111 004a 0423     		movs	r3, #4
 112              	.L13:
 113 004c 0130     		adds	r0, r0, #1
 114 004e 2084     		strh	r0, [r4, #32]	@ movhi
 115              	.L14:
 116 0050 A383     		strh	r3, [r4, #28]	@ movhi
 117 0052 2388     		ldrh	r3, [r4]
ARM GAS  C:\Users\ktkuru\AppData\Local\Temp\ccZvz4p7.s 			page 3


 118 0054 9BB2     		uxth	r3, r3
 119 0056 43F00103 		orr	r3, r3, #1
 120 005a 2380     		strh	r3, [r4]	@ movhi
 121 005c 2388     		ldrh	r3, [r4]
 122 005e 9BB2     		uxth	r3, r3
 123 0060 23F48163 		bic	r3, r3, #1032
 124 0064 23F00203 		bic	r3, r3, #2
 125 0068 AA88     		ldrh	r2, [r5, #4]
 126 006a 6989     		ldrh	r1, [r5, #10]
 127 006c 0A43     		orrs	r2, r2, r1
 128 006e 1343     		orrs	r3, r3, r2
 129 0070 2380     		strh	r3, [r4]	@ movhi
 130 0072 AB89     		ldrh	r3, [r5, #12]
 131 0074 2A89     		ldrh	r2, [r5, #8]
 132 0076 1343     		orrs	r3, r3, r2
 133 0078 2381     		strh	r3, [r4, #8]	@ movhi
 134 007a 04B0     		add	sp, sp, #16
 135              		@ sp needed
 136 007c 70BD     		pop	{r4, r5, r6, pc}
 137              	.L12:
 138 007e EE88     		ldrh	r6, [r5, #6]
 139 0080 4BF6FF70 		movw	r0, #49151
 140 0084 8642     		cmp	r6, r0
 141 0086 1BD0     		beq	.L20
 142 0088 03EB8303 		add	r3, r3, r3, lsl #2
 143 008c 03EB8303 		add	r3, r3, r3, lsl #2
 144 0090 B1FBF3F1 		udiv	r1, r1, r3
 145 0094 89B2     		uxth	r1, r1
 146 0096 41F48043 		orr	r3, r1, #16384
 147              	.L16:
 148 009a C3F30B01 		ubfx	r1, r3, #0, #12
 149 009e 09B9     		cbnz	r1, .L17
 150 00a0 43F00103 		orr	r3, r3, #1
 151              	.L17:
 152 00a4 43F40043 		orr	r3, r3, #32768
 153 00a8 4FF49671 		mov	r1, #300
 154 00ac 01FB02F2 		mul	r2, r1, r2
 155 00b0 0849     		ldr	r1, .L21+8
 156 00b2 81FB0212 		smull	r1, r2, r1, r2
 157 00b6 9211     		asrs	r2, r2, #6
 158 00b8 0132     		adds	r2, r2, #1
 159 00ba 92B2     		uxth	r2, r2
 160 00bc 2284     		strh	r2, [r4, #32]	@ movhi
 161 00be C7E7     		b	.L14
 162              	.L20:
 163 00c0 03EB4303 		add	r3, r3, r3, lsl #1
 164 00c4 B1FBF3F3 		udiv	r3, r1, r3
 165 00c8 9BB2     		uxth	r3, r3
 166 00ca E6E7     		b	.L16
 167              	.L22:
 168              		.align	2
 169              	.L21:
 170 00cc 83DE1B43 		.word	1125899907
 171 00d0 A0860100 		.word	100000
 172 00d4 D34D6210 		.word	274877907
 174              		.section	.text.I2C_StructInit,"ax",%progbits
 175              		.align	1
ARM GAS  C:\Users\ktkuru\AppData\Local\Temp\ccZvz4p7.s 			page 4


 176              		.global	I2C_StructInit
 177              		.syntax unified
 178              		.thumb
 179              		.thumb_func
 181              	I2C_StructInit:
 182              		@ args = 0, pretend = 0, frame = 0
 183              		@ frame_needed = 0, uses_anonymous_args = 0
 184              		@ link register save eliminated.
 185 0000 41F28833 		movw	r3, #5000
 186 0004 0360     		str	r3, [r0]
 187 0006 0023     		movs	r3, #0
 188 0008 8380     		strh	r3, [r0, #4]	@ movhi
 189 000a 4BF6FF72 		movw	r2, #49151
 190 000e C280     		strh	r2, [r0, #6]	@ movhi
 191 0010 0381     		strh	r3, [r0, #8]	@ movhi
 192 0012 4381     		strh	r3, [r0, #10]	@ movhi
 193 0014 4FF48043 		mov	r3, #16384
 194 0018 8381     		strh	r3, [r0, #12]	@ movhi
 195 001a 7047     		bx	lr
 197              		.section	.text.I2C_Cmd,"ax",%progbits
 198              		.align	1
 199              		.global	I2C_Cmd
 200              		.syntax unified
 201              		.thumb
 202              		.thumb_func
 204              	I2C_Cmd:
 205              		@ args = 0, pretend = 0, frame = 0
 206              		@ frame_needed = 0, uses_anonymous_args = 0
 207              		@ link register save eliminated.
 208 0000 29B1     		cbz	r1, .L25
 209 0002 0388     		ldrh	r3, [r0]
 210 0004 9BB2     		uxth	r3, r3
 211 0006 43F00103 		orr	r3, r3, #1
 212 000a 0380     		strh	r3, [r0]	@ movhi
 213 000c 7047     		bx	lr
 214              	.L25:
 215 000e 0388     		ldrh	r3, [r0]
 216 0010 9BB2     		uxth	r3, r3
 217 0012 23F00103 		bic	r3, r3, #1
 218 0016 9BB2     		uxth	r3, r3
 219 0018 0380     		strh	r3, [r0]	@ movhi
 220 001a 7047     		bx	lr
 222              		.section	.text.I2C_AnalogFilterCmd,"ax",%progbits
 223              		.align	1
 224              		.global	I2C_AnalogFilterCmd
 225              		.syntax unified
 226              		.thumb
 227              		.thumb_func
 229              	I2C_AnalogFilterCmd:
 230              		@ args = 0, pretend = 0, frame = 0
 231              		@ frame_needed = 0, uses_anonymous_args = 0
 232              		@ link register save eliminated.
 233 0000 31B1     		cbz	r1, .L28
 234 0002 838C     		ldrh	r3, [r0, #36]
 235 0004 9BB2     		uxth	r3, r3
 236 0006 23F01003 		bic	r3, r3, #16
 237 000a 9BB2     		uxth	r3, r3
ARM GAS  C:\Users\ktkuru\AppData\Local\Temp\ccZvz4p7.s 			page 5


 238 000c 8384     		strh	r3, [r0, #36]	@ movhi
 239 000e 7047     		bx	lr
 240              	.L28:
 241 0010 838C     		ldrh	r3, [r0, #36]
 242 0012 9BB2     		uxth	r3, r3
 243 0014 43F01003 		orr	r3, r3, #16
 244 0018 8384     		strh	r3, [r0, #36]	@ movhi
 245 001a 7047     		bx	lr
 247              		.section	.text.I2C_DigitalFilterConfig,"ax",%progbits
 248              		.align	1
 249              		.global	I2C_DigitalFilterConfig
 250              		.syntax unified
 251              		.thumb
 252              		.thumb_func
 254              	I2C_DigitalFilterConfig:
 255              		@ args = 0, pretend = 0, frame = 0
 256              		@ frame_needed = 0, uses_anonymous_args = 0
 257              		@ link register save eliminated.
 258 0000 838C     		ldrh	r3, [r0, #36]
 259 0002 9BB2     		uxth	r3, r3
 260 0004 23F00F03 		bic	r3, r3, #15
 261 0008 01F00F01 		and	r1, r1, #15
 262 000c 0B43     		orrs	r3, r3, r1
 263 000e 8384     		strh	r3, [r0, #36]	@ movhi
 264 0010 7047     		bx	lr
 266              		.section	.text.I2C_GenerateSTART,"ax",%progbits
 267              		.align	1
 268              		.global	I2C_GenerateSTART
 269              		.syntax unified
 270              		.thumb
 271              		.thumb_func
 273              	I2C_GenerateSTART:
 274              		@ args = 0, pretend = 0, frame = 0
 275              		@ frame_needed = 0, uses_anonymous_args = 0
 276              		@ link register save eliminated.
 277 0000 29B1     		cbz	r1, .L32
 278 0002 0388     		ldrh	r3, [r0]
 279 0004 9BB2     		uxth	r3, r3
 280 0006 43F48073 		orr	r3, r3, #256
 281 000a 0380     		strh	r3, [r0]	@ movhi
 282 000c 7047     		bx	lr
 283              	.L32:
 284 000e 0388     		ldrh	r3, [r0]
 285 0010 9BB2     		uxth	r3, r3
 286 0012 23F48073 		bic	r3, r3, #256
 287 0016 9BB2     		uxth	r3, r3
 288 0018 0380     		strh	r3, [r0]	@ movhi
 289 001a 7047     		bx	lr
 291              		.section	.text.I2C_GenerateSTOP,"ax",%progbits
 292              		.align	1
 293              		.global	I2C_GenerateSTOP
 294              		.syntax unified
 295              		.thumb
 296              		.thumb_func
 298              	I2C_GenerateSTOP:
 299              		@ args = 0, pretend = 0, frame = 0
 300              		@ frame_needed = 0, uses_anonymous_args = 0
ARM GAS  C:\Users\ktkuru\AppData\Local\Temp\ccZvz4p7.s 			page 6


 301              		@ link register save eliminated.
 302 0000 29B1     		cbz	r1, .L35
 303 0002 0388     		ldrh	r3, [r0]
 304 0004 9BB2     		uxth	r3, r3
 305 0006 43F40073 		orr	r3, r3, #512
 306 000a 0380     		strh	r3, [r0]	@ movhi
 307 000c 7047     		bx	lr
 308              	.L35:
 309 000e 0388     		ldrh	r3, [r0]
 310 0010 9BB2     		uxth	r3, r3
 311 0012 23F40073 		bic	r3, r3, #512
 312 0016 9BB2     		uxth	r3, r3
 313 0018 0380     		strh	r3, [r0]	@ movhi
 314 001a 7047     		bx	lr
 316              		.section	.text.I2C_Send7bitAddress,"ax",%progbits
 317              		.align	1
 318              		.global	I2C_Send7bitAddress
 319              		.syntax unified
 320              		.thumb
 321              		.thumb_func
 323              	I2C_Send7bitAddress:
 324              		@ args = 0, pretend = 0, frame = 0
 325              		@ frame_needed = 0, uses_anonymous_args = 0
 326              		@ link register save eliminated.
 327 0000 1AB1     		cbz	r2, .L38
 328 0002 41F00101 		orr	r1, r1, #1
 329              	.L39:
 330 0006 0182     		strh	r1, [r0, #16]	@ movhi
 331 0008 7047     		bx	lr
 332              	.L38:
 333 000a 01F0FE01 		and	r1, r1, #254
 334 000e FAE7     		b	.L39
 336              		.section	.text.I2C_AcknowledgeConfig,"ax",%progbits
 337              		.align	1
 338              		.global	I2C_AcknowledgeConfig
 339              		.syntax unified
 340              		.thumb
 341              		.thumb_func
 343              	I2C_AcknowledgeConfig:
 344              		@ args = 0, pretend = 0, frame = 0
 345              		@ frame_needed = 0, uses_anonymous_args = 0
 346              		@ link register save eliminated.
 347 0000 29B1     		cbz	r1, .L41
 348 0002 0388     		ldrh	r3, [r0]
 349 0004 9BB2     		uxth	r3, r3
 350 0006 43F48063 		orr	r3, r3, #1024
 351 000a 0380     		strh	r3, [r0]	@ movhi
 352 000c 7047     		bx	lr
 353              	.L41:
 354 000e 0388     		ldrh	r3, [r0]
 355 0010 9BB2     		uxth	r3, r3
 356 0012 23F48063 		bic	r3, r3, #1024
 357 0016 9BB2     		uxth	r3, r3
 358 0018 0380     		strh	r3, [r0]	@ movhi
 359 001a 7047     		bx	lr
 361              		.section	.text.I2C_OwnAddress2Config,"ax",%progbits
 362              		.align	1
ARM GAS  C:\Users\ktkuru\AppData\Local\Temp\ccZvz4p7.s 			page 7


 363              		.global	I2C_OwnAddress2Config
 364              		.syntax unified
 365              		.thumb
 366              		.thumb_func
 368              	I2C_OwnAddress2Config:
 369              		@ args = 0, pretend = 0, frame = 0
 370              		@ frame_needed = 0, uses_anonymous_args = 0
 371              		@ link register save eliminated.
 372 0000 8389     		ldrh	r3, [r0, #12]
 373 0002 9BB2     		uxth	r3, r3
 374 0004 23F0FE03 		bic	r3, r3, #254
 375 0008 01F0FE01 		and	r1, r1, #254
 376 000c 0B43     		orrs	r3, r3, r1
 377 000e 8381     		strh	r3, [r0, #12]	@ movhi
 378 0010 7047     		bx	lr
 380              		.section	.text.I2C_DualAddressCmd,"ax",%progbits
 381              		.align	1
 382              		.global	I2C_DualAddressCmd
 383              		.syntax unified
 384              		.thumb
 385              		.thumb_func
 387              	I2C_DualAddressCmd:
 388              		@ args = 0, pretend = 0, frame = 0
 389              		@ frame_needed = 0, uses_anonymous_args = 0
 390              		@ link register save eliminated.
 391 0000 29B1     		cbz	r1, .L45
 392 0002 8389     		ldrh	r3, [r0, #12]
 393 0004 9BB2     		uxth	r3, r3
 394 0006 43F00103 		orr	r3, r3, #1
 395 000a 8381     		strh	r3, [r0, #12]	@ movhi
 396 000c 7047     		bx	lr
 397              	.L45:
 398 000e 8389     		ldrh	r3, [r0, #12]
 399 0010 9BB2     		uxth	r3, r3
 400 0012 23F00103 		bic	r3, r3, #1
 401 0016 9BB2     		uxth	r3, r3
 402 0018 8381     		strh	r3, [r0, #12]	@ movhi
 403 001a 7047     		bx	lr
 405              		.section	.text.I2C_GeneralCallCmd,"ax",%progbits
 406              		.align	1
 407              		.global	I2C_GeneralCallCmd
 408              		.syntax unified
 409              		.thumb
 410              		.thumb_func
 412              	I2C_GeneralCallCmd:
 413              		@ args = 0, pretend = 0, frame = 0
 414              		@ frame_needed = 0, uses_anonymous_args = 0
 415              		@ link register save eliminated.
 416 0000 29B1     		cbz	r1, .L48
 417 0002 0388     		ldrh	r3, [r0]
 418 0004 9BB2     		uxth	r3, r3
 419 0006 43F04003 		orr	r3, r3, #64
 420 000a 0380     		strh	r3, [r0]	@ movhi
 421 000c 7047     		bx	lr
 422              	.L48:
 423 000e 0388     		ldrh	r3, [r0]
 424 0010 9BB2     		uxth	r3, r3
ARM GAS  C:\Users\ktkuru\AppData\Local\Temp\ccZvz4p7.s 			page 8


 425 0012 23F04003 		bic	r3, r3, #64
 426 0016 9BB2     		uxth	r3, r3
 427 0018 0380     		strh	r3, [r0]	@ movhi
 428 001a 7047     		bx	lr
 430              		.section	.text.I2C_SoftwareResetCmd,"ax",%progbits
 431              		.align	1
 432              		.global	I2C_SoftwareResetCmd
 433              		.syntax unified
 434              		.thumb
 435              		.thumb_func
 437              	I2C_SoftwareResetCmd:
 438              		@ args = 0, pretend = 0, frame = 0
 439              		@ frame_needed = 0, uses_anonymous_args = 0
 440              		@ link register save eliminated.
 441 0000 39B1     		cbz	r1, .L51
 442 0002 0388     		ldrh	r3, [r0]
 443 0004 6FEA4343 		mvn	r3, r3, lsl #17
 444 0008 6FEA5343 		mvn	r3, r3, lsr #17
 445 000c 9BB2     		uxth	r3, r3
 446 000e 0380     		strh	r3, [r0]	@ movhi
 447 0010 7047     		bx	lr
 448              	.L51:
 449 0012 0388     		ldrh	r3, [r0]
 450 0014 C3F30E03 		ubfx	r3, r3, #0, #15
 451 0018 0380     		strh	r3, [r0]	@ movhi
 452 001a 7047     		bx	lr
 454              		.section	.text.I2C_StretchClockCmd,"ax",%progbits
 455              		.align	1
 456              		.global	I2C_StretchClockCmd
 457              		.syntax unified
 458              		.thumb
 459              		.thumb_func
 461              	I2C_StretchClockCmd:
 462              		@ args = 0, pretend = 0, frame = 0
 463              		@ frame_needed = 0, uses_anonymous_args = 0
 464              		@ link register save eliminated.
 465 0000 29B9     		cbnz	r1, .L54
 466 0002 0388     		ldrh	r3, [r0]
 467 0004 9BB2     		uxth	r3, r3
 468 0006 43F08003 		orr	r3, r3, #128
 469 000a 0380     		strh	r3, [r0]	@ movhi
 470 000c 7047     		bx	lr
 471              	.L54:
 472 000e 0388     		ldrh	r3, [r0]
 473 0010 9BB2     		uxth	r3, r3
 474 0012 23F08003 		bic	r3, r3, #128
 475 0016 9BB2     		uxth	r3, r3
 476 0018 0380     		strh	r3, [r0]	@ movhi
 477 001a 7047     		bx	lr
 479              		.section	.text.I2C_FastModeDutyCycleConfig,"ax",%progbits
 480              		.align	1
 481              		.global	I2C_FastModeDutyCycleConfig
 482              		.syntax unified
 483              		.thumb
 484              		.thumb_func
 486              	I2C_FastModeDutyCycleConfig:
 487              		@ args = 0, pretend = 0, frame = 0
ARM GAS  C:\Users\ktkuru\AppData\Local\Temp\ccZvz4p7.s 			page 9


 488              		@ frame_needed = 0, uses_anonymous_args = 0
 489              		@ link register save eliminated.
 490 0000 B1F5804F 		cmp	r1, #16384
 491 0004 06D0     		beq	.L57
 492 0006 838B     		ldrh	r3, [r0, #28]
 493 0008 9BB2     		uxth	r3, r3
 494 000a 23F48043 		bic	r3, r3, #16384
 495 000e 9BB2     		uxth	r3, r3
 496 0010 8383     		strh	r3, [r0, #28]	@ movhi
 497 0012 7047     		bx	lr
 498              	.L57:
 499 0014 838B     		ldrh	r3, [r0, #28]
 500 0016 9BB2     		uxth	r3, r3
 501 0018 43F48043 		orr	r3, r3, #16384
 502 001c 8383     		strh	r3, [r0, #28]	@ movhi
 503 001e 7047     		bx	lr
 505              		.section	.text.I2C_NACKPositionConfig,"ax",%progbits
 506              		.align	1
 507              		.global	I2C_NACKPositionConfig
 508              		.syntax unified
 509              		.thumb
 510              		.thumb_func
 512              	I2C_NACKPositionConfig:
 513              		@ args = 0, pretend = 0, frame = 0
 514              		@ frame_needed = 0, uses_anonymous_args = 0
 515              		@ link register save eliminated.
 516 0000 B1F5006F 		cmp	r1, #2048
 517 0004 06D0     		beq	.L62
 518 0006 0388     		ldrh	r3, [r0]
 519 0008 9BB2     		uxth	r3, r3
 520 000a 23F40063 		bic	r3, r3, #2048
 521 000e 9BB2     		uxth	r3, r3
 522 0010 0380     		strh	r3, [r0]	@ movhi
 523 0012 7047     		bx	lr
 524              	.L62:
 525 0014 0388     		ldrh	r3, [r0]
 526 0016 9BB2     		uxth	r3, r3
 527 0018 43F40063 		orr	r3, r3, #2048
 528 001c 0380     		strh	r3, [r0]	@ movhi
 529 001e 7047     		bx	lr
 531              		.section	.text.I2C_SMBusAlertConfig,"ax",%progbits
 532              		.align	1
 533              		.global	I2C_SMBusAlertConfig
 534              		.syntax unified
 535              		.thumb
 536              		.thumb_func
 538              	I2C_SMBusAlertConfig:
 539              		@ args = 0, pretend = 0, frame = 0
 540              		@ frame_needed = 0, uses_anonymous_args = 0
 541              		@ link register save eliminated.
 542 0000 B1F5005F 		cmp	r1, #8192
 543 0004 06D0     		beq	.L66
 544 0006 0388     		ldrh	r3, [r0]
 545 0008 9BB2     		uxth	r3, r3
 546 000a 23F40053 		bic	r3, r3, #8192
 547 000e 9BB2     		uxth	r3, r3
 548 0010 0380     		strh	r3, [r0]	@ movhi
ARM GAS  C:\Users\ktkuru\AppData\Local\Temp\ccZvz4p7.s 			page 10


 549 0012 7047     		bx	lr
 550              	.L66:
 551 0014 0388     		ldrh	r3, [r0]
 552 0016 9BB2     		uxth	r3, r3
 553 0018 43F40053 		orr	r3, r3, #8192
 554 001c 0380     		strh	r3, [r0]	@ movhi
 555 001e 7047     		bx	lr
 557              		.section	.text.I2C_ARPCmd,"ax",%progbits
 558              		.align	1
 559              		.global	I2C_ARPCmd
 560              		.syntax unified
 561              		.thumb
 562              		.thumb_func
 564              	I2C_ARPCmd:
 565              		@ args = 0, pretend = 0, frame = 0
 566              		@ frame_needed = 0, uses_anonymous_args = 0
 567              		@ link register save eliminated.
 568 0000 29B1     		cbz	r1, .L68
 569 0002 0388     		ldrh	r3, [r0]
 570 0004 9BB2     		uxth	r3, r3
 571 0006 43F01003 		orr	r3, r3, #16
 572 000a 0380     		strh	r3, [r0]	@ movhi
 573 000c 7047     		bx	lr
 574              	.L68:
 575 000e 0388     		ldrh	r3, [r0]
 576 0010 9BB2     		uxth	r3, r3
 577 0012 23F01003 		bic	r3, r3, #16
 578 0016 9BB2     		uxth	r3, r3
 579 0018 0380     		strh	r3, [r0]	@ movhi
 580 001a 7047     		bx	lr
 582              		.section	.text.I2C_SendData,"ax",%progbits
 583              		.align	1
 584              		.global	I2C_SendData
 585              		.syntax unified
 586              		.thumb
 587              		.thumb_func
 589              	I2C_SendData:
 590              		@ args = 0, pretend = 0, frame = 0
 591              		@ frame_needed = 0, uses_anonymous_args = 0
 592              		@ link register save eliminated.
 593 0000 0182     		strh	r1, [r0, #16]	@ movhi
 594 0002 7047     		bx	lr
 596              		.section	.text.I2C_ReceiveData,"ax",%progbits
 597              		.align	1
 598              		.global	I2C_ReceiveData
 599              		.syntax unified
 600              		.thumb
 601              		.thumb_func
 603              	I2C_ReceiveData:
 604              		@ args = 0, pretend = 0, frame = 0
 605              		@ frame_needed = 0, uses_anonymous_args = 0
 606              		@ link register save eliminated.
 607 0000 008A     		ldrh	r0, [r0, #16]
 608 0002 C0B2     		uxtb	r0, r0
 609 0004 7047     		bx	lr
 611              		.section	.text.I2C_TransmitPEC,"ax",%progbits
 612              		.align	1
ARM GAS  C:\Users\ktkuru\AppData\Local\Temp\ccZvz4p7.s 			page 11


 613              		.global	I2C_TransmitPEC
 614              		.syntax unified
 615              		.thumb
 616              		.thumb_func
 618              	I2C_TransmitPEC:
 619              		@ args = 0, pretend = 0, frame = 0
 620              		@ frame_needed = 0, uses_anonymous_args = 0
 621              		@ link register save eliminated.
 622 0000 29B1     		cbz	r1, .L73
 623 0002 0388     		ldrh	r3, [r0]
 624 0004 9BB2     		uxth	r3, r3
 625 0006 43F48053 		orr	r3, r3, #4096
 626 000a 0380     		strh	r3, [r0]	@ movhi
 627 000c 7047     		bx	lr
 628              	.L73:
 629 000e 0388     		ldrh	r3, [r0]
 630 0010 9BB2     		uxth	r3, r3
 631 0012 23F48053 		bic	r3, r3, #4096
 632 0016 9BB2     		uxth	r3, r3
 633 0018 0380     		strh	r3, [r0]	@ movhi
 634 001a 7047     		bx	lr
 636              		.section	.text.I2C_PECPositionConfig,"ax",%progbits
 637              		.align	1
 638              		.global	I2C_PECPositionConfig
 639              		.syntax unified
 640              		.thumb
 641              		.thumb_func
 643              	I2C_PECPositionConfig:
 644              		@ args = 0, pretend = 0, frame = 0
 645              		@ frame_needed = 0, uses_anonymous_args = 0
 646              		@ link register save eliminated.
 647 0000 B1F5006F 		cmp	r1, #2048
 648 0004 06D0     		beq	.L78
 649 0006 0388     		ldrh	r3, [r0]
 650 0008 9BB2     		uxth	r3, r3
 651 000a 23F40063 		bic	r3, r3, #2048
 652 000e 9BB2     		uxth	r3, r3
 653 0010 0380     		strh	r3, [r0]	@ movhi
 654 0012 7047     		bx	lr
 655              	.L78:
 656 0014 0388     		ldrh	r3, [r0]
 657 0016 9BB2     		uxth	r3, r3
 658 0018 43F40063 		orr	r3, r3, #2048
 659 001c 0380     		strh	r3, [r0]	@ movhi
 660 001e 7047     		bx	lr
 662              		.section	.text.I2C_CalculatePEC,"ax",%progbits
 663              		.align	1
 664              		.global	I2C_CalculatePEC
 665              		.syntax unified
 666              		.thumb
 667              		.thumb_func
 669              	I2C_CalculatePEC:
 670              		@ args = 0, pretend = 0, frame = 0
 671              		@ frame_needed = 0, uses_anonymous_args = 0
 672              		@ link register save eliminated.
 673 0000 29B1     		cbz	r1, .L80
 674 0002 0388     		ldrh	r3, [r0]
ARM GAS  C:\Users\ktkuru\AppData\Local\Temp\ccZvz4p7.s 			page 12


 675 0004 9BB2     		uxth	r3, r3
 676 0006 43F02003 		orr	r3, r3, #32
 677 000a 0380     		strh	r3, [r0]	@ movhi
 678 000c 7047     		bx	lr
 679              	.L80:
 680 000e 0388     		ldrh	r3, [r0]
 681 0010 9BB2     		uxth	r3, r3
 682 0012 23F02003 		bic	r3, r3, #32
 683 0016 9BB2     		uxth	r3, r3
 684 0018 0380     		strh	r3, [r0]	@ movhi
 685 001a 7047     		bx	lr
 687              		.section	.text.I2C_GetPEC,"ax",%progbits
 688              		.align	1
 689              		.global	I2C_GetPEC
 690              		.syntax unified
 691              		.thumb
 692              		.thumb_func
 694              	I2C_GetPEC:
 695              		@ args = 0, pretend = 0, frame = 0
 696              		@ frame_needed = 0, uses_anonymous_args = 0
 697              		@ link register save eliminated.
 698 0000 008B     		ldrh	r0, [r0, #24]
 699 0002 C0F30720 		ubfx	r0, r0, #8, #8
 700 0006 7047     		bx	lr
 702              		.section	.text.I2C_DMACmd,"ax",%progbits
 703              		.align	1
 704              		.global	I2C_DMACmd
 705              		.syntax unified
 706              		.thumb
 707              		.thumb_func
 709              	I2C_DMACmd:
 710              		@ args = 0, pretend = 0, frame = 0
 711              		@ frame_needed = 0, uses_anonymous_args = 0
 712              		@ link register save eliminated.
 713 0000 29B1     		cbz	r1, .L84
 714 0002 8388     		ldrh	r3, [r0, #4]
 715 0004 9BB2     		uxth	r3, r3
 716 0006 43F40063 		orr	r3, r3, #2048
 717 000a 8380     		strh	r3, [r0, #4]	@ movhi
 718 000c 7047     		bx	lr
 719              	.L84:
 720 000e 8388     		ldrh	r3, [r0, #4]
 721 0010 9BB2     		uxth	r3, r3
 722 0012 23F40063 		bic	r3, r3, #2048
 723 0016 9BB2     		uxth	r3, r3
 724 0018 8380     		strh	r3, [r0, #4]	@ movhi
 725 001a 7047     		bx	lr
 727              		.section	.text.I2C_DMALastTransferCmd,"ax",%progbits
 728              		.align	1
 729              		.global	I2C_DMALastTransferCmd
 730              		.syntax unified
 731              		.thumb
 732              		.thumb_func
 734              	I2C_DMALastTransferCmd:
 735              		@ args = 0, pretend = 0, frame = 0
 736              		@ frame_needed = 0, uses_anonymous_args = 0
 737              		@ link register save eliminated.
ARM GAS  C:\Users\ktkuru\AppData\Local\Temp\ccZvz4p7.s 			page 13


 738 0000 29B1     		cbz	r1, .L87
 739 0002 8388     		ldrh	r3, [r0, #4]
 740 0004 9BB2     		uxth	r3, r3
 741 0006 43F48053 		orr	r3, r3, #4096
 742 000a 8380     		strh	r3, [r0, #4]	@ movhi
 743 000c 7047     		bx	lr
 744              	.L87:
 745 000e 8388     		ldrh	r3, [r0, #4]
 746 0010 9BB2     		uxth	r3, r3
 747 0012 23F48053 		bic	r3, r3, #4096
 748 0016 9BB2     		uxth	r3, r3
 749 0018 8380     		strh	r3, [r0, #4]	@ movhi
 750 001a 7047     		bx	lr
 752              		.section	.text.I2C_ReadRegister,"ax",%progbits
 753              		.align	1
 754              		.global	I2C_ReadRegister
 755              		.syntax unified
 756              		.thumb
 757              		.thumb_func
 759              	I2C_ReadRegister:
 760              		@ args = 0, pretend = 0, frame = 8
 761              		@ frame_needed = 0, uses_anonymous_args = 0
 762              		@ link register save eliminated.
 763 0000 82B0     		sub	sp, sp, #8
 764 0002 0023     		movs	r3, #0
 765 0004 0193     		str	r3, [sp, #4]
 766 0006 0190     		str	r0, [sp, #4]
 767 0008 019B     		ldr	r3, [sp, #4]
 768 000a 1944     		add	r1, r1, r3
 769 000c 0191     		str	r1, [sp, #4]
 770 000e 019B     		ldr	r3, [sp, #4]
 771 0010 1888     		ldrh	r0, [r3]
 772 0012 80B2     		uxth	r0, r0
 773 0014 02B0     		add	sp, sp, #8
 774              		@ sp needed
 775 0016 7047     		bx	lr
 777              		.section	.text.I2C_ITConfig,"ax",%progbits
 778              		.align	1
 779              		.global	I2C_ITConfig
 780              		.syntax unified
 781              		.thumb
 782              		.thumb_func
 784              	I2C_ITConfig:
 785              		@ args = 0, pretend = 0, frame = 0
 786              		@ frame_needed = 0, uses_anonymous_args = 0
 787              		@ link register save eliminated.
 788 0000 22B1     		cbz	r2, .L92
 789 0002 8388     		ldrh	r3, [r0, #4]
 790 0004 9BB2     		uxth	r3, r3
 791 0006 0B43     		orrs	r3, r3, r1
 792 0008 8380     		strh	r3, [r0, #4]	@ movhi
 793 000a 7047     		bx	lr
 794              	.L92:
 795 000c 8388     		ldrh	r3, [r0, #4]
 796 000e C943     		mvns	r1, r1
 797 0010 89B2     		uxth	r1, r1
 798 0012 1940     		ands	r1, r1, r3
ARM GAS  C:\Users\ktkuru\AppData\Local\Temp\ccZvz4p7.s 			page 14


 799 0014 8180     		strh	r1, [r0, #4]	@ movhi
 800 0016 7047     		bx	lr
 802              		.section	.text.I2C_CheckEvent,"ax",%progbits
 803              		.align	1
 804              		.global	I2C_CheckEvent
 805              		.syntax unified
 806              		.thumb
 807              		.thumb_func
 809              	I2C_CheckEvent:
 810              		@ args = 0, pretend = 0, frame = 0
 811              		@ frame_needed = 0, uses_anonymous_args = 0
 812              		@ link register save eliminated.
 813 0000 838A     		ldrh	r3, [r0, #20]
 814 0002 9BB2     		uxth	r3, r3
 815 0004 028B     		ldrh	r2, [r0, #24]
 816 0006 43EA0243 		orr	r3, r3, r2, lsl #16
 817 000a 23F07F43 		bic	r3, r3, #-16777216
 818 000e 9943     		bics	r1, r1, r3
 819 0010 01D0     		beq	.L97
 820 0012 0020     		movs	r0, #0
 821 0014 7047     		bx	lr
 822              	.L97:
 823 0016 0120     		movs	r0, #1
 824 0018 7047     		bx	lr
 826              		.section	.text.I2C_GetLastEvent,"ax",%progbits
 827              		.align	1
 828              		.global	I2C_GetLastEvent
 829              		.syntax unified
 830              		.thumb
 831              		.thumb_func
 833              	I2C_GetLastEvent:
 834              		@ args = 0, pretend = 0, frame = 0
 835              		@ frame_needed = 0, uses_anonymous_args = 0
 836              		@ link register save eliminated.
 837 0000 838A     		ldrh	r3, [r0, #20]
 838 0002 9BB2     		uxth	r3, r3
 839 0004 028B     		ldrh	r2, [r0, #24]
 840 0006 43EA0240 		orr	r0, r3, r2, lsl #16
 841 000a 20F07F40 		bic	r0, r0, #-16777216
 842 000e 7047     		bx	lr
 844              		.section	.text.I2C_GetFlagStatus,"ax",%progbits
 845              		.align	1
 846              		.global	I2C_GetFlagStatus
 847              		.syntax unified
 848              		.thumb
 849              		.thumb_func
 851              	I2C_GetFlagStatus:
 852              		@ args = 0, pretend = 0, frame = 8
 853              		@ frame_needed = 0, uses_anonymous_args = 0
 854              		@ link register save eliminated.
 855 0000 82B0     		sub	sp, sp, #8
 856 0002 0023     		movs	r3, #0
 857 0004 0193     		str	r3, [sp, #4]
 858 0006 0093     		str	r3, [sp]
 859 0008 0090     		str	r0, [sp]
 860 000a 0B0F     		lsrs	r3, r1, #28
 861 000c 0193     		str	r3, [sp, #4]
ARM GAS  C:\Users\ktkuru\AppData\Local\Temp\ccZvz4p7.s 			page 15


 862 000e 21F07F41 		bic	r1, r1, #-16777216
 863 0012 019B     		ldr	r3, [sp, #4]
 864 0014 4BB1     		cbz	r3, .L100
 865 0016 009B     		ldr	r3, [sp]
 866 0018 1433     		adds	r3, r3, #20
 867 001a 0093     		str	r3, [sp]
 868              	.L101:
 869 001c 009B     		ldr	r3, [sp]
 870 001e 1B68     		ldr	r3, [r3]
 871 0020 0B42     		tst	r3, r1
 872 0022 07D0     		beq	.L103
 873 0024 0120     		movs	r0, #1
 874              	.L102:
 875 0026 02B0     		add	sp, sp, #8
 876              		@ sp needed
 877 0028 7047     		bx	lr
 878              	.L100:
 879 002a 090C     		lsrs	r1, r1, #16
 880 002c 009B     		ldr	r3, [sp]
 881 002e 1833     		adds	r3, r3, #24
 882 0030 0093     		str	r3, [sp]
 883 0032 F3E7     		b	.L101
 884              	.L103:
 885 0034 0020     		movs	r0, #0
 886 0036 F6E7     		b	.L102
 888              		.section	.text.I2C_ClearFlag,"ax",%progbits
 889              		.align	1
 890              		.global	I2C_ClearFlag
 891              		.syntax unified
 892              		.thumb
 893              		.thumb_func
 895              	I2C_ClearFlag:
 896              		@ args = 0, pretend = 0, frame = 0
 897              		@ frame_needed = 0, uses_anonymous_args = 0
 898              		@ link register save eliminated.
 899 0000 21F07F41 		bic	r1, r1, #-16777216
 900 0004 C943     		mvns	r1, r1
 901 0006 89B2     		uxth	r1, r1
 902 0008 8182     		strh	r1, [r0, #20]	@ movhi
 903 000a 7047     		bx	lr
 905              		.section	.text.I2C_GetITStatus,"ax",%progbits
 906              		.align	1
 907              		.global	I2C_GetITStatus
 908              		.syntax unified
 909              		.thumb
 910              		.thumb_func
 912              	I2C_GetITStatus:
 913              		@ args = 0, pretend = 0, frame = 0
 914              		@ frame_needed = 0, uses_anonymous_args = 0
 915              		@ link register save eliminated.
 916 0000 8388     		ldrh	r3, [r0, #4]
 917 0002 03EA1143 		and	r3, r3, r1, lsr #16
 918 0006 03F4E063 		and	r3, r3, #1792
 919 000a 828A     		ldrh	r2, [r0, #20]
 920 000c 92B2     		uxth	r2, r2
 921 000e 1142     		tst	r1, r2
 922 0010 02D0     		beq	.L108
ARM GAS  C:\Users\ktkuru\AppData\Local\Temp\ccZvz4p7.s 			page 16


 923 0012 1BB9     		cbnz	r3, .L109
 924 0014 0020     		movs	r0, #0
 925 0016 7047     		bx	lr
 926              	.L108:
 927 0018 0020     		movs	r0, #0
 928 001a 7047     		bx	lr
 929              	.L109:
 930 001c 0120     		movs	r0, #1
 931 001e 7047     		bx	lr
 933              		.section	.text.I2C_ClearITPendingBit,"ax",%progbits
 934              		.align	1
 935              		.global	I2C_ClearITPendingBit
 936              		.syntax unified
 937              		.thumb
 938              		.thumb_func
 940              	I2C_ClearITPendingBit:
 941              		@ args = 0, pretend = 0, frame = 0
 942              		@ frame_needed = 0, uses_anonymous_args = 0
 943              		@ link register save eliminated.
 944 0000 21F07F41 		bic	r1, r1, #-16777216
 945 0004 C943     		mvns	r1, r1
 946 0006 89B2     		uxth	r1, r1
 947 0008 8182     		strh	r1, [r0, #20]	@ movhi
 948 000a 7047     		bx	lr
 950              		.ident	"GCC: (Arm GNU Toolchain 13.3.Rel1 (Build arm-13.24)) 13.3.1 20240614"
ARM GAS  C:\Users\ktkuru\AppData\Local\Temp\ccZvz4p7.s 			page 17


DEFINED SYMBOLS
                            *ABS*:00000000 stm32f4xx_i2c.c
C:\Users\ktkuru\AppData\Local\Temp\ccZvz4p7.s:18     .text.I2C_DeInit:00000000 $t
C:\Users\ktkuru\AppData\Local\Temp\ccZvz4p7.s:24     .text.I2C_DeInit:00000000 I2C_DeInit
C:\Users\ktkuru\AppData\Local\Temp\ccZvz4p7.s:66     .text.I2C_DeInit:00000058 $d
C:\Users\ktkuru\AppData\Local\Temp\ccZvz4p7.s:71     .text.I2C_Init:00000000 $t
C:\Users\ktkuru\AppData\Local\Temp\ccZvz4p7.s:77     .text.I2C_Init:00000000 I2C_Init
C:\Users\ktkuru\AppData\Local\Temp\ccZvz4p7.s:170    .text.I2C_Init:000000cc $d
C:\Users\ktkuru\AppData\Local\Temp\ccZvz4p7.s:175    .text.I2C_StructInit:00000000 $t
C:\Users\ktkuru\AppData\Local\Temp\ccZvz4p7.s:181    .text.I2C_StructInit:00000000 I2C_StructInit
C:\Users\ktkuru\AppData\Local\Temp\ccZvz4p7.s:198    .text.I2C_Cmd:00000000 $t
C:\Users\ktkuru\AppData\Local\Temp\ccZvz4p7.s:204    .text.I2C_Cmd:00000000 I2C_Cmd
C:\Users\ktkuru\AppData\Local\Temp\ccZvz4p7.s:223    .text.I2C_AnalogFilterCmd:00000000 $t
C:\Users\ktkuru\AppData\Local\Temp\ccZvz4p7.s:229    .text.I2C_AnalogFilterCmd:00000000 I2C_AnalogFilterCmd
C:\Users\ktkuru\AppData\Local\Temp\ccZvz4p7.s:248    .text.I2C_DigitalFilterConfig:00000000 $t
C:\Users\ktkuru\AppData\Local\Temp\ccZvz4p7.s:254    .text.I2C_DigitalFilterConfig:00000000 I2C_DigitalFilterConfig
C:\Users\ktkuru\AppData\Local\Temp\ccZvz4p7.s:267    .text.I2C_GenerateSTART:00000000 $t
C:\Users\ktkuru\AppData\Local\Temp\ccZvz4p7.s:273    .text.I2C_GenerateSTART:00000000 I2C_GenerateSTART
C:\Users\ktkuru\AppData\Local\Temp\ccZvz4p7.s:292    .text.I2C_GenerateSTOP:00000000 $t
C:\Users\ktkuru\AppData\Local\Temp\ccZvz4p7.s:298    .text.I2C_GenerateSTOP:00000000 I2C_GenerateSTOP
C:\Users\ktkuru\AppData\Local\Temp\ccZvz4p7.s:317    .text.I2C_Send7bitAddress:00000000 $t
C:\Users\ktkuru\AppData\Local\Temp\ccZvz4p7.s:323    .text.I2C_Send7bitAddress:00000000 I2C_Send7bitAddress
C:\Users\ktkuru\AppData\Local\Temp\ccZvz4p7.s:337    .text.I2C_AcknowledgeConfig:00000000 $t
C:\Users\ktkuru\AppData\Local\Temp\ccZvz4p7.s:343    .text.I2C_AcknowledgeConfig:00000000 I2C_AcknowledgeConfig
C:\Users\ktkuru\AppData\Local\Temp\ccZvz4p7.s:362    .text.I2C_OwnAddress2Config:00000000 $t
C:\Users\ktkuru\AppData\Local\Temp\ccZvz4p7.s:368    .text.I2C_OwnAddress2Config:00000000 I2C_OwnAddress2Config
C:\Users\ktkuru\AppData\Local\Temp\ccZvz4p7.s:381    .text.I2C_DualAddressCmd:00000000 $t
C:\Users\ktkuru\AppData\Local\Temp\ccZvz4p7.s:387    .text.I2C_DualAddressCmd:00000000 I2C_DualAddressCmd
C:\Users\ktkuru\AppData\Local\Temp\ccZvz4p7.s:406    .text.I2C_GeneralCallCmd:00000000 $t
C:\Users\ktkuru\AppData\Local\Temp\ccZvz4p7.s:412    .text.I2C_GeneralCallCmd:00000000 I2C_GeneralCallCmd
C:\Users\ktkuru\AppData\Local\Temp\ccZvz4p7.s:431    .text.I2C_SoftwareResetCmd:00000000 $t
C:\Users\ktkuru\AppData\Local\Temp\ccZvz4p7.s:437    .text.I2C_SoftwareResetCmd:00000000 I2C_SoftwareResetCmd
C:\Users\ktkuru\AppData\Local\Temp\ccZvz4p7.s:455    .text.I2C_StretchClockCmd:00000000 $t
C:\Users\ktkuru\AppData\Local\Temp\ccZvz4p7.s:461    .text.I2C_StretchClockCmd:00000000 I2C_StretchClockCmd
C:\Users\ktkuru\AppData\Local\Temp\ccZvz4p7.s:480    .text.I2C_FastModeDutyCycleConfig:00000000 $t
C:\Users\ktkuru\AppData\Local\Temp\ccZvz4p7.s:486    .text.I2C_FastModeDutyCycleConfig:00000000 I2C_FastModeDutyCycleConfig
C:\Users\ktkuru\AppData\Local\Temp\ccZvz4p7.s:506    .text.I2C_NACKPositionConfig:00000000 $t
C:\Users\ktkuru\AppData\Local\Temp\ccZvz4p7.s:512    .text.I2C_NACKPositionConfig:00000000 I2C_NACKPositionConfig
C:\Users\ktkuru\AppData\Local\Temp\ccZvz4p7.s:532    .text.I2C_SMBusAlertConfig:00000000 $t
C:\Users\ktkuru\AppData\Local\Temp\ccZvz4p7.s:538    .text.I2C_SMBusAlertConfig:00000000 I2C_SMBusAlertConfig
C:\Users\ktkuru\AppData\Local\Temp\ccZvz4p7.s:558    .text.I2C_ARPCmd:00000000 $t
C:\Users\ktkuru\AppData\Local\Temp\ccZvz4p7.s:564    .text.I2C_ARPCmd:00000000 I2C_ARPCmd
C:\Users\ktkuru\AppData\Local\Temp\ccZvz4p7.s:583    .text.I2C_SendData:00000000 $t
C:\Users\ktkuru\AppData\Local\Temp\ccZvz4p7.s:589    .text.I2C_SendData:00000000 I2C_SendData
C:\Users\ktkuru\AppData\Local\Temp\ccZvz4p7.s:597    .text.I2C_ReceiveData:00000000 $t
C:\Users\ktkuru\AppData\Local\Temp\ccZvz4p7.s:603    .text.I2C_ReceiveData:00000000 I2C_ReceiveData
C:\Users\ktkuru\AppData\Local\Temp\ccZvz4p7.s:612    .text.I2C_TransmitPEC:00000000 $t
C:\Users\ktkuru\AppData\Local\Temp\ccZvz4p7.s:618    .text.I2C_TransmitPEC:00000000 I2C_TransmitPEC
C:\Users\ktkuru\AppData\Local\Temp\ccZvz4p7.s:637    .text.I2C_PECPositionConfig:00000000 $t
C:\Users\ktkuru\AppData\Local\Temp\ccZvz4p7.s:643    .text.I2C_PECPositionConfig:00000000 I2C_PECPositionConfig
C:\Users\ktkuru\AppData\Local\Temp\ccZvz4p7.s:663    .text.I2C_CalculatePEC:00000000 $t
C:\Users\ktkuru\AppData\Local\Temp\ccZvz4p7.s:669    .text.I2C_CalculatePEC:00000000 I2C_CalculatePEC
C:\Users\ktkuru\AppData\Local\Temp\ccZvz4p7.s:688    .text.I2C_GetPEC:00000000 $t
C:\Users\ktkuru\AppData\Local\Temp\ccZvz4p7.s:694    .text.I2C_GetPEC:00000000 I2C_GetPEC
C:\Users\ktkuru\AppData\Local\Temp\ccZvz4p7.s:703    .text.I2C_DMACmd:00000000 $t
C:\Users\ktkuru\AppData\Local\Temp\ccZvz4p7.s:709    .text.I2C_DMACmd:00000000 I2C_DMACmd
C:\Users\ktkuru\AppData\Local\Temp\ccZvz4p7.s:728    .text.I2C_DMALastTransferCmd:00000000 $t
ARM GAS  C:\Users\ktkuru\AppData\Local\Temp\ccZvz4p7.s 			page 18


C:\Users\ktkuru\AppData\Local\Temp\ccZvz4p7.s:734    .text.I2C_DMALastTransferCmd:00000000 I2C_DMALastTransferCmd
C:\Users\ktkuru\AppData\Local\Temp\ccZvz4p7.s:753    .text.I2C_ReadRegister:00000000 $t
C:\Users\ktkuru\AppData\Local\Temp\ccZvz4p7.s:759    .text.I2C_ReadRegister:00000000 I2C_ReadRegister
C:\Users\ktkuru\AppData\Local\Temp\ccZvz4p7.s:778    .text.I2C_ITConfig:00000000 $t
C:\Users\ktkuru\AppData\Local\Temp\ccZvz4p7.s:784    .text.I2C_ITConfig:00000000 I2C_ITConfig
C:\Users\ktkuru\AppData\Local\Temp\ccZvz4p7.s:803    .text.I2C_CheckEvent:00000000 $t
C:\Users\ktkuru\AppData\Local\Temp\ccZvz4p7.s:809    .text.I2C_CheckEvent:00000000 I2C_CheckEvent
C:\Users\ktkuru\AppData\Local\Temp\ccZvz4p7.s:827    .text.I2C_GetLastEvent:00000000 $t
C:\Users\ktkuru\AppData\Local\Temp\ccZvz4p7.s:833    .text.I2C_GetLastEvent:00000000 I2C_GetLastEvent
C:\Users\ktkuru\AppData\Local\Temp\ccZvz4p7.s:845    .text.I2C_GetFlagStatus:00000000 $t
C:\Users\ktkuru\AppData\Local\Temp\ccZvz4p7.s:851    .text.I2C_GetFlagStatus:00000000 I2C_GetFlagStatus
C:\Users\ktkuru\AppData\Local\Temp\ccZvz4p7.s:889    .text.I2C_ClearFlag:00000000 $t
C:\Users\ktkuru\AppData\Local\Temp\ccZvz4p7.s:895    .text.I2C_ClearFlag:00000000 I2C_ClearFlag
C:\Users\ktkuru\AppData\Local\Temp\ccZvz4p7.s:906    .text.I2C_GetITStatus:00000000 $t
C:\Users\ktkuru\AppData\Local\Temp\ccZvz4p7.s:912    .text.I2C_GetITStatus:00000000 I2C_GetITStatus
C:\Users\ktkuru\AppData\Local\Temp\ccZvz4p7.s:934    .text.I2C_ClearITPendingBit:00000000 $t
C:\Users\ktkuru\AppData\Local\Temp\ccZvz4p7.s:940    .text.I2C_ClearITPendingBit:00000000 I2C_ClearITPendingBit

UNDEFINED SYMBOLS
RCC_APB1PeriphResetCmd
RCC_GetClocksFreq
