ARM GAS  C:\Users\ktkuru\AppData\Local\Temp\ccUMLlE4.s 			page 1


   1              		.cpu cortex-m4
   2              		.arch armv7e-m
   3              		.fpu fpv4-sp-d16
   4              		.eabi_attribute 27, 1
   5              		.eabi_attribute 28, 1
   6              		.eabi_attribute 20, 1
   7              		.eabi_attribute 21, 1
   8              		.eabi_attribute 23, 3
   9              		.eabi_attribute 24, 1
  10              		.eabi_attribute 25, 1
  11              		.eabi_attribute 26, 1
  12              		.eabi_attribute 30, 1
  13              		.eabi_attribute 34, 1
  14              		.eabi_attribute 18, 4
  15              		.file	"stm32f4xx_syscfg.c"
  16              		.text
  17              		.section	.text.SYSCFG_DeInit,"ax",%progbits
  18              		.align	1
  19              		.global	SYSCFG_DeInit
  20              		.syntax unified
  21              		.thumb
  22              		.thumb_func
  24              	SYSCFG_DeInit:
  25              		@ args = 0, pretend = 0, frame = 0
  26              		@ frame_needed = 0, uses_anonymous_args = 0
  27 0000 08B5     		push	{r3, lr}
  28 0002 0121     		movs	r1, #1
  29 0004 4FF48040 		mov	r0, #16384
  30 0008 FFF7FEFF 		bl	RCC_APB2PeriphResetCmd
  31 000c 0021     		movs	r1, #0
  32 000e 4FF48040 		mov	r0, #16384
  33 0012 FFF7FEFF 		bl	RCC_APB2PeriphResetCmd
  34 0016 08BD     		pop	{r3, pc}
  36              		.section	.text.SYSCFG_MemoryRemapConfig,"ax",%progbits
  37              		.align	1
  38              		.global	SYSCFG_MemoryRemapConfig
  39              		.syntax unified
  40              		.thumb
  41              		.thumb_func
  43              	SYSCFG_MemoryRemapConfig:
  44              		@ args = 0, pretend = 0, frame = 0
  45              		@ frame_needed = 0, uses_anonymous_args = 0
  46              		@ link register save eliminated.
  47 0000 014B     		ldr	r3, .L4
  48 0002 1860     		str	r0, [r3]
  49 0004 7047     		bx	lr
  50              	.L5:
  51 0006 00BF     		.align	2
  52              	.L4:
  53 0008 00380140 		.word	1073821696
  55              		.section	.text.SYSCFG_MemorySwappingBank,"ax",%progbits
  56              		.align	1
  57              		.global	SYSCFG_MemorySwappingBank
  58              		.syntax unified
  59              		.thumb
  60              		.thumb_func
  62              	SYSCFG_MemorySwappingBank:
ARM GAS  C:\Users\ktkuru\AppData\Local\Temp\ccUMLlE4.s 			page 2


  63              		@ args = 0, pretend = 0, frame = 0
  64              		@ frame_needed = 0, uses_anonymous_args = 0
  65              		@ link register save eliminated.
  66 0000 014B     		ldr	r3, .L7
  67 0002 1862     		str	r0, [r3, #32]
  68 0004 7047     		bx	lr
  69              	.L8:
  70 0006 00BF     		.align	2
  71              	.L7:
  72 0008 00002742 		.word	1109852160
  74              		.section	.text.SYSCFG_EXTILineConfig,"ax",%progbits
  75              		.align	1
  76              		.global	SYSCFG_EXTILineConfig
  77              		.syntax unified
  78              		.thumb
  79              		.thumb_func
  81              	SYSCFG_EXTILineConfig:
  82              		@ args = 0, pretend = 0, frame = 0
  83              		@ frame_needed = 0, uses_anonymous_args = 0
  84              		@ link register save eliminated.
  85 0000 10B4     		push	{r4}
  86 0002 01F00302 		and	r2, r1, #3
  87 0006 9200     		lsls	r2, r2, #2
  88 0008 4FF00F0C 		mov	ip, #15
  89 000c 0CFA02FC 		lsl	ip, ip, r2
  90 0010 8908     		lsrs	r1, r1, #2
  91 0012 084B     		ldr	r3, .L11
  92 0014 0231     		adds	r1, r1, #2
  93 0016 53F82140 		ldr	r4, [r3, r1, lsl #2]
  94 001a 24EA0C04 		bic	r4, r4, ip
  95 001e 43F82140 		str	r4, [r3, r1, lsl #2]
  96 0022 53F82140 		ldr	r4, [r3, r1, lsl #2]
  97 0026 9040     		lsls	r0, r0, r2
  98 0028 0443     		orrs	r4, r4, r0
  99 002a 43F82140 		str	r4, [r3, r1, lsl #2]
 100 002e 5DF8044B 		ldr	r4, [sp], #4
 101 0032 7047     		bx	lr
 102              	.L12:
 103              		.align	2
 104              	.L11:
 105 0034 00380140 		.word	1073821696
 107              		.section	.text.SYSCFG_ETH_MediaInterfaceConfig,"ax",%progbits
 108              		.align	1
 109              		.global	SYSCFG_ETH_MediaInterfaceConfig
 110              		.syntax unified
 111              		.thumb
 112              		.thumb_func
 114              	SYSCFG_ETH_MediaInterfaceConfig:
 115              		@ args = 0, pretend = 0, frame = 0
 116              		@ frame_needed = 0, uses_anonymous_args = 0
 117              		@ link register save eliminated.
 118 0000 014B     		ldr	r3, .L14
 119 0002 C3F8DC00 		str	r0, [r3, #220]
 120 0006 7047     		bx	lr
 121              	.L15:
 122              		.align	2
 123              	.L14:
ARM GAS  C:\Users\ktkuru\AppData\Local\Temp\ccUMLlE4.s 			page 3


 124 0008 00002742 		.word	1109852160
 126              		.section	.text.SYSCFG_CompensationCellCmd,"ax",%progbits
 127              		.align	1
 128              		.global	SYSCFG_CompensationCellCmd
 129              		.syntax unified
 130              		.thumb
 131              		.thumb_func
 133              	SYSCFG_CompensationCellCmd:
 134              		@ args = 0, pretend = 0, frame = 0
 135              		@ frame_needed = 0, uses_anonymous_args = 0
 136              		@ link register save eliminated.
 137 0000 014B     		ldr	r3, .L17
 138 0002 C3F80004 		str	r0, [r3, #1024]
 139 0006 7047     		bx	lr
 140              	.L18:
 141              		.align	2
 142              	.L17:
 143 0008 00002742 		.word	1109852160
 145              		.section	.text.SYSCFG_GetCompensationCellStatus,"ax",%progbits
 146              		.align	1
 147              		.global	SYSCFG_GetCompensationCellStatus
 148              		.syntax unified
 149              		.thumb
 150              		.thumb_func
 152              	SYSCFG_GetCompensationCellStatus:
 153              		@ args = 0, pretend = 0, frame = 0
 154              		@ frame_needed = 0, uses_anonymous_args = 0
 155              		@ link register save eliminated.
 156 0000 044B     		ldr	r3, .L22
 157 0002 1B6A     		ldr	r3, [r3, #32]
 158 0004 13F4807F 		tst	r3, #256
 159 0008 01D0     		beq	.L21
 160 000a 0120     		movs	r0, #1
 161 000c 7047     		bx	lr
 162              	.L21:
 163 000e 0020     		movs	r0, #0
 164 0010 7047     		bx	lr
 165              	.L23:
 166 0012 00BF     		.align	2
 167              	.L22:
 168 0014 00380140 		.word	1073821696
 170              		.ident	"GCC: (Arm GNU Toolchain 13.3.Rel1 (Build arm-13.24)) 13.3.1 20240614"
ARM GAS  C:\Users\ktkuru\AppData\Local\Temp\ccUMLlE4.s 			page 4


DEFINED SYMBOLS
                            *ABS*:00000000 stm32f4xx_syscfg.c
C:\Users\ktkuru\AppData\Local\Temp\ccUMLlE4.s:18     .text.SYSCFG_DeInit:00000000 $t
C:\Users\ktkuru\AppData\Local\Temp\ccUMLlE4.s:24     .text.SYSCFG_DeInit:00000000 SYSCFG_DeInit
C:\Users\ktkuru\AppData\Local\Temp\ccUMLlE4.s:37     .text.SYSCFG_MemoryRemapConfig:00000000 $t
C:\Users\ktkuru\AppData\Local\Temp\ccUMLlE4.s:43     .text.SYSCFG_MemoryRemapConfig:00000000 SYSCFG_MemoryRemapConfig
C:\Users\ktkuru\AppData\Local\Temp\ccUMLlE4.s:53     .text.SYSCFG_MemoryRemapConfig:00000008 $d
C:\Users\ktkuru\AppData\Local\Temp\ccUMLlE4.s:56     .text.SYSCFG_MemorySwappingBank:00000000 $t
C:\Users\ktkuru\AppData\Local\Temp\ccUMLlE4.s:62     .text.SYSCFG_MemorySwappingBank:00000000 SYSCFG_MemorySwappingBank
C:\Users\ktkuru\AppData\Local\Temp\ccUMLlE4.s:72     .text.SYSCFG_MemorySwappingBank:00000008 $d
C:\Users\ktkuru\AppData\Local\Temp\ccUMLlE4.s:75     .text.SYSCFG_EXTILineConfig:00000000 $t
C:\Users\ktkuru\AppData\Local\Temp\ccUMLlE4.s:81     .text.SYSCFG_EXTILineConfig:00000000 SYSCFG_EXTILineConfig
C:\Users\ktkuru\AppData\Local\Temp\ccUMLlE4.s:105    .text.SYSCFG_EXTILineConfig:00000034 $d
C:\Users\ktkuru\AppData\Local\Temp\ccUMLlE4.s:108    .text.SYSCFG_ETH_MediaInterfaceConfig:00000000 $t
C:\Users\ktkuru\AppData\Local\Temp\ccUMLlE4.s:114    .text.SYSCFG_ETH_MediaInterfaceConfig:00000000 SYSCFG_ETH_MediaInterfaceConfig
C:\Users\ktkuru\AppData\Local\Temp\ccUMLlE4.s:124    .text.SYSCFG_ETH_MediaInterfaceConfig:00000008 $d
C:\Users\ktkuru\AppData\Local\Temp\ccUMLlE4.s:127    .text.SYSCFG_CompensationCellCmd:00000000 $t
C:\Users\ktkuru\AppData\Local\Temp\ccUMLlE4.s:133    .text.SYSCFG_CompensationCellCmd:00000000 SYSCFG_CompensationCellCmd
C:\Users\ktkuru\AppData\Local\Temp\ccUMLlE4.s:143    .text.SYSCFG_CompensationCellCmd:00000008 $d
C:\Users\ktkuru\AppData\Local\Temp\ccUMLlE4.s:146    .text.SYSCFG_GetCompensationCellStatus:00000000 $t
C:\Users\ktkuru\AppData\Local\Temp\ccUMLlE4.s:152    .text.SYSCFG_GetCompensationCellStatus:00000000 SYSCFG_GetCompensationCellStatus
C:\Users\ktkuru\AppData\Local\Temp\ccUMLlE4.s:168    .text.SYSCFG_GetCompensationCellStatus:00000014 $d

UNDEFINED SYMBOLS
RCC_APB2PeriphResetCmd
